# LinxCore instruction trace
# input_jsonl: /Users/zhoubot/LinxCore/tests/benchmarks_latest_llvm_musl/verify/coremark/dut_trace.jsonl
# disasm_elf: /Users/zhoubot/LinxCore/tests/benchmarks_latest_llvm_musl/elf/coremark/coremark.elf

seq=00000000 | cyc=0 | pc=0x0000000000012490 | insn=0x800 | len=2 | next=0x0000000000012492 | op=OP_UNKNOWN | uid=0x8 | parent=0x0 | src0=- | src1=- | dst=- | wb=- | mem=- | trap=- | asm=C.BSTART.STD
seq=00000001 | cyc=1 | pc=0x0000000000012492 | insn=0x1046 | len=2 | next=0x0000000000012494 | op=OP_UNKNOWN | uid=0x9 | parent=0x0 | src0=r1=0x0000000007fefff0 | src1=- | dst=r2=0x0000000007fefff0 | wb=r2=0x0000000007fefff0 | mem=- | trap=- | asm=c.movr sp, ->a0
seq=00000002 | cyc=2 | pc=0x0000000000012494 | insn=0xfffee187 | len=4 | next=0x0000000000012498 | op=OP_UNKNOWN | uid=0xa | parent=0x0 | src0=- | src1=- | dst=r3=0x0000000000000000 | wb=r3=0x0000000000000000 | mem=- | trap=- | asm=addtpc 1048558, ->a1
seq=00000003 | cyc=3 | pc=0x0000000000012498 | insn=0x18195 | len=4 | next=0x000000000001249c | op=OP_UNKNOWN | uid=0x10 | parent=0x0 | src0=r3=0x0000000000000000 | src1=- | dst=r3=0x0000000000000000 | wb=r3=0x0000000000000000 | mem=- | trap=- | asm=addi a1, 0, ->a1
seq=00000004 | cyc=4 | pc=0x000000000001249c | insn=0x3c001000e | len=6 | next=0x000000000001249c | op=OP_UNKNOWN | uid=0x18 | parent=0x0 | src0=- | src1=- | dst=- | wb=- | mem=- | trap=- | asm=HL.BSTART.STD CALL, 0x124aa, ra=.Ltmp0
seq=00000005 | cyc=5 | pc=0x000000000001249c | insn=0x3c001000e | len=6 | next=0x00000000000124a2 | op=OP_UNKNOWN | uid=0x30 | parent=0x0 | src0=- | src1=- | dst=- | wb=- | mem=- | trap=- | asm=HL.BSTART.STD CALL, 0x124aa, ra=.Ltmp0
seq=00000006 | cyc=6 | pc=0x00000000000124a2 | insn=0x5096 | len=2 | next=0x00000000000124a4 | op=OP_UNKNOWN | uid=0x31 | parent=0x0 | src0=- | src1=- | dst=r10=0x00000000000124a6 | wb=r10=0x00000000000124a6 | mem=- | trap=-
seq=00000007 | cyc=7 | pc=0x00000000000124a4 | insn=0x0 | len=2 | next=0x00000000000124aa | op=OP_UNKNOWN | uid=0x38 | parent=0x0 | src0=- | src1=- | dst=- | wb=- | mem=- | trap=- | asm=C.BSTOP
seq=00000008 | cyc=8 | pc=0x00000000000124aa | insn=0x4a50041 | len=4 | next=0x00000000000124aa | op=OP_UNKNOWN | uid=0x7c | parent=0x50 | src0=r1=0x0000000007fefff0 | src1=- | dst=r1=0x0000000007feffe0 | wb=r1=0x0000000007feffe0 | mem=- | trap=- | asm=FENTRY [ra ~ ra], sp!, 16
seq=00000009 | cyc=9 | pc=0x00000000000124aa | insn=0x4a50041 | len=4 | next=0x00000000000124ae | op=OP_UNKNOWN | uid=0x8c | parent=0x50 | src0=r10=0x00000000000124a6 | src1=- | dst=- | wb=- | mem=ST8@0x0000000007feffe8=0x00000000000124a6 | trap=- | asm=FENTRY [ra ~ ra], sp!, 16
seq=00000010 | cyc=10 | pc=0x00000000000124ae | insn=0xc70c001000e | len=6 | next=0x00000000000124b4 | op=OP_UNKNOWN | uid=0x58 | parent=0x0 | src0=- | src1=- | dst=- | wb=- | mem=- | trap=- | asm=HL.BSTART.STD CALL, 0x15670, ra=.LBB0_1
seq=00000011 | cyc=11 | pc=0x00000000000124b4 | insn=0x5616 | len=2 | next=0x00000000000124b6 | op=OP_UNKNOWN | uid=0x59 | parent=0x0 | src0=- | src1=- | dst=r10=0x00000000000124e4 | wb=r10=0x00000000000124e4 | mem=- | trap=-
seq=00000012 | cyc=12 | pc=0x00000000000124b6 | insn=0x9187 | len=4 | next=0x00000000000124ba | op=OP_UNKNOWN | uid=0x60 | parent=0x0 | src0=- | src1=- | dst=r3=0x000000000001b000 | wb=r3=0x000000000001b000 | mem=- | trap=- | asm=addtpc 9, ->a1
seq=00000013 | cyc=13 | pc=0x00000000000124ba | insn=0xe6818295 | len=4 | next=0x00000000000124be | op=OP_UNKNOWN | uid=0x61 | parent=0x0 | src0=r3=0x000000000001b000 | src1=- | dst=r5=0x000000000001be68 | wb=r5=0x000000000001be68 | mem=- | trap=- | asm=addi a1, 3688, ->a3
seq=00000014 | cyc=14 | pc=0x00000000000124be | insn=0x13199 | len=4 | next=0x00000000000124c2 | op=OP_UNKNOWN | uid=0x68 | parent=0x0 | src0=r2=0x0000000007fefff0 | src1=- | dst=r3=0x0000000000000000 | wb=r3=0x0000000000000000 | mem=LD8@0x0000000007fefff0=>0x0000000000000000 | trap=- | asm=ldi [a0, 0], ->a1
seq=00000015 | cyc=15 | pc=0x00000000000124c2 | insn=0x810215 | len=4 | next=0x00000000000124c6 | op=OP_UNKNOWN | uid=0x69 | parent=0x0 | src0=r2=0x0000000007fefff0 | src1=- | dst=r4=0x0000000007fefff8 | wb=r4=0x0000000007fefff8 | mem=- | trap=- | asm=addi a0, 8, ->a2
seq=00000016 | cyc=16 | pc=0x00000000000124c6 | insn=0x2b119 | len=4 | next=0x00000000000124ca | op=OP_UNKNOWN | uid=0x70 | parent=0x0 | src0=r5=0x000000000001be68 | src1=- | dst=r2=0x0000000000013072 | wb=r2=0x0000000000013072 | mem=LD8@0x000000000001be68=>0x0000000000013072 | trap=- | asm=ldi [a3, 0], ->a0
seq=00000017 | cyc=17 | pc=0x00000000000124ca | insn=0x9287 | len=4 | next=0x00000000000124ce | op=OP_UNKNOWN | uid=0x71 | parent=0x0 | src0=- | src1=- | dst=r5=0x000000000001b000 | wb=r5=0x000000000001b000 | mem=- | trap=- | asm=addtpc 9, ->a3
seq=00000018 | cyc=18 | pc=0x00000000000124ce | insn=0xe7028295 | len=4 | next=0x00000000000124d2 | op=OP_UNKNOWN | uid=0x80 | parent=0x0 | src0=r5=0x000000000001b000 | src1=- | dst=r5=0x000000000001be70 | wb=r5=0x000000000001be70 | mem=- | trap=- | asm=addi a3, 3696, ->a3
seq=00000019 | cyc=19 | pc=0x00000000000124d2 | insn=0x2b299 | len=4 | next=0x00000000000124d6 | op=OP_UNKNOWN | uid=0x81 | parent=0x0 | src0=r5=0x000000000001be70 | src1=- | dst=r5=0x00000000000153c8 | wb=r5=0x00000000000153c8 | mem=LD8@0x000000000001be70=>0x00000000000153c8 | trap=- | asm=ldi [a3, 0], ->a3
seq=00000020 | cyc=20 | pc=0x00000000000124d6 | insn=0x9307 | len=4 | next=0x00000000000124da | op=OP_UNKNOWN | uid=0x90 | parent=0x0 | src0=- | src1=- | dst=r6=0x000000000001b000 | wb=r6=0x000000000001b000 | mem=- | trap=- | asm=addtpc 9, ->a4
seq=00000021 | cyc=21 | pc=0x00000000000124da | insn=0xe7830315 | len=4 | next=0x00000000000124de | op=OP_UNKNOWN | uid=0x91 | parent=0x0 | src0=r6=0x000000000001b000 | src1=- | dst=r6=0x000000000001be78 | wb=r6=0x000000000001be78 | mem=- | trap=- | asm=addi a4, 3704, ->a4
seq=00000022 | cyc=22 | pc=0x00000000000124de | insn=0x33319 | len=4 | next=0x00000000000124e2 | op=OP_UNKNOWN | uid=0x98 | parent=0x0 | src0=r6=0x000000000001be78 | src1=- | dst=r6=0x0000000000000000 | wb=r6=0x0000000000000000 | mem=LD8@0x000000000001be78=>0x0000000000000000 | trap=- | asm=ldi [a4, 0], ->a4
seq=00000023 | cyc=23 | pc=0x00000000000124e2 | insn=0x3806 | len=2 | next=0x00000000000124e4 | op=OP_UNKNOWN | uid=0x99 | parent=0x0 | src0=r0=0x0000000000000000 | src1=- | dst=r7=0x0000000000000000 | wb=r7=0x0000000000000000 | mem=- | trap=- | asm=c.movr zero, ->a5
seq=00000024 | cyc=24 | pc=0x0000000000015670 | insn=0xcd50041 | len=4 | next=0x0000000000015670 | op=OP_UNKNOWN | uid=0x10c | parent=0xe0 | src0=r1=0x0000000007feffe0 | src1=- | dst=r1=0x0000000007feffb0 | wb=r1=0x0000000007feffb0 | mem=- | trap=- | asm=FENTRY [ra ~ s2], sp!, 48
seq=00000025 | cyc=25 | pc=0x0000000000015670 | insn=0xcd50041 | len=4 | next=0x0000000000015670 | op=OP_UNKNOWN | uid=0x11c | parent=0xe0 | src0=r10=0x00000000000124e4 | src1=- | dst=- | wb=- | mem=ST8@0x0000000007feffd8=0x00000000000124e4 | trap=- | asm=FENTRY [ra ~ s2], sp!, 48
seq=00000026 | cyc=26 | pc=0x0000000000015670 | insn=0xcd50041 | len=4 | next=0x0000000000015670 | op=OP_UNKNOWN | uid=0x12c | parent=0xe0 | src0=r11=0x0000000000000000 | src1=- | dst=- | wb=- | mem=ST8@0x0000000007feffd0=0x0000000000000000 | trap=- | asm=FENTRY [ra ~ s2], sp!, 48
seq=00000027 | cyc=27 | pc=0x0000000000015670 | insn=0xcd50041 | len=4 | next=0x0000000000015670 | op=OP_UNKNOWN | uid=0x13c | parent=0xe0 | src0=r12=0x0000000000000000 | src1=- | dst=- | wb=- | mem=ST8@0x0000000007feffc8=0x0000000000000000 | trap=- | asm=FENTRY [ra ~ s2], sp!, 48
seq=00000028 | cyc=28 | pc=0x0000000000015670 | insn=0xcd50041 | len=4 | next=0x0000000000015674 | op=OP_UNKNOWN | uid=0x14c | parent=0xe0 | src0=r13=0x0000000000000000 | src1=- | dst=- | wb=- | mem=ST8@0x0000000007feffc0=0x0000000000000000 | trap=- | asm=FENTRY [ra ~ s2], sp!, 48
seq=00000029 | cyc=29 | pc=0x0000000000015674 | insn=0xff594001fffe | len=6 | next=0x000000000001567a | op=OP_UNKNOWN | uid=0xe8 | parent=0x0 | src0=- | src1=- | dst=- | wb=- | mem=- | trap=- | asm=HL.BSTART.STD CALL, 0x153d8, ra=.LBB4_1
seq=00000030 | cyc=30 | pc=0x000000000001567a | insn=0x5396 | len=2 | next=0x000000000001567c | op=OP_UNKNOWN | uid=0xe9 | parent=0x0 | src0=- | src1=- | dst=r10=0x0000000000015696 | wb=r10=0x0000000000015696 | mem=- | trap=-
seq=00000031 | cyc=31 | pc=0x000000000001567c | insn=0x5906 | len=2 | next=0x000000000001567e | op=OP_UNKNOWN | uid=0xf0 | parent=0x0 | src0=r4=0x0000000007fefff8 | src1=- | dst=r11=0x0000000007fefff8 | wb=r11=0x0000000007fefff8 | mem=- | trap=- | asm=c.movr a2, ->s0
seq=00000032 | cyc=32 | pc=0x000000000001567e | insn=0x60c6 | len=2 | next=0x0000000000015680 | op=OP_UNKNOWN | uid=0xf1 | parent=0x0 | src0=r3=0x0000000000000000 | src1=- | dst=r12=0x0000000000000000 | wb=r12=0x0000000000000000 | mem=- | trap=- | asm=c.movr a1, ->s1
seq=00000033 | cyc=33 | pc=0x0000000000015680 | insn=0x6886 | len=2 | next=0x0000000000015682 | op=OP_UNKNOWN | uid=0xf2 | parent=0x0 | src0=r2=0x0000000000013072 | src1=- | dst=r13=0x0000000000013072 | wb=r13=0x0000000000013072 | mem=- | trap=- | asm=c.movr a0, ->s2
seq=00000034 | cyc=34 | pc=0x0000000000015682 | insn=0x6060125 | len=4 | next=0x0000000000015686 | op=OP_UNKNOWN | uid=0xf8 | parent=0x0 | src0=r12=0x0000000000000000 | src1=r0=0x0000000000000000 | dst=r2=0x0000000000000000 | wb=r2=0x0000000000000000 | mem=- | trap=- | asm=addw s1, zero, ->a0
seq=00000035 | cyc=35 | pc=0x0000000000015686 | insn=0x317115 | len=4 | next=0x000000000001568a | op=OP_UNKNOWN | uid=0xf9 | parent=0x0 | src0=r2=0x0000000000000000 | src1=- | dst=r2=0x0000000000000000 | wb=r2=0x0000000000000000 | mem=- | trap=- | asm=slli a0, 3, ->a0
seq=00000036 | cyc=36 | pc=0x000000000001568a | insn=0x6258105 | len=4 | next=0x000000000001568e | op=OP_UNKNOWN | uid=0x100 | parent=0x0 | src0=r11=0x0000000007fefff8 | src1=r2=0x0000000000000000 | dst=r2=0x0000000007fefff8 | wb=r2=0x0000000007fefff8 | mem=- | trap=- | asm=s0, a0, ->a0
seq=00000037 | cyc=37 | pc=0x000000000001568e | insn=0x810115 | len=4 | next=0x0000000000015692 | op=OP_UNKNOWN | uid=0x101 | parent=0x0 | src0=r2=0x0000000007fefff8 | src1=- | dst=r2=0x0000000007ff0000 | wb=r2=0x0000000007ff0000 | mem=- | trap=- | asm=addi a0, 8, ->a0
seq=00000038 | cyc=38 | pc=0x0000000000015692 | insn=0x5b199 | len=4 | next=0x0000000000015696 | op=OP_UNKNOWN | uid=0x110 | parent=0x0 | src0=r11=0x0000000007fefff8 | src1=- | dst=r3=0x0000000000000000 | wb=r3=0x0000000000000000 | mem=LD8@0x0000000007fefff8=>0x0000000000000000 | trap=- | asm=ldi [s0, 0], ->a1
seq=00000039 | cyc=39 | pc=0x0000000000015696 | insn=0x3000 | len=2 | next=0x00000000000153d8 | op=OP_UNKNOWN | uid=0x111 | parent=0x0 | src0=- | src1=- | dst=- | wb=- | mem=- | trap=- | asm=C.BSTART.STD ICALL
seq=00000040 | cyc=40 | pc=0x00000000000153d8 | insn=0x6d250041 | len=4 | next=0x00000000000153d8 | op=OP_UNKNOWN | uid=0x1b4 | parent=0x188 | src0=r1=0x0000000007feffb0 | src1=- | dst=r1=0x0000000007fefe00 | wb=r1=0x0000000007fefe00 | mem=- | trap=- | asm=FENTRY [ra ~ s7], sp!, 432
seq=00000041 | cyc=41 | pc=0x00000000000153d8 | insn=0x6d250041 | len=4 | next=0x00000000000153d8 | op=OP_UNKNOWN | uid=0x1c4 | parent=0x188 | src0=r10=0x0000000000015696 | src1=- | dst=- | wb=- | mem=ST8@0x0000000007feffa8=0x0000000000015696 | trap=- | asm=FENTRY [ra ~ s7], sp!, 432
seq=00000042 | cyc=42 | pc=0x00000000000153d8 | insn=0x6d250041 | len=4 | next=0x00000000000153d8 | op=OP_UNKNOWN | uid=0x1d4 | parent=0x188 | src0=r11=0x0000000007fefff8 | src1=- | dst=- | wb=- | mem=ST8@0x0000000007feffa0=0x0000000007fefff8 | trap=- | asm=FENTRY [ra ~ s7], sp!, 432
seq=00000043 | cyc=43 | pc=0x00000000000153d8 | insn=0x6d250041 | len=4 | next=0x00000000000153d8 | op=OP_UNKNOWN | uid=0x1e4 | parent=0x188 | src0=r12=0x0000000000000000 | src1=- | dst=- | wb=- | mem=ST8@0x0000000007feff98=0x0000000000000000 | trap=- | asm=FENTRY [ra ~ s7], sp!, 432
seq=00000044 | cyc=44 | pc=0x00000000000153d8 | insn=0x6d250041 | len=4 | next=0x00000000000153d8 | op=OP_UNKNOWN | uid=0x1f4 | parent=0x188 | src0=r13=0x0000000000013072 | src1=- | dst=- | wb=- | mem=ST8@0x0000000007feff90=0x0000000000013072 | trap=- | asm=FENTRY [ra ~ s7], sp!, 432
seq=00000045 | cyc=45 | pc=0x00000000000153d8 | insn=0x6d250041 | len=4 | next=0x00000000000153d8 | op=OP_UNKNOWN | uid=0x204 | parent=0x188 | src0=r14=0x0000000000000000 | src1=- | dst=- | wb=- | mem=ST8@0x0000000007feff88=0x0000000000000000 | trap=- | asm=FENTRY [ra ~ s7], sp!, 432
seq=00000046 | cyc=46 | pc=0x00000000000153d8 | insn=0x6d250041 | len=4 | next=0x00000000000153d8 | op=OP_UNKNOWN | uid=0x20c | parent=0x188 | src0=r15=0x0000000000000000 | src1=- | dst=- | wb=- | mem=ST8@0x0000000007feff80=0x0000000000000000 | trap=- | asm=FENTRY [ra ~ s7], sp!, 432
seq=00000047 | cyc=47 | pc=0x00000000000153d8 | insn=0x6d250041 | len=4 | next=0x00000000000153d8 | op=OP_UNKNOWN | uid=0x214 | parent=0x188 | src0=r16=0x0000000000000000 | src1=- | dst=- | wb=- | mem=ST8@0x0000000007feff78=0x0000000000000000 | trap=- | asm=FENTRY [ra ~ s7], sp!, 432
seq=00000048 | cyc=48 | pc=0x00000000000153d8 | insn=0x6d250041 | len=4 | next=0x00000000000153d8 | op=OP_UNKNOWN | uid=0x21c | parent=0x188 | src0=r17=0x0000000000000000 | src1=- | dst=- | wb=- | mem=ST8@0x0000000007feff70=0x0000000000000000 | trap=- | asm=FENTRY [ra ~ s7], sp!, 432
seq=00000049 | cyc=49 | pc=0x00000000000153d8 | insn=0x6d250041 | len=4 | next=0x00000000000153dc | op=OP_UNKNOWN | uid=0x224 | parent=0x188 | src0=r18=0x0000000000000000 | src1=- | dst=- | wb=- | mem=ST8@0x0000000007feff68=0x0000000000000000 | trap=- | asm=FENTRY [ra ~ s7], sp!, 432
seq=00000050 | cyc=50 | pc=0x00000000000153dc | insn=0x13dc4001000e | len=6 | next=0x00000000000153e2 | op=OP_UNKNOWN | uid=0x190 | parent=0x0 | src0=- | src1=- | dst=- | wb=- | mem=- | trap=- | asm=HL.BSTART.STD CALL, 0x1a34c, ra=.LBB2_29
seq=00000051 | cyc=51 | pc=0x00000000000153e2 | insn=0x5256 | len=2 | next=0x00000000000153e4 | op=OP_UNKNOWN | uid=0x191 | parent=0x0 | src0=- | src1=- | dst=r10=0x00000000000153f4 | wb=r10=0x00000000000153f4 | mem=- | trap=-
seq=00000052 | cyc=52 | pc=0x00000000000153e4 | insn=0x60c6 | len=2 | next=0x00000000000153e6 | op=OP_UNKNOWN | uid=0x198 | parent=0x0 | src0=r3=0x0000000000000000 | src1=- | dst=r12=0x0000000000000000 | wb=r12=0x0000000000000000 | mem=- | trap=- | asm=c.movr a1, ->s1
seq=00000053 | cyc=53 | pc=0x00000000000153e6 | insn=0x6886 | len=2 | next=0x00000000000153e8 | op=OP_UNKNOWN | uid=0x199 | parent=0x0 | src0=r2=0x0000000007ff0000 | src1=- | dst=r13=0x0000000007ff0000 | wb=r13=0x0000000007ff0000 | mem=- | trap=- | asm=c.movr a0, ->s2
seq=00000054 | cyc=54 | pc=0x00000000000153e8 | insn=0x3808115 | len=4 | next=0x00000000000153ec | op=OP_UNKNOWN | uid=0x19a | parent=0x0 | src0=r1=0x0000000007fefe00 | src1=- | dst=r2=0x0000000007fefe38 | wb=r2=0x0000000007fefe38 | mem=- | trap=- | asm=addi sp, 56, ->a0
seq=00000055 | cyc=55 | pc=0x00000000000153ec | insn=0x5806 | len=2 | next=0x00000000000153ee | op=OP_UNKNOWN | uid=0x1a0 | parent=0x0 | src0=r0=0x0000000000000000 | src1=- | dst=r11=0x0000000000000000 | wb=r11=0x0000000000000000 | mem=- | trap=- | asm=c.movr zero, ->s0
seq=00000056 | cyc=56 | pc=0x00000000000153ee | insn=0x13000215 | len=4 | next=0x00000000000153f2 | op=OP_UNKNOWN | uid=0x1a1 | parent=0x0 | src0=r0=0x0000000000000000 | src1=- | dst=r4=0x0000000000000130 | wb=r4=0x0000000000000130 | mem=- | trap=- | asm=addi zero, 304, ->a2
seq=00000057 | cyc=57 | pc=0x00000000000153f2 | insn=0x1ac6 | len=2 | next=0x00000000000153f4 | op=OP_UNKNOWN | uid=0x1a2 | parent=0x0 | src0=r11=0x0000000000000000 | src1=- | dst=r3=0x0000000000000000 | wb=r3=0x0000000000000000 | mem=- | trap=- | asm=c.movr s0, ->a1
seq=00000058 | cyc=58 | pc=0x00000000000153f4 | insn=0x800 | len=2 | next=0x000000000001a34c | op=OP_UNKNOWN | uid=0x1a8 | parent=0x0 | src0=- | src1=- | dst=- | wb=- | mem=- | trap=- | asm=C.BSTART.STD
seq=00000059 | cyc=59 | pc=0x000000000001a34c | insn=0x2a50041 | len=4 | next=0x000000000001a34c | op=OP_UNKNOWN | uid=0x274 | parent=0x248 | src0=r1=0x0000000007fefe00 | src1=- | dst=r1=0x0000000007fefdf8 | wb=r1=0x0000000007fefdf8 | mem=- | trap=- | asm=FENTRY [ra ~ ra], sp!, 8
seq=00000060 | cyc=60 | pc=0x000000000001a34c | insn=0x2a50041 | len=4 | next=0x000000000001a350 | op=OP_UNKNOWN | uid=0x284 | parent=0x248 | src0=r10=0x00000000000153f4 | src1=- | dst=- | wb=- | mem=ST8@0x0000000007fefdf8=0x00000000000153f4 | trap=- | asm=FENTRY [ra ~ ra], sp!, 8
seq=00000061 | cyc=61 | pc=0x000000000001a350 | insn=0x824 | len=2 | next=0x000000000001a352 | op=OP_UNKNOWN | uid=0x250 | parent=0x0 | src0=- | src1=- | dst=- | wb=- | mem=- | trap=- | asm=C.BSTART COND, 0x1a454
seq=00000062 | cyc=62 | pc=0x000000000001a352 | insn=0x3006 | len=2 | next=0x000000000001a354 | op=OP_UNKNOWN | uid=0x251 | parent=0x0 | src0=r0=0x0000000000000000 | src1=- | dst=r6=0x0000000000000000 | wb=r6=0x0000000000000000 | mem=- | trap=- | asm=c.movr zero, ->a4
seq=00000063 | cyc=63 | pc=0x000000000001a354 | insn=0x3126 | len=2 | next=0x000000000001a356 | op=OP_UNKNOWN | uid=0x252 | parent=0x0 | src0=r4=0x0000000000000130 | src1=r6=0x0000000000000000 | dst=- | wb=- | mem=- | trap=- | asm=c.setc.eq a2, a4
seq=00000064 | cyc=64 | pc=0x000000000001a356 | insn=0x7f4 | len=2 | next=0x000000000001a356 | op=OP_UNKNOWN | uid=0x253 | parent=0x0 | src0=- | src1=- | dst=- | wb=- | mem=- | trap=- | asm=C.BSTART COND, 0x1a454
seq=00000065 | cyc=65 | pc=0x000000000001a356 | insn=0x7f4 | len=2 | next=0x000000000001a358 | op=OP_UNKNOWN | uid=0x2a0 | parent=0x0 | src0=- | src1=- | dst=- | wb=- | mem=- | trap=- | asm=C.BSTART COND, 0x1a454
seq=00000066 | cyc=66 | pc=0x000000000001a358 | insn=0x218059 | len=4 | next=0x000000000001a35c | op=OP_UNKNOWN | uid=0x2a1 | parent=0x0 | src0=r3=0x0000000000000000 | src1=r2=0x0000000007fefe38 | dst=- | wb=- | mem=ST1@0x0000000007fefe38=0x0000000000000000 | trap=- | asm=sbi a1, [a0, 0]
seq=00000067 | cyc=67 | pc=0x000000000001a35c | insn=0x6410285 | len=4 | next=0x000000000001a360 | op=OP_UNKNOWN | uid=0x2a8 | parent=0x0 | src0=r2=0x0000000007fefe38 | src1=r4=0x0000000000000130 | dst=r5=0x0000000007feff68 | wb=r5=0x0000000007feff68 | mem=- | trap=- | asm=a0, a2, ->a3
seq=00000068 | cyc=68 | pc=0x000000000001a360 | insn=0xfe518fd9 | len=4 | next=0x000000000001a364 | op=OP_UNKNOWN | uid=0x2a9 | parent=0x0 | src0=r3=0x0000000000000000 | src1=r5=0x0000000007feff68 | dst=- | wb=- | mem=ST1@0x0000000007feff67=0x0000000000000000 | trap=- | asm=sbi a1, [a3, -1]
seq=00000069 | cyc=69 | pc=0x000000000001a364 | insn=0x326075 | len=4 | next=0x000000000001a368 | op=OP_UNKNOWN | uid=0x2b0 | parent=0x0 | src0=r4=0x0000000000000130 | src1=- | dst=- | wb=- | mem=- | trap=- | asm=setc.ltui a2, 3
seq=00000070 | cyc=70 | pc=0x000000000001a368 | insn=0x764 | len=2 | next=0x000000000001a368 | op=OP_UNKNOWN | uid=0x2b1 | parent=0x0 | src0=- | src1=- | dst=- | wb=- | mem=- | trap=- | asm=C.BSTART COND, 0x1a454
seq=00000071 | cyc=71 | pc=0x000000000001a368 | insn=0x764 | len=2 | next=0x000000000001a36a | op=OP_UNKNOWN | uid=0x2d0 | parent=0x0 | src0=- | src1=- | dst=- | wb=- | mem=- | trap=- | asm=C.BSTART COND, 0x1a454
seq=00000072 | cyc=72 | pc=0x000000000001a36a | insn=0x4218059 | len=4 | next=0x000000000001a36e | op=OP_UNKNOWN | uid=0x2d1 | parent=0x0 | src0=r3=0x0000000000000000 | src1=r2=0x0000000007fefe38 | dst=- | wb=- | mem=ST1@0x0000000007fefe3a=0x0000000000000000 | trap=- | asm=sbi a1, [a0, 2]
seq=00000073 | cyc=73 | pc=0x000000000001a36e | insn=0x2218059 | len=4 | next=0x000000000001a372 | op=OP_UNKNOWN | uid=0x2d8 | parent=0x0 | src0=r3=0x0000000000000000 | src1=r2=0x0000000007fefe38 | dst=- | wb=- | mem=ST1@0x0000000007fefe39=0x0000000000000000 | trap=- | asm=sbi a1, [a0, 1]
seq=00000074 | cyc=74 | pc=0x000000000001a372 | insn=0xfa518fd9 | len=4 | next=0x000000000001a376 | op=OP_UNKNOWN | uid=0x2d9 | parent=0x0 | src0=r3=0x0000000000000000 | src1=r5=0x0000000007feff68 | dst=- | wb=- | mem=ST1@0x0000000007feff65=0x0000000000000000 | trap=- | asm=sbi a1, [a3, -3]
seq=00000075 | cyc=75 | pc=0x000000000001a376 | insn=0xfc518fd9 | len=4 | next=0x000000000001a37a | op=OP_UNKNOWN | uid=0x2e0 | parent=0x0 | src0=r3=0x0000000000000000 | src1=r5=0x0000000007feff68 | dst=- | wb=- | mem=ST1@0x0000000007feff66=0x0000000000000000 | trap=- | asm=sbi a1, [a3, -2]
seq=00000076 | cyc=76 | pc=0x000000000001a37a | insn=0x726075 | len=4 | next=0x000000000001a37e | op=OP_UNKNOWN | uid=0x2e1 | parent=0x0 | src0=r4=0x0000000000000130 | src1=- | dst=- | wb=- | mem=- | trap=- | asm=setc.ltui a2, 7
seq=00000077 | cyc=77 | pc=0x000000000001a37e | insn=0x6b4 | len=2 | next=0x000000000001a37e | op=OP_UNKNOWN | uid=0x2e8 | parent=0x0 | src0=- | src1=- | dst=- | wb=- | mem=- | trap=- | asm=C.BSTART COND, 0x1a454
seq=00000078 | cyc=78 | pc=0x000000000001a37e | insn=0x6b4 | len=2 | next=0x000000000001a380 | op=OP_UNKNOWN | uid=0x308 | parent=0x0 | src0=- | src1=- | dst=- | wb=- | mem=- | trap=- | asm=C.BSTART COND, 0x1a454
seq=00000079 | cyc=79 | pc=0x000000000001a380 | insn=0x6218059 | len=4 | next=0x000000000001a384 | op=OP_UNKNOWN | uid=0x309 | parent=0x0 | src0=r3=0x0000000000000000 | src1=r2=0x0000000007fefe38 | dst=- | wb=- | mem=ST1@0x0000000007fefe3b=0x0000000000000000 | trap=- | asm=sbi a1, [a0, 3]
seq=00000080 | cyc=80 | pc=0x000000000001a384 | insn=0xf8518fd9 | len=4 | next=0x000000000001a388 | op=OP_UNKNOWN | uid=0x310 | parent=0x0 | src0=r3=0x0000000000000000 | src1=r5=0x0000000007feff68 | dst=- | wb=- | mem=ST1@0x0000000007feff64=0x0000000000000000 | trap=- | asm=sbi a1, [a3, -4]
seq=00000081 | cyc=81 | pc=0x000000000001a388 | insn=0x4256 | len=2 | next=0x000000000001a38a | op=OP_UNKNOWN | uid=0x311 | parent=0x0 | src0=- | src1=- | dst=r8=0x0000000000000009 | wb=r8=0x0000000000000009 | mem=- | trap=- | asm=c.movi 9, ->a6
seq=00000082 | cyc=82 | pc=0x000000000001a38a | insn=0x6826065 | len=4 | next=0x000000000001a38e | op=OP_UNKNOWN | uid=0x318 | parent=0x0 | src0=r4=0x0000000000000130 | src1=r8=0x0000000000000009 | dst=- | wb=- | mem=- | trap=- | asm=setc.ltu a2, a6
seq=00000083 | cyc=83 | pc=0x000000000001a38e | insn=0x634 | len=2 | next=0x000000000001a38e | op=OP_UNKNOWN | uid=0x319 | parent=0x0 | src0=- | src1=- | dst=- | wb=- | mem=- | trap=- | asm=C.BSTART COND, 0x1a454
seq=00000084 | cyc=84 | pc=0x000000000001a38e | insn=0x634 | len=2 | next=0x000000000001a390 | op=OP_UNKNOWN | uid=0x338 | parent=0x0 | src0=- | src1=- | dst=- | wb=- | mem=- | trap=- | asm=C.BSTART COND, 0x1a454
seq=00000085 | cyc=85 | pc=0x000000000001a390 | insn=0xff1af35 | len=4 | next=0x000000000001a394 | op=OP_UNKNOWN | uid=0x339 | parent=0x0 | src0=r3=0x0000000000000000 | src1=- | dst=- | wb=- | mem=- | trap=- | asm=andiw a1, 255, ->u
seq=00000086 | cyc=86 | pc=0x000000000001a394 | insn=0x10101f97010e | len=6 | next=0x000000000001a39a | op=OP_UNKNOWN | uid=0x340 | parent=0x0 | src0=- | src1=- | dst=- | wb=- | mem=- | trap=- | asm=hl.lui 16843009, ->t
seq=00000087 | cyc=87 | pc=0x000000000001a39a | insn=0x18e22c7 | len=4 | next=0x000000000001a39e | op=OP_UNKNOWN | uid=0x348 | parent=0x0 | src0=r28=0x0000000000000000 | src1=r24=0x0000000001010101 | dst=r5=0x0000000000000000 | wb=r5=0x0000000000000000 | mem=- | trap=- | asm=mulw u#1, t#1, ->a3
seq=00000088 | cyc=88 | pc=0x000000000001a39e | insn=0x1198 | len=2 | next=0x000000000001a3a0 | op=OP_UNKNOWN | uid=0x349 | parent=0x0 | src0=r6=0x0000000000000000 | src1=r2=0x0000000007fefe38 | dst=- | wb=- | mem=- | trap=- | asm=c.sub a4, a0, ->t
seq=00000089 | cyc=89 | pc=0x000000000001a3a0 | insn=0x3c2f15 | len=4 | next=0x000000000001a3a4 | op=OP_UNKNOWN | uid=0x350 | parent=0x0 | src0=r24=0xfffffffff80101c8 | src1=- | dst=- | wb=- | mem=- | trap=- | asm=andi t#1, 3, ->u
seq=00000090 | cyc=90 | pc=0x000000000001a3a4 | insn=0xe118 | len=2 | next=0x000000000001a3a6 | op=OP_UNKNOWN | uid=0x351 | parent=0x0 | src0=r4=0x0000000000000130 | src1=r28=0x0000000000000000 | dst=- | wb=- | mem=- | trap=- | asm=c.sub a2, u#1, ->t
seq=00000091 | cyc=91 | pc=0x000000000001a3a6 | insn=0x7c10205 | len=4 | next=0x000000000001a3aa | op=OP_UNKNOWN | uid=0x358 | parent=0x0 | src0=r2=0x0000000007fefe38 | src1=r28=0x0000000000000000 | dst=r4=0x0000000007fefe38 | wb=r4=0x0000000007fefe38 | mem=- | trap=- | asm=a0, u#1, ->a2
seq=00000092 | cyc=92 | pc=0x000000000001a3aa | insn=0x42a059 | len=4 | next=0x000000000001a3ae | op=OP_UNKNOWN | uid=0x359 | parent=0x0 | src0=r5=0x0000000000000000 | src1=r4=0x0000000007fefe38 | dst=- | wb=- | mem=ST4@0x0000000007fefe38=0x0000000000000000 | trap=- | asm=swi a3, [a2, 0]
seq=00000093 | cyc=93 | pc=0x000000000001a3ae | insn=0xffcc2315 | len=4 | next=0x000000000001a3b2 | op=OP_UNKNOWN | uid=0x360 | parent=0x0 | src0=r24=0x0000000000000130 | src1=- | dst=r6=0x0000000000000130 | wb=r6=0x0000000000000130 | mem=- | trap=- | asm=andi t#1, -4, ->a4
seq=00000094 | cyc=94 | pc=0x000000000001a3b2 | insn=0x6836065 | len=4 | next=0x000000000001a3b6 | op=OP_UNKNOWN | uid=0x361 | parent=0x0 | src0=r6=0x0000000000000130 | src1=r8=0x0000000000000009 | dst=- | wb=- | mem=- | trap=- | asm=setc.ltu a4, a6
seq=00000095 | cyc=95 | pc=0x000000000001a3b6 | insn=0x6620385 | len=4 | next=0x000000000001a3ba | op=OP_UNKNOWN | uid=0x368 | parent=0x0 | src0=r4=0x0000000007fefe38 | src1=r6=0x0000000000000130 | dst=r7=0x0000000007feff68 | wb=r7=0x0000000007feff68 | mem=- | trap=- | asm=a2, a4, ->a5
seq=00000096 | cyc=96 | pc=0x000000000001a3ba | insn=0xfe72afd9 | len=4 | next=0x000000000001a3be | op=OP_UNKNOWN | uid=0x369 | parent=0x0 | src0=r5=0x0000000000000000 | src1=r7=0x0000000007feff68 | dst=- | wb=- | mem=ST4@0x0000000007feff64=0x0000000000000000 | trap=- | asm=swi a3, [a5, -4]
seq=00000097 | cyc=97 | pc=0x000000000001a3be | insn=0x4b4 | len=2 | next=0x000000000001a3be | op=OP_UNKNOWN | uid=0x370 | parent=0x0 | src0=- | src1=- | dst=- | wb=- | mem=- | trap=- | asm=C.BSTART COND, 0x1a454
seq=00000098 | cyc=98 | pc=0x000000000001a3be | insn=0x4b4 | len=2 | next=0x000000000001a3c0 | op=OP_UNKNOWN | uid=0x390 | parent=0x0 | src0=- | src1=- | dst=- | wb=- | mem=- | trap=- | asm=C.BSTART COND, 0x1a454
seq=00000099 | cyc=99 | pc=0x000000000001a3c0 | insn=0x442a059 | len=4 | next=0x000000000001a3c4 | op=OP_UNKNOWN | uid=0x391 | parent=0x0 | src0=r5=0x0000000000000000 | src1=r4=0x0000000007fefe38 | dst=- | wb=- | mem=ST4@0x0000000007fefe40=0x0000000000000000 | trap=- | asm=swi a3, [a2, 8]
seq=00000100 | cyc=100 | pc=0x000000000001a3c4 | insn=0x242a059 | len=4 | next=0x000000000001a3c8 | op=OP_UNKNOWN | uid=0x398 | parent=0x0 | src0=r5=0x0000000000000000 | src1=r4=0x0000000007fefe38 | dst=- | wb=- | mem=ST4@0x0000000007fefe3c=0x0000000000000000 | trap=- | asm=swi a3, [a2, 4]
seq=00000101 | cyc=101 | pc=0x000000000001a3c8 | insn=0xfc72afd9 | len=4 | next=0x000000000001a3cc | op=OP_UNKNOWN | uid=0x399 | parent=0x0 | src0=r5=0x0000000000000000 | src1=r7=0x0000000007feff68 | dst=- | wb=- | mem=ST4@0x0000000007feff60=0x0000000000000000 | trap=- | asm=swi a3, [a5, -8]
seq=00000102 | cyc=102 | pc=0x000000000001a3cc | insn=0xfa72afd9 | len=4 | next=0x000000000001a3d0 | op=OP_UNKNOWN | uid=0x3a0 | parent=0x0 | src0=r5=0x0000000000000000 | src1=r7=0x0000000007feff68 | dst=- | wb=- | mem=ST4@0x0000000007feff5c=0x0000000000000000 | trap=- | asm=swi a3, [a5, -12]
seq=00000103 | cyc=103 | pc=0x000000000001a3d0 | insn=0x1936075 | len=4 | next=0x000000000001a3d4 | op=OP_UNKNOWN | uid=0x3a1 | parent=0x0 | src0=r6=0x0000000000000130 | src1=- | dst=- | wb=- | mem=- | trap=- | asm=setc.ltui a4, 25
seq=00000104 | cyc=104 | pc=0x000000000001a3d4 | insn=0x404 | len=2 | next=0x000000000001a3d4 | op=OP_UNKNOWN | uid=0x3a8 | parent=0x0 | src0=- | src1=- | dst=- | wb=- | mem=- | trap=- | asm=C.BSTART COND, 0x1a454
seq=00000105 | cyc=105 | pc=0x000000000001a3d4 | insn=0x404 | len=2 | next=0x000000000001a3d6 | op=OP_UNKNOWN | uid=0x3c8 | parent=0x0 | src0=- | src1=- | dst=- | wb=- | mem=- | trap=- | asm=C.BSTART COND, 0x1a454
seq=00000106 | cyc=106 | pc=0x000000000001a3d6 | insn=0x2000415 | len=4 | next=0x000000000001a3da | op=OP_UNKNOWN | uid=0x3c9 | parent=0x0 | src0=r0=0x0000000000000000 | src1=- | dst=r8=0x0000000000000020 | wb=r8=0x0000000000000020 | mem=- | trap=- | asm=addi zero, 32, ->a6
seq=00000107 | cyc=107 | pc=0x000000000001a3da | insn=0x1497000e | len=6 | next=0x000000000001a3e0 | op=OP_UNKNOWN | uid=0x3d0 | parent=0x0 | src0=- | src1=- | dst=r9=0x0000000000000001 | wb=r9=0x0000000000000001 | mem=- | trap=- | asm=hl.lui 1, ->a7
seq=00000108 | cyc=108 | pc=0x000000000001a3e0 | insn=0xc42a059 | len=4 | next=0x000000000001a3e4 | op=OP_UNKNOWN | uid=0x3d8 | parent=0x0 | src0=r5=0x0000000000000000 | src1=r4=0x0000000007fefe38 | dst=- | wb=- | mem=ST4@0x0000000007fefe50=0x0000000000000000 | trap=- | asm=swi a3, [a2, 24]
seq=00000109 | cyc=109 | pc=0x000000000001a3e4 | insn=0xa42a059 | len=4 | next=0x000000000001a3e8 | op=OP_UNKNOWN | uid=0x3d9 | parent=0x0 | src0=r5=0x0000000000000000 | src1=r4=0x0000000007fefe38 | dst=- | wb=- | mem=ST4@0x0000000007fefe4c=0x0000000000000000 | trap=- | asm=swi a3, [a2, 20]
seq=00000110 | cyc=110 | pc=0x000000000001a3e8 | insn=0x842a059 | len=4 | next=0x000000000001a3ec | op=OP_UNKNOWN | uid=0x3e0 | parent=0x0 | src0=r5=0x0000000000000000 | src1=r4=0x0000000007fefe38 | dst=- | wb=- | mem=ST4@0x0000000007fefe48=0x0000000000000000 | trap=- | asm=swi a3, [a2, 16]
seq=00000111 | cyc=111 | pc=0x000000000001a3ec | insn=0x642a059 | len=4 | next=0x000000000001a3f0 | op=OP_UNKNOWN | uid=0x3e1 | parent=0x0 | src0=r5=0x0000000000000000 | src1=r4=0x0000000007fefe38 | dst=- | wb=- | mem=ST4@0x0000000007fefe44=0x0000000000000000 | trap=- | asm=swi a3, [a2, 12]
seq=00000112 | cyc=112 | pc=0x000000000001a3f0 | insn=0xf872afd9 | len=4 | next=0x000000000001a3f4 | op=OP_UNKNOWN | uid=0x3e8 | parent=0x0 | src0=r5=0x0000000000000000 | src1=r7=0x0000000007feff68 | dst=- | wb=- | mem=ST4@0x0000000007feff58=0x0000000000000000 | trap=- | asm=swi a3, [a5, -16]
seq=00000113 | cyc=113 | pc=0x000000000001a3f4 | insn=0xf672afd9 | len=4 | next=0x000000000001a3f8 | op=OP_UNKNOWN | uid=0x3e9 | parent=0x0 | src0=r5=0x0000000000000000 | src1=r7=0x0000000007feff68 | dst=- | wb=- | mem=ST4@0x0000000007feff54=0x0000000000000000 | trap=- | asm=swi a3, [a5, -20]
seq=00000114 | cyc=114 | pc=0x000000000001a3f8 | insn=0xf472afd9 | len=4 | next=0x000000000001a3fc | op=OP_UNKNOWN | uid=0x3f0 | parent=0x0 | src0=r5=0x0000000000000000 | src1=r7=0x0000000007feff68 | dst=- | wb=- | mem=ST4@0x0000000007feff50=0x0000000000000000 | trap=- | asm=swi a3, [a5, -24]
seq=00000115 | cyc=115 | pc=0x000000000001a3fc | insn=0xf272afd9 | len=4 | next=0x000000000001a400 | op=OP_UNKNOWN | uid=0x3f1 | parent=0x0 | src0=r5=0x0000000000000000 | src1=r7=0x0000000007feff68 | dst=- | wb=- | mem=ST4@0x0000000007feff4c=0x0000000000000000 | trap=- | asm=swi a3, [a5, -28]
seq=00000116 | cyc=116 | pc=0x000000000001a400 | insn=0x422f95 | len=4 | next=0x000000000001a404 | op=OP_UNKNOWN | uid=0x3f8 | parent=0x0 | src0=r4=0x0000000007fefe38 | src1=- | dst=- | wb=- | mem=- | trap=- | asm=andi a2, 4, ->t
seq=00000117 | cyc=117 | pc=0x000000000001a404 | insn=0x18c3395 | len=4 | next=0x000000000001a408 | op=OP_UNKNOWN | uid=0x3f9 | parent=0x0 | src0=r24=0x0000000000000000 | src1=- | dst=r7=0x0000000000000018 | wb=r7=0x0000000000000018 | mem=- | trap=- | asm=ori t#1, 24, ->a5
seq=00000118 | cyc=118 | pc=0x000000000001a408 | insn=0x6731305 | len=4 | next=0x000000000001a40c | op=OP_UNKNOWN | uid=0x400 | parent=0x0 | src0=r6=0x0000000000000130 | src1=r7=0x0000000000000018 | dst=r6=0x0000000000000118 | wb=r6=0x0000000000000118 | mem=- | trap=- | asm=sub a4, a5, ->a4
seq=00000119 | cyc=119 | pc=0x000000000001a40c | insn=0x6836065 | len=4 | next=0x000000000001a410 | op=OP_UNKNOWN | uid=0x401 | parent=0x0 | src0=r6=0x0000000000000118 | src1=r8=0x0000000000000020 | dst=- | wb=- | mem=- | trap=- | asm=setc.ltu a4, a6
seq=00000120 | cyc=120 | pc=0x000000000001a410 | insn=0x800 | len=2 | next=0x000000000001a410 | op=OP_UNKNOWN | uid=0x408 | parent=0x0 | src0=- | src1=- | dst=- | wb=- | mem=- | trap=- | asm=C.BSTART.STD
seq=00000121 | cyc=121 | pc=0x000000000001a410 | insn=0x800 | len=2 | next=0x000000000001a412 | op=OP_UNKNOWN | uid=0x438 | parent=0x0 | src0=- | src1=- | dst=- | wb=- | mem=- | trap=- | asm=C.BSTART.STD
seq=00000122 | cyc=122 | pc=0x000000000001a412 | insn=0x84ff05 | len=4 | next=0x000000000001a416 | op=OP_UNKNOWN | uid=0x439 | parent=0x0 | src0=r9=0x0000000000000001 | src1=r8=0x0000000000000020 | dst=- | wb=- | mem=- | trap=- | asm=sll a7, a6, ->u
seq=00000123 | cyc=123 | pc=0x000000000001a416 | insn=0x8e5f85 | len=4 | next=0x000000000001a41a | op=OP_UNKNOWN | uid=0x440 | parent=0x0 | src0=r28=0x0000000100000000 | src1=r8=0x0000000000000020 | dst=- | wb=- | mem=- | trap=- | asm=srl u#1, a6, ->t
seq=00000124 | cyc=124 | pc=0x000000000001a41a | insn=0x78e3f05 | len=4 | next=0x000000000001a41e | op=OP_UNKNOWN | uid=0x441 | parent=0x0 | src0=r28=0x0000000100000000 | src1=r24=0x0000000000000001 | dst=- | wb=- | mem=- | trap=- | asm=or u#1, t#1, ->u
seq=00000125 | cyc=125 | pc=0x000000000001a41e | insn=0x82ff85 | len=4 | next=0x000000000001a422 | op=OP_UNKNOWN | uid=0x448 | parent=0x0 | src0=r5=0x0000000000000000 | src1=r8=0x0000000000000020 | dst=- | wb=- | mem=- | trap=- | asm=sll a3, a6, ->t
seq=00000126 | cyc=126 | pc=0x000000000001a422 | insn=0x8c5f85 | len=4 | next=0x000000000001a426 | op=OP_UNKNOWN | uid=0x449 | parent=0x0 | src0=r24=0x0000000000000000 | src1=r8=0x0000000000000020 | dst=- | wb=- | mem=- | trap=- | asm=srl t#1, a6, ->t
seq=00000127 | cyc=127 | pc=0x000000000001a426 | insn=0x1cc02c7 | len=4 | next=0x000000000001a42a | op=OP_UNKNOWN | uid=0x450 | parent=0x0 | src0=r24=0x0000000000000000 | src1=r28=0x0000000100000001 | dst=r5=0x0000000000000000 | wb=r5=0x0000000000000000 | mem=- | trap=- | asm=mul t#1, u#1, ->a3
seq=00000128 | cyc=128 | pc=0x000000000001a42a | insn=0x6720205 | len=4 | next=0x000000000001a42e | op=OP_UNKNOWN | uid=0x451 | parent=0x0 | src0=r4=0x0000000007fefe38 | src1=r7=0x0000000000000018 | dst=r4=0x0000000007fefe50 | wb=r4=0x0000000007fefe50 | mem=- | trap=- | asm=a2, a5, ->a2
seq=00000129 | cyc=129 | pc=0x000000000001a42e | insn=0x2001395 | len=4 | next=0x000000000001a432 | op=OP_UNKNOWN | uid=0x458 | parent=0x0 | src0=r0=0x0000000000000000 | src1=- | dst=r7=0xffffffffffffffe0 | wb=r7=0xffffffffffffffe0 | mem=- | trap=- | asm=subi zero, 32, ->a5
seq=00000130 | cyc=130 | pc=0x000000000001a432 | insn=0x1f00415 | len=4 | next=0x000000000001a436 | op=OP_UNKNOWN | uid=0x459 | parent=0x0 | src0=r0=0x0000000000000000 | src1=- | dst=r8=0x000000000000001f | wb=r8=0x000000000000001f | mem=- | trap=- | asm=addi zero, 31, ->a6
seq=00000131 | cyc=131 | pc=0x000000000001a436 | insn=0x4 | len=2 | next=0x000000000001a436 | op=OP_UNKNOWN | uid=0x460 | parent=0x0 | src0=- | src1=- | dst=- | wb=- | mem=- | trap=- | asm=C.BSTART COND, 0x1a436
seq=00000132 | cyc=132 | pc=0x000000000001a436 | insn=0x4 | len=2 | next=0x000000000001a438 | op=OP_UNKNOWN | uid=0x480 | parent=0x0 | src0=- | src1=- | dst=- | wb=- | mem=- | trap=- | asm=C.BSTART COND, 0x1a436
seq=00000133 | cyc=133 | pc=0x000000000001a438 | insn=0x642b059 | len=4 | next=0x000000000001a43c | op=OP_UNKNOWN | uid=0x481 | parent=0x0 | src0=r5=0x0000000000000000 | src1=r4=0x0000000007fefe50 | dst=- | wb=- | mem=ST8@0x0000000007fefe68=0x0000000000000000 | trap=- | asm=sdi a3, [a2, 24]
seq=00000134 | cyc=134 | pc=0x000000000001a43c | insn=0x442b059 | len=4 | next=0x000000000001a440 | op=OP_UNKNOWN | uid=0x488 | parent=0x0 | src0=r5=0x0000000000000000 | src1=r4=0x0000000007fefe50 | dst=- | wb=- | mem=ST8@0x0000000007fefe60=0x0000000000000000 | trap=- | asm=sdi a3, [a2, 16]
seq=00000135 | cyc=135 | pc=0x000000000001a440 | insn=0x242b059 | len=4 | next=0x000000000001a444 | op=OP_UNKNOWN | uid=0x489 | parent=0x0 | src0=r5=0x0000000000000000 | src1=r4=0x0000000007fefe50 | dst=- | wb=- | mem=ST8@0x0000000007fefe58=0x0000000000000000 | trap=- | asm=sdi a3, [a2, 8]
seq=00000136 | cyc=136 | pc=0x000000000001a444 | insn=0x42b059 | len=4 | next=0x000000000001a448 | op=OP_UNKNOWN | uid=0x490 | parent=0x0 | src0=r5=0x0000000000000000 | src1=r4=0x0000000007fefe50 | dst=- | wb=- | mem=ST8@0x0000000007fefe50=0x0000000000000000 | trap=- | asm=sdi a3, [a2, 0]
seq=00000137 | cyc=137 | pc=0x000000000001a448 | insn=0x6730305 | len=4 | next=0x000000000001a44c | op=OP_UNKNOWN | uid=0x491 | parent=0x0 | src0=r6=0x0000000000000118 | src1=r7=0xffffffffffffffe0 | dst=r6=0x00000000000000f8 | wb=r6=0x00000000000000f8 | mem=- | trap=- | asm=a4, a5, ->a4
seq=00000138 | cyc=138 | pc=0x000000000001a44c | insn=0x6646065 | len=4 | next=0x000000000001a450 | op=OP_UNKNOWN | uid=0x498 | parent=0x0 | src0=r8=0x000000000000001f | src1=r6=0x00000000000000f8 | dst=- | wb=- | mem=- | trap=- | asm=setc.ltu a6, a4
seq=00000139 | cyc=139 | pc=0x000000000001a450 | insn=0x2020215 | len=4 | next=0x000000000001a454 | op=OP_UNKNOWN | uid=0x499 | parent=0x0 | src0=r4=0x0000000007fefe50 | src1=- | dst=r4=0x0000000007fefe70 | wb=r4=0x0000000007fefe70 | mem=- | trap=- | asm=addi a2, 32, ->a2
seq=00000140 | cyc=140 | pc=0x000000000001a436 | insn=0x4 | len=2 | next=0x000000000001a438 | op=OP_UNKNOWN | uid=0x4c0 | parent=0x0 | src0=- | src1=- | dst=- | wb=- | mem=- | trap=- | asm=C.BSTART COND, 0x1a436
seq=00000141 | cyc=141 | pc=0x000000000001a438 | insn=0x642b059 | len=4 | next=0x000000000001a43c | op=OP_UNKNOWN | uid=0x4c1 | parent=0x0 | src0=r5=0x0000000000000000 | src1=r4=0x0000000007fefe70 | dst=- | wb=- | mem=ST8@0x0000000007fefe88=0x0000000000000000 | trap=- | asm=sdi a3, [a2, 24]
seq=00000142 | cyc=142 | pc=0x000000000001a43c | insn=0x442b059 | len=4 | next=0x000000000001a440 | op=OP_UNKNOWN | uid=0x4c8 | parent=0x0 | src0=r5=0x0000000000000000 | src1=r4=0x0000000007fefe70 | dst=- | wb=- | mem=ST8@0x0000000007fefe80=0x0000000000000000 | trap=- | asm=sdi a3, [a2, 16]
seq=00000143 | cyc=143 | pc=0x000000000001a440 | insn=0x242b059 | len=4 | next=0x000000000001a444 | op=OP_UNKNOWN | uid=0x4c9 | parent=0x0 | src0=r5=0x0000000000000000 | src1=r4=0x0000000007fefe70 | dst=- | wb=- | mem=ST8@0x0000000007fefe78=0x0000000000000000 | trap=- | asm=sdi a3, [a2, 8]
seq=00000144 | cyc=144 | pc=0x000000000001a444 | insn=0x42b059 | len=4 | next=0x000000000001a448 | op=OP_UNKNOWN | uid=0x4d0 | parent=0x0 | src0=r5=0x0000000000000000 | src1=r4=0x0000000007fefe70 | dst=- | wb=- | mem=ST8@0x0000000007fefe70=0x0000000000000000 | trap=- | asm=sdi a3, [a2, 0]
seq=00000145 | cyc=145 | pc=0x000000000001a448 | insn=0x6730305 | len=4 | next=0x000000000001a44c | op=OP_UNKNOWN | uid=0x4d1 | parent=0x0 | src0=r6=0x00000000000000f8 | src1=r7=0xffffffffffffffe0 | dst=r6=0x00000000000000d8 | wb=r6=0x00000000000000d8 | mem=- | trap=- | asm=a4, a5, ->a4
seq=00000146 | cyc=146 | pc=0x000000000001a44c | insn=0x6646065 | len=4 | next=0x000000000001a450 | op=OP_UNKNOWN | uid=0x4d8 | parent=0x0 | src0=r8=0x000000000000001f | src1=r6=0x00000000000000d8 | dst=- | wb=- | mem=- | trap=- | asm=setc.ltu a6, a4
seq=00000147 | cyc=147 | pc=0x000000000001a450 | insn=0x2020215 | len=4 | next=0x000000000001a454 | op=OP_UNKNOWN | uid=0x4d9 | parent=0x0 | src0=r4=0x0000000007fefe70 | src1=- | dst=r4=0x0000000007fefe90 | wb=r4=0x0000000007fefe90 | mem=- | trap=- | asm=addi a2, 32, ->a2
seq=00000148 | cyc=148 | pc=0x000000000001a436 | insn=0x4 | len=2 | next=0x000000000001a438 | op=OP_UNKNOWN | uid=0x500 | parent=0x0 | src0=- | src1=- | dst=- | wb=- | mem=- | trap=- | asm=C.BSTART COND, 0x1a436
seq=00000149 | cyc=149 | pc=0x000000000001a438 | insn=0x642b059 | len=4 | next=0x000000000001a43c | op=OP_UNKNOWN | uid=0x501 | parent=0x0 | src0=r5=0x0000000000000000 | src1=r4=0x0000000007fefe90 | dst=- | wb=- | mem=ST8@0x0000000007fefea8=0x0000000000000000 | trap=- | asm=sdi a3, [a2, 24]
seq=00000150 | cyc=150 | pc=0x000000000001a43c | insn=0x442b059 | len=4 | next=0x000000000001a440 | op=OP_UNKNOWN | uid=0x508 | parent=0x0 | src0=r5=0x0000000000000000 | src1=r4=0x0000000007fefe90 | dst=- | wb=- | mem=ST8@0x0000000007fefea0=0x0000000000000000 | trap=- | asm=sdi a3, [a2, 16]
seq=00000151 | cyc=151 | pc=0x000000000001a440 | insn=0x242b059 | len=4 | next=0x000000000001a444 | op=OP_UNKNOWN | uid=0x509 | parent=0x0 | src0=r5=0x0000000000000000 | src1=r4=0x0000000007fefe90 | dst=- | wb=- | mem=ST8@0x0000000007fefe98=0x0000000000000000 | trap=- | asm=sdi a3, [a2, 8]
seq=00000152 | cyc=152 | pc=0x000000000001a444 | insn=0x42b059 | len=4 | next=0x000000000001a448 | op=OP_UNKNOWN | uid=0x510 | parent=0x0 | src0=r5=0x0000000000000000 | src1=r4=0x0000000007fefe90 | dst=- | wb=- | mem=ST8@0x0000000007fefe90=0x0000000000000000 | trap=- | asm=sdi a3, [a2, 0]
seq=00000153 | cyc=153 | pc=0x000000000001a448 | insn=0x6730305 | len=4 | next=0x000000000001a44c | op=OP_UNKNOWN | uid=0x511 | parent=0x0 | src0=r6=0x00000000000000d8 | src1=r7=0xffffffffffffffe0 | dst=r6=0x00000000000000b8 | wb=r6=0x00000000000000b8 | mem=- | trap=- | asm=a4, a5, ->a4
seq=00000154 | cyc=154 | pc=0x000000000001a44c | insn=0x6646065 | len=4 | next=0x000000000001a450 | op=OP_UNKNOWN | uid=0x518 | parent=0x0 | src0=r8=0x000000000000001f | src1=r6=0x00000000000000b8 | dst=- | wb=- | mem=- | trap=- | asm=setc.ltu a6, a4
seq=00000155 | cyc=155 | pc=0x000000000001a450 | insn=0x2020215 | len=4 | next=0x000000000001a454 | op=OP_UNKNOWN | uid=0x519 | parent=0x0 | src0=r4=0x0000000007fefe90 | src1=- | dst=r4=0x0000000007fefeb0 | wb=r4=0x0000000007fefeb0 | mem=- | trap=- | asm=addi a2, 32, ->a2
seq=00000156 | cyc=156 | pc=0x000000000001a436 | insn=0x4 | len=2 | next=0x000000000001a438 | op=OP_UNKNOWN | uid=0x540 | parent=0x0 | src0=- | src1=- | dst=- | wb=- | mem=- | trap=- | asm=C.BSTART COND, 0x1a436
seq=00000157 | cyc=157 | pc=0x000000000001a438 | insn=0x642b059 | len=4 | next=0x000000000001a43c | op=OP_UNKNOWN | uid=0x541 | parent=0x0 | src0=r5=0x0000000000000000 | src1=r4=0x0000000007fefeb0 | dst=- | wb=- | mem=ST8@0x0000000007fefec8=0x0000000000000000 | trap=- | asm=sdi a3, [a2, 24]
seq=00000158 | cyc=158 | pc=0x000000000001a43c | insn=0x442b059 | len=4 | next=0x000000000001a440 | op=OP_UNKNOWN | uid=0x548 | parent=0x0 | src0=r5=0x0000000000000000 | src1=r4=0x0000000007fefeb0 | dst=- | wb=- | mem=ST8@0x0000000007fefec0=0x0000000000000000 | trap=- | asm=sdi a3, [a2, 16]
seq=00000159 | cyc=159 | pc=0x000000000001a440 | insn=0x242b059 | len=4 | next=0x000000000001a444 | op=OP_UNKNOWN | uid=0x549 | parent=0x0 | src0=r5=0x0000000000000000 | src1=r4=0x0000000007fefeb0 | dst=- | wb=- | mem=ST8@0x0000000007fefeb8=0x0000000000000000 | trap=- | asm=sdi a3, [a2, 8]
seq=00000160 | cyc=160 | pc=0x000000000001a444 | insn=0x42b059 | len=4 | next=0x000000000001a448 | op=OP_UNKNOWN | uid=0x550 | parent=0x0 | src0=r5=0x0000000000000000 | src1=r4=0x0000000007fefeb0 | dst=- | wb=- | mem=ST8@0x0000000007fefeb0=0x0000000000000000 | trap=- | asm=sdi a3, [a2, 0]
seq=00000161 | cyc=161 | pc=0x000000000001a448 | insn=0x6730305 | len=4 | next=0x000000000001a44c | op=OP_UNKNOWN | uid=0x551 | parent=0x0 | src0=r6=0x00000000000000b8 | src1=r7=0xffffffffffffffe0 | dst=r6=0x0000000000000098 | wb=r6=0x0000000000000098 | mem=- | trap=- | asm=a4, a5, ->a4
seq=00000162 | cyc=162 | pc=0x000000000001a44c | insn=0x6646065 | len=4 | next=0x000000000001a450 | op=OP_UNKNOWN | uid=0x558 | parent=0x0 | src0=r8=0x000000000000001f | src1=r6=0x0000000000000098 | dst=- | wb=- | mem=- | trap=- | asm=setc.ltu a6, a4
seq=00000163 | cyc=163 | pc=0x000000000001a450 | insn=0x2020215 | len=4 | next=0x000000000001a454 | op=OP_UNKNOWN | uid=0x559 | parent=0x0 | src0=r4=0x0000000007fefeb0 | src1=- | dst=r4=0x0000000007fefed0 | wb=r4=0x0000000007fefed0 | mem=- | trap=- | asm=addi a2, 32, ->a2
seq=00000164 | cyc=164 | pc=0x000000000001a436 | insn=0x4 | len=2 | next=0x000000000001a438 | op=OP_UNKNOWN | uid=0x580 | parent=0x0 | src0=- | src1=- | dst=- | wb=- | mem=- | trap=- | asm=C.BSTART COND, 0x1a436
seq=00000165 | cyc=165 | pc=0x000000000001a438 | insn=0x642b059 | len=4 | next=0x000000000001a43c | op=OP_UNKNOWN | uid=0x581 | parent=0x0 | src0=r5=0x0000000000000000 | src1=r4=0x0000000007fefed0 | dst=- | wb=- | mem=ST8@0x0000000007fefee8=0x0000000000000000 | trap=- | asm=sdi a3, [a2, 24]
seq=00000166 | cyc=166 | pc=0x000000000001a43c | insn=0x442b059 | len=4 | next=0x000000000001a440 | op=OP_UNKNOWN | uid=0x588 | parent=0x0 | src0=r5=0x0000000000000000 | src1=r4=0x0000000007fefed0 | dst=- | wb=- | mem=ST8@0x0000000007fefee0=0x0000000000000000 | trap=- | asm=sdi a3, [a2, 16]
seq=00000167 | cyc=167 | pc=0x000000000001a440 | insn=0x242b059 | len=4 | next=0x000000000001a444 | op=OP_UNKNOWN | uid=0x589 | parent=0x0 | src0=r5=0x0000000000000000 | src1=r4=0x0000000007fefed0 | dst=- | wb=- | mem=ST8@0x0000000007fefed8=0x0000000000000000 | trap=- | asm=sdi a3, [a2, 8]
seq=00000168 | cyc=168 | pc=0x000000000001a444 | insn=0x42b059 | len=4 | next=0x000000000001a448 | op=OP_UNKNOWN | uid=0x590 | parent=0x0 | src0=r5=0x0000000000000000 | src1=r4=0x0000000007fefed0 | dst=- | wb=- | mem=ST8@0x0000000007fefed0=0x0000000000000000 | trap=- | asm=sdi a3, [a2, 0]
seq=00000169 | cyc=169 | pc=0x000000000001a448 | insn=0x6730305 | len=4 | next=0x000000000001a44c | op=OP_UNKNOWN | uid=0x591 | parent=0x0 | src0=r6=0x0000000000000098 | src1=r7=0xffffffffffffffe0 | dst=r6=0x0000000000000078 | wb=r6=0x0000000000000078 | mem=- | trap=- | asm=a4, a5, ->a4
seq=00000170 | cyc=170 | pc=0x000000000001a44c | insn=0x6646065 | len=4 | next=0x000000000001a450 | op=OP_UNKNOWN | uid=0x598 | parent=0x0 | src0=r8=0x000000000000001f | src1=r6=0x0000000000000078 | dst=- | wb=- | mem=- | trap=- | asm=setc.ltu a6, a4
seq=00000171 | cyc=171 | pc=0x000000000001a450 | insn=0x2020215 | len=4 | next=0x000000000001a454 | op=OP_UNKNOWN | uid=0x599 | parent=0x0 | src0=r4=0x0000000007fefed0 | src1=- | dst=r4=0x0000000007fefef0 | wb=r4=0x0000000007fefef0 | mem=- | trap=- | asm=addi a2, 32, ->a2
seq=00000172 | cyc=172 | pc=0x000000000001a436 | insn=0x4 | len=2 | next=0x000000000001a438 | op=OP_UNKNOWN | uid=0x5c0 | parent=0x0 | src0=- | src1=- | dst=- | wb=- | mem=- | trap=- | asm=C.BSTART COND, 0x1a436
seq=00000173 | cyc=173 | pc=0x000000000001a438 | insn=0x642b059 | len=4 | next=0x000000000001a43c | op=OP_UNKNOWN | uid=0x5c1 | parent=0x0 | src0=r5=0x0000000000000000 | src1=r4=0x0000000007fefef0 | dst=- | wb=- | mem=ST8@0x0000000007feff08=0x0000000000000000 | trap=- | asm=sdi a3, [a2, 24]
seq=00000174 | cyc=174 | pc=0x000000000001a43c | insn=0x442b059 | len=4 | next=0x000000000001a440 | op=OP_UNKNOWN | uid=0x5c8 | parent=0x0 | src0=r5=0x0000000000000000 | src1=r4=0x0000000007fefef0 | dst=- | wb=- | mem=ST8@0x0000000007feff00=0x0000000000000000 | trap=- | asm=sdi a3, [a2, 16]
seq=00000175 | cyc=175 | pc=0x000000000001a440 | insn=0x242b059 | len=4 | next=0x000000000001a444 | op=OP_UNKNOWN | uid=0x5c9 | parent=0x0 | src0=r5=0x0000000000000000 | src1=r4=0x0000000007fefef0 | dst=- | wb=- | mem=ST8@0x0000000007fefef8=0x0000000000000000 | trap=- | asm=sdi a3, [a2, 8]
seq=00000176 | cyc=176 | pc=0x000000000001a444 | insn=0x42b059 | len=4 | next=0x000000000001a448 | op=OP_UNKNOWN | uid=0x5d0 | parent=0x0 | src0=r5=0x0000000000000000 | src1=r4=0x0000000007fefef0 | dst=- | wb=- | mem=ST8@0x0000000007fefef0=0x0000000000000000 | trap=- | asm=sdi a3, [a2, 0]
seq=00000177 | cyc=177 | pc=0x000000000001a448 | insn=0x6730305 | len=4 | next=0x000000000001a44c | op=OP_UNKNOWN | uid=0x5d1 | parent=0x0 | src0=r6=0x0000000000000078 | src1=r7=0xffffffffffffffe0 | dst=r6=0x0000000000000058 | wb=r6=0x0000000000000058 | mem=- | trap=- | asm=a4, a5, ->a4
seq=00000178 | cyc=178 | pc=0x000000000001a44c | insn=0x6646065 | len=4 | next=0x000000000001a450 | op=OP_UNKNOWN | uid=0x5d8 | parent=0x0 | src0=r8=0x000000000000001f | src1=r6=0x0000000000000058 | dst=- | wb=- | mem=- | trap=- | asm=setc.ltu a6, a4
seq=00000179 | cyc=179 | pc=0x000000000001a450 | insn=0x2020215 | len=4 | next=0x000000000001a454 | op=OP_UNKNOWN | uid=0x5d9 | parent=0x0 | src0=r4=0x0000000007fefef0 | src1=- | dst=r4=0x0000000007feff10 | wb=r4=0x0000000007feff10 | mem=- | trap=- | asm=addi a2, 32, ->a2
seq=00000180 | cyc=180 | pc=0x000000000001a436 | insn=0x4 | len=2 | next=0x000000000001a438 | op=OP_UNKNOWN | uid=0x600 | parent=0x0 | src0=- | src1=- | dst=- | wb=- | mem=- | trap=- | asm=C.BSTART COND, 0x1a436
seq=00000181 | cyc=181 | pc=0x000000000001a438 | insn=0x642b059 | len=4 | next=0x000000000001a43c | op=OP_UNKNOWN | uid=0x601 | parent=0x0 | src0=r5=0x0000000000000000 | src1=r4=0x0000000007feff10 | dst=- | wb=- | mem=ST8@0x0000000007feff28=0x0000000000000000 | trap=- | asm=sdi a3, [a2, 24]
seq=00000182 | cyc=182 | pc=0x000000000001a43c | insn=0x442b059 | len=4 | next=0x000000000001a440 | op=OP_UNKNOWN | uid=0x608 | parent=0x0 | src0=r5=0x0000000000000000 | src1=r4=0x0000000007feff10 | dst=- | wb=- | mem=ST8@0x0000000007feff20=0x0000000000000000 | trap=- | asm=sdi a3, [a2, 16]
seq=00000183 | cyc=183 | pc=0x000000000001a440 | insn=0x242b059 | len=4 | next=0x000000000001a444 | op=OP_UNKNOWN | uid=0x609 | parent=0x0 | src0=r5=0x0000000000000000 | src1=r4=0x0000000007feff10 | dst=- | wb=- | mem=ST8@0x0000000007feff18=0x0000000000000000 | trap=- | asm=sdi a3, [a2, 8]
seq=00000184 | cyc=184 | pc=0x000000000001a444 | insn=0x42b059 | len=4 | next=0x000000000001a448 | op=OP_UNKNOWN | uid=0x610 | parent=0x0 | src0=r5=0x0000000000000000 | src1=r4=0x0000000007feff10 | dst=- | wb=- | mem=ST8@0x0000000007feff10=0x0000000000000000 | trap=- | asm=sdi a3, [a2, 0]
seq=00000185 | cyc=185 | pc=0x000000000001a448 | insn=0x6730305 | len=4 | next=0x000000000001a44c | op=OP_UNKNOWN | uid=0x611 | parent=0x0 | src0=r6=0x0000000000000058 | src1=r7=0xffffffffffffffe0 | dst=r6=0x0000000000000038 | wb=r6=0x0000000000000038 | mem=- | trap=- | asm=a4, a5, ->a4
seq=00000186 | cyc=186 | pc=0x000000000001a44c | insn=0x6646065 | len=4 | next=0x000000000001a450 | op=OP_UNKNOWN | uid=0x618 | parent=0x0 | src0=r8=0x000000000000001f | src1=r6=0x0000000000000038 | dst=- | wb=- | mem=- | trap=- | asm=setc.ltu a6, a4
seq=00000187 | cyc=187 | pc=0x000000000001a450 | insn=0x2020215 | len=4 | next=0x000000000001a454 | op=OP_UNKNOWN | uid=0x619 | parent=0x0 | src0=r4=0x0000000007feff10 | src1=- | dst=r4=0x0000000007feff30 | wb=r4=0x0000000007feff30 | mem=- | trap=- | asm=addi a2, 32, ->a2
seq=00000188 | cyc=188 | pc=0x000000000001a436 | insn=0x4 | len=2 | next=0x000000000001a438 | op=OP_UNKNOWN | uid=0x640 | parent=0x0 | src0=- | src1=- | dst=- | wb=- | mem=- | trap=- | asm=C.BSTART COND, 0x1a436
seq=00000189 | cyc=189 | pc=0x000000000001a438 | insn=0x642b059 | len=4 | next=0x000000000001a43c | op=OP_UNKNOWN | uid=0x641 | parent=0x0 | src0=r5=0x0000000000000000 | src1=r4=0x0000000007feff30 | dst=- | wb=- | mem=ST8@0x0000000007feff48=0x0000000000000000 | trap=- | asm=sdi a3, [a2, 24]
seq=00000190 | cyc=190 | pc=0x000000000001a43c | insn=0x442b059 | len=4 | next=0x000000000001a440 | op=OP_UNKNOWN | uid=0x648 | parent=0x0 | src0=r5=0x0000000000000000 | src1=r4=0x0000000007feff30 | dst=- | wb=- | mem=ST8@0x0000000007feff40=0x0000000000000000 | trap=- | asm=sdi a3, [a2, 16]
seq=00000191 | cyc=191 | pc=0x000000000001a440 | insn=0x242b059 | len=4 | next=0x000000000001a444 | op=OP_UNKNOWN | uid=0x649 | parent=0x0 | src0=r5=0x0000000000000000 | src1=r4=0x0000000007feff30 | dst=- | wb=- | mem=ST8@0x0000000007feff38=0x0000000000000000 | trap=- | asm=sdi a3, [a2, 8]
seq=00000192 | cyc=192 | pc=0x000000000001a444 | insn=0x42b059 | len=4 | next=0x000000000001a448 | op=OP_UNKNOWN | uid=0x650 | parent=0x0 | src0=r5=0x0000000000000000 | src1=r4=0x0000000007feff30 | dst=- | wb=- | mem=ST8@0x0000000007feff30=0x0000000000000000 | trap=- | asm=sdi a3, [a2, 0]
seq=00000193 | cyc=193 | pc=0x000000000001a448 | insn=0x6730305 | len=4 | next=0x000000000001a44c | op=OP_UNKNOWN | uid=0x651 | parent=0x0 | src0=r6=0x0000000000000038 | src1=r7=0xffffffffffffffe0 | dst=r6=0x0000000000000018 | wb=r6=0x0000000000000018 | mem=- | trap=- | asm=a4, a5, ->a4
seq=00000194 | cyc=194 | pc=0x000000000001a44c | insn=0x6646065 | len=4 | next=0x000000000001a450 | op=OP_UNKNOWN | uid=0x658 | parent=0x0 | src0=r8=0x000000000000001f | src1=r6=0x0000000000000018 | dst=- | wb=- | mem=- | trap=- | asm=setc.ltu a6, a4
seq=00000195 | cyc=195 | pc=0x000000000001a450 | insn=0x2020215 | len=4 | next=0x000000000001a454 | op=OP_UNKNOWN | uid=0x659 | parent=0x0 | src0=r4=0x0000000007feff30 | src1=- | dst=r4=0x0000000007feff50 | wb=r4=0x0000000007feff50 | mem=- | trap=- | asm=addi a2, 32, ->a2
seq=00000196 | cyc=196 | pc=0x000000000001a454 | insn=0x2a53041 | len=4 | next=0x000000000001a454 | op=OP_UNKNOWN | uid=0x4000000000000694 | parent=0x660 | src0=- | src1=- | dst=- | wb=- | mem=- | trap=- | asm=FRET.STK [ra ~ ra], sp!, 8
seq=00000197 | cyc=197 | pc=0x000000000001a454 | insn=0x2a53041 | len=4 | next=0x000000000001a454 | op=OP_UNKNOWN | uid=0x4000000000000695 | parent=0x660 | src0=r1=0x0000000007fefdf8 | src1=- | dst=r1=0x0000000007fefe00 | wb=r1=0x0000000007fefe00 | mem=- | trap=- | asm=FRET.STK [ra ~ ra], sp!, 8
seq=00000198 | cyc=198 | pc=0x000000000001a454 | insn=0x2a53041 | len=4 | next=0x00000000000153f4 | op=OP_UNKNOWN | uid=0x6a4 | parent=0x660 | src0=r1=0x0000000007fefe00 | src1=- | dst=r10=0x00000000000153f4 | wb=r10=0x00000000000153f4 | mem=LD8@0x0000000007fefdf8=>0x00000000000153f4 | trap=- | asm=FRET.STK [ra ~ ra], sp!, 8
seq=00000199 | cyc=199 | pc=0x00000000000153f4 | insn=0x800 | len=2 | next=0x00000000000153f6 | op=OP_UNKNOWN | uid=0x6a8 | parent=0x0 | src0=- | src1=- | dst=- | wb=- | mem=- | trap=- | asm=C.BSTART.STD
seq=00000200 | cyc=200 | pc=0x00000000000153f6 | insn=0x6f87 | len=4 | next=0x00000000000153fa | op=OP_UNKNOWN | uid=0x6a9 | parent=0x0 | src0=- | src1=- | dst=- | wb=- | mem=- | trap=- | asm=addtpc 6, ->t
seq=00000201 | cyc=201 | pc=0x00000000000153fa | insn=0xe88c0f95 | len=4 | next=0x00000000000153fe | op=OP_UNKNOWN | uid=0x6b0 | parent=0x0 | src0=r24=0x000000000001b000 | src1=- | dst=- | wb=- | mem=- | trap=- | asm=addi t#1, 3720, ->t
seq=00000202 | cyc=202 | pc=0x00000000000153fe | insn=0x61a | len=2 | next=0x0000000000015400 | op=OP_UNKNOWN | uid=0x6b1 | parent=0x0 | src0=r24=0x000000000001be88 | src1=- | dst=- | wb=- | mem=LD8@0x000000000001be88=>0x000000000001cff8 | trap=- | asm=c.ldi [t#1, 0], ->t
seq=00000203 | cyc=203 | pc=0x0000000000015400 | insn=0x186b059 | len=4 | next=0x0000000000015404 | op=OP_UNKNOWN | uid=0x6b8 | parent=0x0 | src0=r13=0x0000000007ff0000 | src1=r24=0x000000000001cff8 | dst=- | wb=- | mem=ST8@0x000000000001cff8=0x0000000007ff0000 | trap=- | asm=sdi s2, [t#1, 0]
seq=00000204 | cyc=204 | pc=0x0000000000015404 | insn=0x4 | len=2 | next=0x0000000000015404 | op=OP_UNKNOWN | uid=0x6b9 | parent=0x0 | src0=- | src1=- | dst=- | wb=- | mem=- | trap=- | asm=C.BSTART COND, 0x15404
seq=00000205 | cyc=205 | pc=0x0000000000015404 | insn=0x4 | len=2 | next=0x0000000000015406 | op=OP_UNKNOWN | uid=0x6e0 | parent=0x0 | src0=- | src1=- | dst=- | wb=- | mem=- | trap=- | asm=C.BSTART COND, 0x15404
seq=00000206 | cyc=206 | pc=0x0000000000015406 | insn=0x868215 | len=4 | next=0x000000000001540a | op=OP_UNKNOWN | uid=0x6e1 | parent=0x0 | src0=r13=0x0000000007ff0000 | src1=- | dst=r4=0x0000000007ff0008 | wb=r4=0x0000000007ff0008 | mem=- | trap=- | asm=addi s2, 8, ->a2
seq=00000207 | cyc=207 | pc=0x000000000001540a | insn=0x35a | len=2 | next=0x000000000001540c | op=OP_UNKNOWN | uid=0x6e2 | parent=0x0 | src0=r13=0x0000000007ff0000 | src1=- | dst=- | wb=- | mem=LD8@0x0000000007ff0000=>0x0000000000000000 | trap=- | asm=c.ldi [s2, 0], ->t
seq=00000208 | cyc=208 | pc=0x000000000001540c | insn=0x5e36 | len=2 | next=0x000000000001540e | op=OP_UNKNOWN | uid=0x6e8 | parent=0x0 | src0=r24=0x0000000000000000 | src1=r11=0x0000000000000000 | dst=- | wb=- | mem=- | trap=- | asm=c.setc.ne t#1, s0
seq=00000209 | cyc=209 | pc=0x000000000001540e | insn=0x6906 | len=2 | next=0x0000000000015410 | op=OP_UNKNOWN | uid=0x6e9 | parent=0x0 | src0=r4=0x0000000007ff0008 | src1=- | dst=r13=0x0000000007ff0008 | wb=r13=0x0000000007ff0008 | mem=- | trap=- | asm=c.movr a2, ->s2
seq=00000210 | cyc=210 | pc=0x0000000000015410 | insn=0x294 | len=2 | next=0x0000000000015410 | op=OP_UNKNOWN | uid=0x6ea | parent=0x0 | src0=- | src1=- | dst=- | wb=- | mem=- | trap=- | asm=C.BSTART COND, 0x15462
seq=00000211 | cyc=211 | pc=0x0000000000015410 | insn=0x294 | len=2 | next=0x0000000000015412 | op=OP_UNKNOWN | uid=0x708 | parent=0x0 | src0=- | src1=- | dst=- | wb=- | mem=- | trap=- | asm=C.BSTART COND, 0x15462
seq=00000212 | cyc=212 | pc=0x0000000000015412 | insn=0xd96233e9000e | len=6 | next=0x0000000000015418 | op=OP_UNKNOWN | uid=0x709 | parent=0x0 | src0=r4=0x0000000007ff0008 | src1=- | dst=- | wb=- | mem=ST8@0x000000000001d1a8=0x0000000007ff0008 | trap=- | asm=hl.sd.pcr a2, [0x7d96]
seq=00000213 | cyc=213 | pc=0x0000000000015418 | insn=0x23119 | len=4 | next=0x000000000001541c | op=OP_UNKNOWN | uid=0x710 | parent=0x0 | src0=r4=0x0000000007ff0008 | src1=- | dst=r2=0x0000000000000000 | wb=r2=0x0000000000000000 | mem=LD8@0x0000000007ff0008=>0x0000000000000000 | trap=- | asm=ldi [a2, 0], ->a0
seq=00000214 | cyc=214 | pc=0x000000000001541c | insn=0x58a6 | len=2 | next=0x000000000001541e | op=OP_UNKNOWN | uid=0x711 | parent=0x0 | src0=r2=0x0000000000000000 | src1=r11=0x0000000000000000 | dst=- | wb=- | mem=- | trap=- | asm=c.setc.eq a0, s0
seq=00000215 | cyc=215 | pc=0x000000000001541e | insn=0xc2 | len=2 | next=0x0000000000015462 | op=OP_UNKNOWN | uid=0x712 | parent=0x0 | src0=- | src1=- | dst=- | wb=- | mem=- | trap=- | asm=C.BSTART DIRECT, 0x15436
seq=00000216 | cyc=216 | pc=0x0000000000015462 | insn=0x800 | len=2 | next=0x0000000000015464 | op=OP_UNKNOWN | uid=0x738 | parent=0x0 | src0=- | src1=- | dst=- | wb=- | mem=- | trap=- | asm=C.BSTART.STD
seq=00000217 | cyc=217 | pc=0x0000000000015464 | insn=0xda45b3e9000e | len=6 | next=0x000000000001546a | op=OP_UNKNOWN | uid=0x739 | parent=0x0 | src0=r11=0x0000000000000000 | src1=- | dst=- | wb=- | mem=ST8@0x000000000001d208=0x0000000000000000 | trap=- | asm=hl.sd.pcr s0, [0x7da4]
seq=00000218 | cyc=218 | pc=0x000000000001546a | insn=0x302 | len=2 | next=0x000000000001546a | op=OP_UNKNOWN | uid=0x740 | parent=0x0 | src0=- | src1=- | dst=- | wb=- | mem=- | trap=- | asm=C.BSTART DIRECT, 0x154ca
seq=00000219 | cyc=219 | pc=0x000000000001546a | insn=0x302 | len=2 | next=0x000000000001546c | op=OP_UNKNOWN | uid=0x758 | parent=0x0 | src0=- | src1=- | dst=- | wb=- | mem=- | trap=- | asm=C.BSTART DIRECT, 0x154ca
seq=00000220 | cyc=220 | pc=0x000000000001546c | insn=0x60f55 | len=4 | next=0x0000000000015470 | op=OP_UNKNOWN | uid=0x759 | parent=0x0 | src0=r12=0x0000000000000000 | src1=- | dst=- | wb=- | mem=- | trap=- | asm=cmp.eqi s1, 0, ->u
seq=00000221 | cyc=221 | pc=0x0000000000015470 | insn=0x260bf99 | len=4 | next=0x0000000000015474 | op=OP_UNKNOWN | uid=0x760 | parent=0x0 | src0=r1=0x0000000007fefe00 | src1=- | dst=- | wb=- | mem=LD8@0x0000000007feff30=>0x0000000000000000 | trap=- | asm=ldi [sp, 304], ->t
seq=00000222 | cyc=222 | pc=0x0000000000015474 | insn=0xe7860177 | len=4 | next=0x0000000000015478 | op=OP_UNKNOWN | uid=0x761 | parent=0x0 | src0=r12=0x0000000000000000 | src1=r24=0x0000000000000000 | dst=r2=0x0000000000000000 | wb=r2=0x0000000000000000 | mem=- | trap=- | asm=csel u#1, s1, t#1, ->a0
seq=00000223 | cyc=223 | pc=0x0000000000015478 | insn=0xffffbf87 | len=4 | next=0x000000000001547c | op=OP_UNKNOWN | uid=0x768 | parent=0x0 | src0=- | src1=- | dst=- | wb=- | mem=- | trap=- | asm=addtpc 1048571, ->t
seq=00000224 | cyc=224 | pc=0x000000000001547c | insn=0x341c0f15 | len=4 | next=0x0000000000015480 | op=OP_UNKNOWN | uid=0x769 | parent=0x0 | src0=r24=0x0000000000010000 | src1=- | dst=- | wb=- | mem=- | trap=- | asm=addi t#1, 833, ->u
seq=00000225 | cyc=225 | pc=0x0000000000015480 | insn=0x10fd5 | len=4 | next=0x0000000000015484 | op=OP_UNKNOWN | uid=0x770 | parent=0x0 | src0=r2=0x0000000000000000 | src1=- | dst=- | wb=- | mem=- | trap=- | asm=cmp.eqi a0, 0, ->t
seq=00000226 | cyc=226 | pc=0x0000000000015484 | insn=0xc7c10f77 | len=4 | next=0x0000000000015488 | op=OP_UNKNOWN | uid=0x771 | parent=0x0 | src0=r2=0x0000000000000000 | src1=r28=0x0000000000010341 | dst=- | wb=- | mem=- | trap=- | asm=csel t#1, a0, u#1, ->u
seq=00000227 | cyc=227 | pc=0x0000000000015488 | insn=0x6f87 | len=4 | next=0x000000000001548c | op=OP_UNKNOWN | uid=0x778 | parent=0x0 | src0=- | src1=- | dst=- | wb=- | mem=- | trap=- | asm=addtpc 6, ->t
seq=00000228 | cyc=228 | pc=0x000000000001548c | insn=0xe90c0f95 | len=4 | next=0x0000000000015490 | op=OP_UNKNOWN | uid=0x779 | parent=0x0 | src0=r24=0x000000000001b000 | src1=- | dst=- | wb=- | mem=- | trap=- | asm=addi t#1, 3728, ->t
seq=00000229 | cyc=229 | pc=0x0000000000015490 | insn=0x61a | len=2 | next=0x0000000000015492 | op=OP_UNKNOWN | uid=0x780 | parent=0x0 | src0=r24=0x000000000001be90 | src1=- | dst=- | wb=- | mem=LD8@0x000000000001be90=>0x000000000001d198 | trap=- | asm=c.ldi [t#1, 0], ->t
seq=00000230 | cyc=230 | pc=0x0000000000015492 | insn=0x18e3059 | len=4 | next=0x0000000000015496 | op=OP_UNKNOWN | uid=0x781 | parent=0x0 | src0=r28=0x0000000000010341 | src1=r24=0x000000000001d198 | dst=- | wb=- | mem=ST8@0x000000000001d198=0x0000000000010341 | trap=- | asm=sdi u#1, [t#1, 0]
seq=00000231 | cyc=231 | pc=0x0000000000015496 | insn=0x6f87 | len=4 | next=0x000000000001549a | op=OP_UNKNOWN | uid=0x788 | parent=0x0 | src0=- | src1=- | dst=- | wb=- | mem=- | trap=- | asm=addtpc 6, ->t
seq=00000232 | cyc=232 | pc=0x000000000001549a | insn=0xe98c0f95 | len=4 | next=0x000000000001549e | op=OP_UNKNOWN | uid=0x789 | parent=0x0 | src0=r24=0x000000000001b000 | src1=- | dst=- | wb=- | mem=- | trap=- | asm=addi t#1, 3736, ->t
seq=00000233 | cyc=233 | pc=0x000000000001549e | insn=0x61a | len=2 | next=0x00000000000154a0 | op=OP_UNKNOWN | uid=0x790 | parent=0x0 | src0=r24=0x000000000001be98 | src1=- | dst=- | wb=- | mem=LD8@0x000000000001be98=>0x000000000001d190 | trap=- | asm=c.ldi [t#1, 0], ->t
seq=00000234 | cyc=234 | pc=0x00000000000154a0 | insn=0x18e3059 | len=4 | next=0x00000000000154a4 | op=OP_UNKNOWN | uid=0x791 | parent=0x0 | src0=r28=0x0000000000010341 | src1=r24=0x000000000001d190 | dst=- | wb=- | mem=ST8@0x000000000001d190=0x0000000000010341 | trap=- | asm=sdi u#1, [t#1, 0]
seq=00000235 | cyc=235 | pc=0x00000000000154a4 | insn=0x685a | len=2 | next=0x00000000000154a6 | op=OP_UNKNOWN | uid=0x792 | parent=0x0 | src0=r1=0x0000000007fefe00 | src1=- | dst=- | wb=- | mem=LD8@0x0000000007fefe68=>0x0000000000000000 | trap=- | asm=c.ldi [sp, 104], ->t
seq=00000236 | cyc=236 | pc=0x00000000000154a6 | insn=0xd2ac33e9000e | len=6 | next=0x00000000000154ac | op=OP_UNKNOWN | uid=0x798 | parent=0x0 | src0=r24=0x0000000000000000 | src1=- | dst=- | wb=- | mem=ST8@0x000000000001d1d0=0x0000000000000000 | trap=- | asm=hl.sd.pcr t#1, [0x7d2a]
seq=00000237 | cyc=237 | pc=0x00000000000154ac | insn=0x1e0115 | len=4 | next=0x00000000000154b0 | op=OP_UNKNOWN | uid=0x7a0 | parent=0x0 | src0=r28=0x0000000000010341 | src1=- | dst=r2=0x0000000000010342 | wb=r2=0x0000000000010342 | mem=- | trap=- | asm=addi u#1, 1, ->a0
seq=00000238 | cyc=238 | pc=0x00000000000154b0 | insn=0x2f00215 | len=4 | next=0x00000000000154b4 | op=OP_UNKNOWN | uid=0x7a1 | parent=0x0 | src0=r0=0x0000000000000000 | src1=- | dst=r4=0x000000000000002f | wb=r4=0x000000000000002f | mem=- | trap=- | asm=addi zero, 47, ->a2
seq=00000239 | cyc=239 | pc=0x00000000000154b4 | insn=0x800 | len=2 | next=0x00000000000154ca | op=OP_UNKNOWN | uid=0x7a8 | parent=0x0 | src0=- | src1=- | dst=- | wb=- | mem=- | trap=- | asm=C.BSTART.STD
seq=00000240 | cyc=240 | pc=0x00000000000154ca | insn=0xff54 | len=2 | next=0x00000000000154cc | op=OP_UNKNOWN | uid=0x7d0 | parent=0x0 | src0=- | src1=- | dst=- | wb=- | mem=- | trap=- | asm=C.BSTART COND, 0x154b4
seq=00000241 | cyc=241 | pc=0x00000000000154cc | insn=0xfff14f99 | len=4 | next=0x00000000000154d0 | op=OP_UNKNOWN | uid=0x7d1 | parent=0x0 | src0=r2=0x0000000000010342 | src1=- | dst=- | wb=- | mem=LD1@0x0000000000010341=>0x0000000000000000 | trap=- | asm=lbui [a0, -1], ->t
seq=00000242 | cyc=242 | pc=0x00000000000154d0 | insn=0x60c02a5 | len=4 | next=0x00000000000154d4 | op=OP_UNKNOWN | uid=0x7d8 | parent=0x0 | src0=r24=0x0000000000000000 | src1=r0=0x0000000000000000 | dst=r5=0x0000000000000000 | wb=r5=0x0000000000000000 | mem=- | trap=- | asm=addw t#1, zero, ->a3
seq=00000243 | cyc=243 | pc=0x00000000000154d4 | insn=0x2166 | len=2 | next=0x00000000000154d6 | op=OP_UNKNOWN | uid=0x7d9 | parent=0x0 | src0=r5=0x0000000000000000 | src1=r4=0x000000000000002f | dst=- | wb=- | mem=- | trap=- | asm=c.setc.eq a3, a2
seq=00000244 | cyc=244 | pc=0x00000000000154d6 | insn=0xff74 | len=2 | next=0x00000000000154d6 | op=OP_UNKNOWN | uid=0x7da | parent=0x0 | src0=- | src1=- | dst=- | wb=- | mem=- | trap=- | asm=C.BSTART COND, 0x154c4
seq=00000245 | cyc=245 | pc=0x00000000000154d6 | insn=0xff74 | len=2 | next=0x00000000000154d8 | op=OP_UNKNOWN | uid=0x800 | parent=0x0 | src0=- | src1=- | dst=- | wb=- | mem=- | trap=- | asm=C.BSTART COND, 0x154c4
seq=00000246 | cyc=246 | pc=0x00000000000154d8 | insn=0x5976 | len=2 | next=0x00000000000154da | op=OP_UNKNOWN | uid=0x801 | parent=0x0 | src0=r5=0x0000000000000000 | src1=r11=0x0000000000000000 | dst=- | wb=- | mem=- | trap=- | asm=c.setc.ne a3, s0
seq=00000247 | cyc=247 | pc=0x00000000000154da | insn=0xcec001000e | len=6 | next=0x00000000000154da | op=OP_UNKNOWN | uid=0x808 | parent=0x0 | src0=- | src1=- | dst=- | wb=- | mem=- | trap=- | asm=HL.BSTART.STD CALL, 0x15814, ra=.LBB2_27
seq=00000248 | cyc=248 | pc=0x00000000000154da | insn=0xcec001000e | len=6 | next=0x00000000000154e0 | op=OP_UNKNOWN | uid=0x820 | parent=0x0 | src0=- | src1=- | dst=- | wb=- | mem=- | trap=- | asm=HL.BSTART.STD CALL, 0x15814, ra=.LBB2_27
seq=00000249 | cyc=249 | pc=0x00000000000154e0 | insn=0x50d6 | len=2 | next=0x00000000000154e2 | op=OP_UNKNOWN | uid=0x821 | parent=0x0 | src0=- | src1=- | dst=r10=0x00000000000154e6 | wb=r10=0x00000000000154e6 | mem=- | trap=-
seq=00000250 | cyc=250 | pc=0x00000000000154e2 | insn=0x3808115 | len=4 | next=0x00000000000154e6 | op=OP_UNKNOWN | uid=0x828 | parent=0x0 | src0=r1=0x0000000007fefe00 | src1=- | dst=r2=0x0000000007fefe38 | wb=r2=0x0000000007fefe38 | mem=- | trap=- | asm=addi sp, 56, ->a0
seq=00000251 | cyc=251 | pc=0x00000000000154e6 | insn=0xffbac001fffe | len=6 | next=0x0000000000015814 | op=OP_UNKNOWN | uid=0x830 | parent=0x0 | src0=- | src1=- | dst=- | wb=- | mem=- | trap=- | asm=HL.BSTART.STD CALL, 0x153d0, ra=.LBB2_28
seq=00000252 | cyc=252 | pc=0x0000000000015814 | insn=0x15150041 | len=4 | next=0x0000000000015814 | op=OP_UNKNOWN | uid=0x874 | parent=0x848 | src0=r1=0x0000000007fefe00 | src1=- | dst=r1=0x0000000007fefdb0 | wb=r1=0x0000000007fefdb0 | mem=- | trap=- | asm=FENTRY [ra ~ s6], sp!, 80
seq=00000253 | cyc=253 | pc=0x0000000000015814 | insn=0x15150041 | len=4 | next=0x0000000000015814 | op=OP_UNKNOWN | uid=0x884 | parent=0x848 | src0=r10=0x00000000000154e6 | src1=- | dst=- | wb=- | mem=ST8@0x0000000007fefdf8=0x00000000000154e6 | trap=- | asm=FENTRY [ra ~ s6], sp!, 80
seq=00000254 | cyc=254 | pc=0x0000000000015814 | insn=0x15150041 | len=4 | next=0x0000000000015814 | op=OP_UNKNOWN | uid=0x894 | parent=0x848 | src0=r11=0x0000000000000000 | src1=- | dst=- | wb=- | mem=ST8@0x0000000007fefdf0=0x0000000000000000 | trap=- | asm=FENTRY [ra ~ s6], sp!, 80
seq=00000255 | cyc=255 | pc=0x0000000000015814 | insn=0x15150041 | len=4 | next=0x0000000000015814 | op=OP_UNKNOWN | uid=0x8a4 | parent=0x848 | src0=r12=0x0000000000000000 | src1=- | dst=- | wb=- | mem=ST8@0x0000000007fefde8=0x0000000000000000 | trap=- | asm=FENTRY [ra ~ s6], sp!, 80
seq=00000256 | cyc=256 | pc=0x0000000000015814 | insn=0x15150041 | len=4 | next=0x0000000000015814 | op=OP_UNKNOWN | uid=0x8b4 | parent=0x848 | src0=r13=0x0000000007ff0008 | src1=- | dst=- | wb=- | mem=ST8@0x0000000007fefde0=0x0000000007ff0008 | trap=- | asm=FENTRY [ra ~ s6], sp!, 80
seq=00000257 | cyc=257 | pc=0x0000000000015814 | insn=0x15150041 | len=4 | next=0x0000000000015814 | op=OP_UNKNOWN | uid=0x8c4 | parent=0x848 | src0=r14=0x0000000000000000 | src1=- | dst=- | wb=- | mem=ST8@0x0000000007fefdd8=0x0000000000000000 | trap=- | asm=FENTRY [ra ~ s6], sp!, 80
seq=00000258 | cyc=258 | pc=0x0000000000015814 | insn=0x15150041 | len=4 | next=0x0000000000015814 | op=OP_UNKNOWN | uid=0x8cc | parent=0x848 | src0=r15=0x0000000000000000 | src1=- | dst=- | wb=- | mem=ST8@0x0000000007fefdd0=0x0000000000000000 | trap=- | asm=FENTRY [ra ~ s6], sp!, 80
seq=00000259 | cyc=259 | pc=0x0000000000015814 | insn=0x15150041 | len=4 | next=0x0000000000015814 | op=OP_UNKNOWN | uid=0x8d4 | parent=0x848 | src0=r16=0x0000000000000000 | src1=- | dst=- | wb=- | mem=ST8@0x0000000007fefdc8=0x0000000000000000 | trap=- | asm=FENTRY [ra ~ s6], sp!, 80
seq=00000260 | cyc=260 | pc=0x0000000000015814 | insn=0x15150041 | len=4 | next=0x0000000000015818 | op=OP_UNKNOWN | uid=0x8dc | parent=0x848 | src0=r17=0x0000000000000000 | src1=- | dst=- | wb=- | mem=ST8@0x0000000007fefdc0=0x0000000000000000 | trap=- | asm=FENTRY [ra ~ s6], sp!, 80
seq=00000261 | cyc=261 | pc=0x0000000000015818 | insn=0x734 | len=2 | next=0x000000000001581a | op=OP_UNKNOWN | uid=0x850 | parent=0x0 | src0=- | src1=- | dst=- | wb=- | mem=- | trap=- | asm=C.BSTART COND, 0x158fe
seq=00000262 | cyc=262 | pc=0x000000000001581a | insn=0x313219 | len=4 | next=0x000000000001581e | op=OP_UNKNOWN | uid=0x851 | parent=0x0 | src0=r2=0x0000000007fefe38 | src1=- | dst=r4=0x0000000000000000 | wb=r4=0x0000000000000000 | mem=LD8@0x0000000007fefe50=>0x0000000000000000 | trap=- | asm=ldi [a0, 24], ->a2
seq=00000263 | cyc=263 | pc=0x000000000001581e | insn=0x513299 | len=4 | next=0x0000000000015822 | op=OP_UNKNOWN | uid=0x858 | parent=0x0 | src0=r2=0x0000000007fefe38 | src1=- | dst=r5=0x0000000000000000 | wb=r5=0x0000000000000000 | mem=LD8@0x0000000007fefe60=>0x0000000000000000 | trap=- | asm=ldi [a0, 40], ->a3
seq=00000264 | cyc=264 | pc=0x0000000000015822 | insn=0x3006 | len=2 | next=0x0000000000015824 | op=OP_UNKNOWN | uid=0x859 | parent=0x0 | src0=r0=0x0000000000000000 | src1=- | dst=r6=0x0000000000000000 | wb=r6=0x0000000000000000 | mem=- | trap=- | asm=c.movr zero, ->a4
seq=00000265 | cyc=265 | pc=0x0000000000015824 | insn=0x3166 | len=2 | next=0x0000000000015826 | op=OP_UNKNOWN | uid=0x85a | parent=0x0 | src0=r5=0x0000000000000000 | src1=r6=0x0000000000000000 | dst=- | wb=- | mem=- | trap=- | asm=c.setc.eq a3, a4
seq=00000266 | cyc=266 | pc=0x0000000000015826 | insn=0x182 | len=2 | next=0x00000000000158fe | op=OP_UNKNOWN | uid=0x860 | parent=0x0 | src0=- | src1=- | dst=- | wb=- | mem=- | trap=- | asm=C.BSTART DIRECT, 0x15856
seq=00000267 | cyc=267 | pc=0x00000000000158fe | insn=0x800 | len=2 | next=0x0000000000015900 | op=OP_UNKNOWN | uid=0x8f8 | parent=0x0 | src0=- | src1=- | dst=- | wb=- | mem=- | trap=- | asm=C.BSTART.STD
seq=00000268 | cyc=268 | pc=0x0000000000015900 | insn=0x3b883239000e | len=6 | next=0x0000000000015906 | op=OP_UNKNOWN | uid=0x8f9 | parent=0x0 | src0=- | src1=- | dst=r4=0x0000000000000000 | wb=r4=0x0000000000000000 | mem=LD8@0x000000000001d010=>0x0000000000000000 | trap=- | asm=hl.ld.pcr [0x7710], ->a2
seq=00000269 | cyc=269 | pc=0x0000000000015906 | insn=0x3b8d32b9000e | len=6 | next=0x000000000001590c | op=OP_UNKNOWN | uid=0x900 | parent=0x0 | src0=- | src1=- | dst=r5=0x0000000000000000 | wb=r5=0x0000000000000000 | mem=LD8@0x000000000001d020=>0x0000000000000000 | trap=- | asm=hl.ld.pcr [0x771a], ->a3
seq=00000270 | cyc=270 | pc=0x000000000001590c | insn=0x3b8e3139000e | len=6 | next=0x0000000000015912 | op=OP_UNKNOWN | uid=0x908 | parent=0x0 | src0=- | src1=- | dst=r2=0x0000000000000000 | wb=r2=0x0000000000000000 | mem=LD8@0x000000000001d028=>0x0000000000000000 | trap=- | asm=hl.ld.pcr [0x771c], ->a0
seq=00000271 | cyc=271 | pc=0x0000000000015912 | insn=0x1a4 | len=2 | next=0x0000000000015912 | op=OP_UNKNOWN | uid=0x909 | parent=0x0 | src0=- | src1=- | dst=- | wb=- | mem=- | trap=- | asm=C.BSTART COND, 0x15946
seq=00000272 | cyc=272 | pc=0x0000000000015912 | insn=0x1a4 | len=2 | next=0x0000000000015914 | op=OP_UNKNOWN | uid=0x928 | parent=0x0 | src0=- | src1=- | dst=- | wb=- | mem=- | trap=- | asm=C.BSTART COND, 0x15946
seq=00000273 | cyc=273 | pc=0x0000000000015914 | insn=0x2148 | len=2 | next=0x0000000000015916 | op=OP_UNKNOWN | uid=0x929 | parent=0x0 | src0=r5=0x0000000000000000 | src1=r4=0x0000000000000000 | dst=- | wb=- | mem=- | trap=- | asm=c.add a3, a2, ->t
seq=00000274 | cyc=274 | pc=0x0000000000015916 | insn=0x6006 | len=2 | next=0x0000000000015918 | op=OP_UNKNOWN | uid=0x92a | parent=0x0 | src0=r0=0x0000000000000000 | src1=- | dst=r12=0x0000000000000000 | wb=r12=0x0000000000000000 | mem=- | trap=- | asm=c.movr zero, ->s1
seq=00000275 | cyc=275 | pc=0x0000000000015918 | insn=0x7861f05 | len=4 | next=0x000000000001591c | op=OP_UNKNOWN | uid=0x930 | parent=0x0 | src0=r12=0x0000000000000000 | src1=r24=0x0000000000000000 | dst=- | wb=- | mem=- | trap=- | asm=sub s1, t#1, ->u
seq=00000276 | cyc=276 | pc=0x000000000001591c | insn=0x47d6 | len=2 | next=0x000000000001591e | op=OP_UNKNOWN | uid=0x931 | parent=0x0 | src0=- | src1=- | dst=r8=0xffffffffffffffff | wb=r8=0xffffffffffffffff | mem=- | trap=- | asm=c.movi -1, ->a6
seq=00000277 | cyc=277 | pc=0x000000000001591e | insn=0x4088 | len=2 | next=0x0000000000015920 | op=OP_UNKNOWN | uid=0x932 | parent=0x0 | src0=r2=0x0000000000000000 | src1=r8=0xffffffffffffffff | dst=- | wb=- | mem=- | trap=- | asm=c.add a0, a6, ->t
seq=00000278 | cyc=278 | pc=0x0000000000015920 | insn=0xe628 | len=2 | next=0x0000000000015922 | op=OP_UNKNOWN | uid=0x938 | parent=0x0 | src0=r24=0xffffffffffffffff | src1=r28=0x0000000000000000 | dst=- | wb=- | mem=- | trap=- | asm=c.and t#1, u#1, ->t
seq=00000279 | cyc=279 | pc=0x0000000000015922 | insn=0x65c0285 | len=4 | next=0x0000000000015926 | op=OP_UNKNOWN | uid=0x939 | parent=0x0 | src0=r24=0x0000000000000000 | src1=r5=0x0000000000000000 | dst=r5=0x0000000000000000 | wb=r5=0x0000000000000000 | mem=- | trap=- | asm=t#1, a3, ->a3
seq=00000280 | cyc=280 | pc=0x0000000000015926 | insn=0x64ca205 | len=4 | next=0x000000000001592a | op=OP_UNKNOWN | uid=0x940 | parent=0x0 | src0=r25=0xffffffffffffffff | src1=r4=0x0000000000000000 | dst=r4=0x0000000000000000 | wb=r4=0x0000000000000000 | mem=- | trap=- | asm=and t#2, a2, ->a2
seq=00000281 | cyc=281 | pc=0x000000000001592a | insn=0x706233e9000e | len=6 | next=0x0000000000015930 | op=OP_UNKNOWN | uid=0x948 | parent=0x0 | src0=r4=0x0000000000000000 | src1=- | dst=- | wb=- | mem=ST8@0x000000000001d030=0x0000000000000000 | trap=- | asm=hl.sd.pcr a2, [0x7706]
seq=00000282 | cyc=282 | pc=0x0000000000015930 | insn=0x6f02b3e9000e | len=6 | next=0x0000000000015936 | op=OP_UNKNOWN | uid=0x950 | parent=0x0 | src0=r5=0x0000000000000000 | src1=- | dst=- | wb=- | mem=ST8@0x000000000001d020=0x0000000000000000 | trap=- | asm=hl.sd.pcr a3, [0x76f0]
seq=00000283 | cyc=283 | pc=0x0000000000015936 | insn=0xf9d6 | len=2 | next=0x0000000000015938 | op=OP_UNKNOWN | uid=0x951 | parent=0x0 | src0=- | src1=- | dst=- | wb=- | mem=- | trap=- | asm=c.movi 7, ->t
seq=00000284 | cyc=284 | pc=0x0000000000015938 | insn=0x62c6065 | len=4 | next=0x000000000001593c | op=OP_UNKNOWN | uid=0x958 | parent=0x0 | src0=r24=0x0000000000000007 | src1=r2=0x0000000000000000 | dst=- | wb=- | mem=- | trap=- | asm=setc.ltu t#1, a0
seq=00000285 | cyc=285 | pc=0x000000000001593c | insn=0x800 | len=2 | next=0x000000000001593c | op=OP_UNKNOWN | uid=0x959 | parent=0x0 | src0=- | src1=- | dst=- | wb=- | mem=- | trap=- | asm=C.BSTART.STD
seq=00000286 | cyc=286 | pc=0x000000000001593c | insn=0x800 | len=2 | next=0x000000000001593e | op=OP_UNKNOWN | uid=0x978 | parent=0x0 | src0=- | src1=- | dst=- | wb=- | mem=- | trap=- | asm=C.BSTART.STD
seq=00000287 | cyc=287 | pc=0x000000000001593e | insn=0x1216 | len=2 | next=0x0000000000015940 | op=OP_UNKNOWN | uid=0x979 | parent=0x0 | src0=- | src1=- | dst=r2=0x0000000000000008 | wb=r2=0x0000000000000008 | mem=- | trap=- | asm=c.movi 8, ->a0
seq=00000288 | cyc=288 | pc=0x0000000000015940 | insn=0x6e8133e9000e | len=6 | next=0x0000000000015946 | op=OP_UNKNOWN | uid=0x980 | parent=0x0 | src0=r2=0x0000000000000008 | src1=- | dst=- | wb=- | mem=ST8@0x000000000001d028=0x0000000000000008 | trap=- | asm=hl.sd.pcr a0, [0x76e8]
seq=00000289 | cyc=289 | pc=0x0000000000015946 | insn=0x2d4 | len=2 | next=0x0000000000015946 | op=OP_UNKNOWN | uid=0x981 | parent=0x0 | src0=- | src1=- | dst=- | wb=- | mem=- | trap=- | asm=C.BSTART COND, 0x159a0
seq=00000290 | cyc=290 | pc=0x0000000000015946 | insn=0x2d4 | len=2 | next=0x0000000000015948 | op=OP_UNKNOWN | uid=0x9a0 | parent=0x0 | src0=- | src1=- | dst=- | wb=- | mem=- | trap=- | asm=C.BSTART COND, 0x159a0
seq=00000291 | cyc=291 | pc=0x0000000000015948 | insn=0x2908 | len=2 | next=0x000000000001594a | op=OP_UNKNOWN | uid=0x9a1 | parent=0x0 | src0=r4=0x0000000000000000 | src1=r5=0x0000000000000000 | dst=- | wb=- | mem=- | trap=- | asm=c.add a2, a3, ->t
seq=00000292 | cyc=292 | pc=0x000000000001594a | insn=0x876133e9000e | len=6 | next=0x0000000000015950 | op=OP_UNKNOWN | uid=0x9a8 | parent=0x0 | src0=r2=0x0000000000000008 | src1=- | dst=- | wb=- | mem=ST8@0x000000000001d1c0=0x0000000000000008 | trap=- | asm=hl.sd.pcr a0, [0x7876]
seq=00000293 | cyc=293 | pc=0x0000000000015950 | insn=0x1608 | len=2 | next=0x0000000000015952 | op=OP_UNKNOWN | uid=0x9a9 | parent=0x0 | src0=r24=0x0000000000000000 | src1=r2=0x0000000000000008 | dst=- | wb=- | mem=- | trap=- | asm=c.add t#1, a0, ->t
seq=00000294 | cyc=294 | pc=0x0000000000015952 | insn=0x8207 | len=4 | next=0x0000000000015956 | op=OP_UNKNOWN | uid=0x9b0 | parent=0x0 | src0=- | src1=- | dst=r4=0x000000000001d000 | wb=r4=0x000000000001d000 | mem=- | trap=- | asm=addtpc 8, ->a2
seq=00000295 | cyc=295 | pc=0x0000000000015956 | insn=0xdfc0f95 | len=4 | next=0x000000000001595a | op=OP_UNKNOWN | uid=0x9b1 | parent=0x0 | src0=r24=0x0000000000000008 | src1=- | dst=- | wb=- | mem=- | trap=- | asm=addi t#1, 223, ->t
seq=00000296 | cyc=296 | pc=0x000000000001595a | insn=0xff8c2715 | len=4 | next=0x000000000001595e | op=OP_UNKNOWN | uid=0x9b8 | parent=0x0 | src0=r24=0x00000000000000e7 | src1=- | dst=r14=0x00000000000000e0 | wb=r14=0x00000000000000e0 | mem=- | trap=- | asm=andi t#1, -8, ->s3
seq=00000297 | cyc=297 | pc=0x000000000001595e | insn=0x85a733e9000e | len=6 | next=0x0000000000015964 | op=OP_UNKNOWN | uid=0x9c0 | parent=0x0 | src0=r14=0x00000000000000e0 | src1=- | dst=- | wb=- | mem=ST8@0x000000000001d1b8=0x00000000000000e0 | trap=- | asm=hl.sd.pcr s3, [0x785a]
seq=00000298 | cyc=298 | pc=0x0000000000015964 | insn=0x15100f95 | len=4 | next=0x0000000000015968 | op=OP_UNKNOWN | uid=0x9c8 | parent=0x0 | src0=r0=0x0000000000000000 | src1=- | dst=- | wb=- | mem=- | trap=- | asm=addi zero, 337, ->t
seq=00000299 | cyc=299 | pc=0x0000000000015968 | insn=0x7876065 | len=4 | next=0x000000000001596c | op=OP_UNKNOWN | uid=0x9c9 | parent=0x0 | src0=r14=0x00000000000000e0 | src1=r24=0x0000000000000151 | dst=- | wb=- | mem=- | trap=- | asm=setc.ltu s3, t#1

# rows=300
