# LinxCore instruction trace
# input_jsonl: /Users/zhoubot/LinxCore/tests/benchmarks_latest_llvm_musl/verify/dhrystone/dut_trace.jsonl
# disasm_elf: /Users/zhoubot/LinxCore/tests/benchmarks_latest_llvm_musl/elf/dhrystone/dhrystone.elf

seq=00000000 | cyc=0 | pc=0x00000000000122d8 | insn=0x800 | len=2 | next=0x00000000000122da | op=OP_UNKNOWN | uid=0x8 | parent=0x0 | src0=- | src1=- | dst=- | wb=- | mem=- | trap=- | asm=C.BSTART.STD
seq=00000001 | cyc=1 | pc=0x00000000000122da | insn=0x1046 | len=2 | next=0x00000000000122dc | op=OP_UNKNOWN | uid=0x9 | parent=0x0 | src0=r1=0x0000000007fefff0 | src1=- | dst=r2=0x0000000007fefff0 | wb=r2=0x0000000007fefff0 | mem=- | trap=- | asm=c.movr sp, ->a0
seq=00000002 | cyc=2 | pc=0x00000000000122dc | insn=0xfffee187 | len=4 | next=0x00000000000122e0 | op=OP_UNKNOWN | uid=0xa | parent=0x0 | src0=- | src1=- | dst=r3=0x0000000000000000 | wb=r3=0x0000000000000000 | mem=- | trap=- | asm=addtpc 1048558, ->a1
seq=00000003 | cyc=3 | pc=0x00000000000122e0 | insn=0x18195 | len=4 | next=0x00000000000122e4 | op=OP_UNKNOWN | uid=0x10 | parent=0x0 | src0=r3=0x0000000000000000 | src1=- | dst=r3=0x0000000000000000 | wb=r3=0x0000000000000000 | mem=- | trap=- | asm=addi a1, 0, ->a1
seq=00000004 | cyc=4 | pc=0x00000000000122e4 | insn=0x3c001000e | len=6 | next=0x00000000000122e4 | op=OP_UNKNOWN | uid=0x18 | parent=0x0 | src0=- | src1=- | dst=- | wb=- | mem=- | trap=- | asm=HL.BSTART.STD CALL, 0x122f2, ra=.Ltmp0
seq=00000005 | cyc=5 | pc=0x00000000000122e4 | insn=0x3c001000e | len=6 | next=0x00000000000122ea | op=OP_UNKNOWN | uid=0x30 | parent=0x0 | src0=- | src1=- | dst=- | wb=- | mem=- | trap=- | asm=HL.BSTART.STD CALL, 0x122f2, ra=.Ltmp0
seq=00000006 | cyc=6 | pc=0x00000000000122ea | insn=0x5096 | len=2 | next=0x00000000000122ec | op=OP_UNKNOWN | uid=0x31 | parent=0x0 | src0=- | src1=- | dst=r10=0x00000000000122ee | wb=r10=0x00000000000122ee | mem=- | trap=-
seq=00000007 | cyc=7 | pc=0x00000000000122ec | insn=0x0 | len=2 | next=0x00000000000122f2 | op=OP_UNKNOWN | uid=0x38 | parent=0x0 | src0=- | src1=- | dst=- | wb=- | mem=- | trap=- | asm=C.BSTOP
seq=00000008 | cyc=8 | pc=0x00000000000122f2 | insn=0x4a50041 | len=4 | next=0x00000000000122f2 | op=OP_UNKNOWN | uid=0x7c | parent=0x50 | src0=r1=0x0000000007fefff0 | src1=- | dst=r1=0x0000000007feffe0 | wb=r1=0x0000000007feffe0 | mem=- | trap=- | asm=FENTRY [ra ~ ra], sp!, 16
seq=00000009 | cyc=9 | pc=0x00000000000122f2 | insn=0x4a50041 | len=4 | next=0x00000000000122f6 | op=OP_UNKNOWN | uid=0x8c | parent=0x50 | src0=r10=0x00000000000122ee | src1=- | dst=- | wb=- | mem=ST8@0x0000000007feffe8=0x00000000000122ee | trap=- | asm=FENTRY [ra ~ ra], sp!, 16
seq=00000010 | cyc=10 | pc=0x00000000000122f6 | insn=0x917c001000e | len=6 | next=0x00000000000122fc | op=OP_UNKNOWN | uid=0x58 | parent=0x0 | src0=- | src1=- | dst=- | wb=- | mem=- | trap=- | asm=HL.BSTART.STD CALL, 0x14754, ra=.LBB0_1
seq=00000011 | cyc=11 | pc=0x00000000000122fc | insn=0x5616 | len=2 | next=0x00000000000122fe | op=OP_UNKNOWN | uid=0x59 | parent=0x0 | src0=- | src1=- | dst=r10=0x000000000001232c | wb=r10=0x000000000001232c | mem=- | trap=-
seq=00000012 | cyc=12 | pc=0x00000000000122fe | insn=0x8187 | len=4 | next=0x0000000000012302 | op=OP_UNKNOWN | uid=0x60 | parent=0x0 | src0=- | src1=- | dst=r3=0x000000000001a000 | wb=r3=0x000000000001a000 | mem=- | trap=- | asm=addtpc 8, ->a1
seq=00000013 | cyc=13 | pc=0x0000000000012302 | insn=0xd4818295 | len=4 | next=0x0000000000012306 | op=OP_UNKNOWN | uid=0x61 | parent=0x0 | src0=r3=0x000000000001a000 | src1=- | dst=r5=0x000000000001ad48 | wb=r5=0x000000000001ad48 | mem=- | trap=- | asm=addi a1, 3400, ->a3
seq=00000014 | cyc=14 | pc=0x0000000000012306 | insn=0x13199 | len=4 | next=0x000000000001230a | op=OP_UNKNOWN | uid=0x68 | parent=0x0 | src0=r2=0x0000000007fefff0 | src1=- | dst=r3=0x0000000000000000 | wb=r3=0x0000000000000000 | mem=LD8@0x0000000007fefff0=>0x0000000000000000 | trap=- | asm=ldi [a0, 0], ->a1
seq=00000015 | cyc=15 | pc=0x000000000001230a | insn=0x810215 | len=4 | next=0x000000000001230e | op=OP_UNKNOWN | uid=0x69 | parent=0x0 | src0=r2=0x0000000007fefff0 | src1=- | dst=r4=0x0000000007fefff8 | wb=r4=0x0000000007fefff8 | mem=- | trap=- | asm=addi a0, 8, ->a2
seq=00000016 | cyc=16 | pc=0x000000000001230e | insn=0x2b119 | len=4 | next=0x0000000000012312 | op=OP_UNKNOWN | uid=0x70 | parent=0x0 | src0=r5=0x000000000001ad48 | src1=- | dst=r2=0x0000000000012330 | wb=r2=0x0000000000012330 | mem=LD8@0x000000000001ad48=>0x0000000000012330 | trap=- | asm=ldi [a3, 0], ->a0
seq=00000017 | cyc=17 | pc=0x0000000000012312 | insn=0x8287 | len=4 | next=0x0000000000012316 | op=OP_UNKNOWN | uid=0x71 | parent=0x0 | src0=- | src1=- | dst=r5=0x000000000001a000 | wb=r5=0x000000000001a000 | mem=- | trap=- | asm=addtpc 8, ->a3
seq=00000018 | cyc=18 | pc=0x0000000000012316 | insn=0xd5028295 | len=4 | next=0x000000000001231a | op=OP_UNKNOWN | uid=0x80 | parent=0x0 | src0=r5=0x000000000001a000 | src1=- | dst=r5=0x000000000001ad50 | wb=r5=0x000000000001ad50 | mem=- | trap=- | asm=addi a3, 3408, ->a3
seq=00000019 | cyc=19 | pc=0x000000000001231a | insn=0x2b299 | len=4 | next=0x000000000001231e | op=OP_UNKNOWN | uid=0x81 | parent=0x0 | src0=r5=0x000000000001ad50 | src1=- | dst=r5=0x00000000000144ac | wb=r5=0x00000000000144ac | mem=LD8@0x000000000001ad50=>0x00000000000144ac | trap=- | asm=ldi [a3, 0], ->a3
seq=00000020 | cyc=20 | pc=0x000000000001231e | insn=0x8307 | len=4 | next=0x0000000000012322 | op=OP_UNKNOWN | uid=0x90 | parent=0x0 | src0=- | src1=- | dst=r6=0x000000000001a000 | wb=r6=0x000000000001a000 | mem=- | trap=- | asm=addtpc 8, ->a4
seq=00000021 | cyc=21 | pc=0x0000000000012322 | insn=0xd5830315 | len=4 | next=0x0000000000012326 | op=OP_UNKNOWN | uid=0x91 | parent=0x0 | src0=r6=0x000000000001a000 | src1=- | dst=r6=0x000000000001ad58 | wb=r6=0x000000000001ad58 | mem=- | trap=- | asm=addi a4, 3416, ->a4
seq=00000022 | cyc=22 | pc=0x0000000000012326 | insn=0x33319 | len=4 | next=0x000000000001232a | op=OP_UNKNOWN | uid=0x98 | parent=0x0 | src0=r6=0x000000000001ad58 | src1=- | dst=r6=0x0000000000000000 | wb=r6=0x0000000000000000 | mem=LD8@0x000000000001ad58=>0x0000000000000000 | trap=- | asm=ldi [a4, 0], ->a4
seq=00000023 | cyc=23 | pc=0x000000000001232a | insn=0x3806 | len=2 | next=0x000000000001232c | op=OP_UNKNOWN | uid=0x99 | parent=0x0 | src0=r0=0x0000000000000000 | src1=- | dst=r7=0x0000000000000000 | wb=r7=0x0000000000000000 | mem=- | trap=- | asm=c.movr zero, ->a5
seq=00000024 | cyc=24 | pc=0x0000000000014754 | insn=0xcd50041 | len=4 | next=0x0000000000014754 | op=OP_UNKNOWN | uid=0x10c | parent=0xe0 | src0=r1=0x0000000007feffe0 | src1=- | dst=r1=0x0000000007feffb0 | wb=r1=0x0000000007feffb0 | mem=- | trap=- | asm=FENTRY [ra ~ s2], sp!, 48
seq=00000025 | cyc=25 | pc=0x0000000000014754 | insn=0xcd50041 | len=4 | next=0x0000000000014754 | op=OP_UNKNOWN | uid=0x11c | parent=0xe0 | src0=r10=0x000000000001232c | src1=- | dst=- | wb=- | mem=ST8@0x0000000007feffd8=0x000000000001232c | trap=- | asm=FENTRY [ra ~ s2], sp!, 48
seq=00000026 | cyc=26 | pc=0x0000000000014754 | insn=0xcd50041 | len=4 | next=0x0000000000014754 | op=OP_UNKNOWN | uid=0x12c | parent=0xe0 | src0=r11=0x0000000000000000 | src1=- | dst=- | wb=- | mem=ST8@0x0000000007feffd0=0x0000000000000000 | trap=- | asm=FENTRY [ra ~ s2], sp!, 48
seq=00000027 | cyc=27 | pc=0x0000000000014754 | insn=0xcd50041 | len=4 | next=0x0000000000014754 | op=OP_UNKNOWN | uid=0x13c | parent=0xe0 | src0=r12=0x0000000000000000 | src1=- | dst=- | wb=- | mem=ST8@0x0000000007feffc8=0x0000000000000000 | trap=- | asm=FENTRY [ra ~ s2], sp!, 48
seq=00000028 | cyc=28 | pc=0x0000000000014754 | insn=0xcd50041 | len=4 | next=0x0000000000014758 | op=OP_UNKNOWN | uid=0x14c | parent=0xe0 | src0=r13=0x0000000000000000 | src1=- | dst=- | wb=- | mem=ST8@0x0000000007feffc0=0x0000000000000000 | trap=- | asm=FENTRY [ra ~ s2], sp!, 48
seq=00000029 | cyc=29 | pc=0x0000000000014758 | insn=0xff594001fffe | len=6 | next=0x000000000001475e | op=OP_UNKNOWN | uid=0xe8 | parent=0x0 | src0=- | src1=- | dst=- | wb=- | mem=- | trap=- | asm=HL.BSTART.STD CALL, 0x144bc, ra=.LBB4_1
seq=00000030 | cyc=30 | pc=0x000000000001475e | insn=0x5396 | len=2 | next=0x0000000000014760 | op=OP_UNKNOWN | uid=0xe9 | parent=0x0 | src0=- | src1=- | dst=r10=0x000000000001477a | wb=r10=0x000000000001477a | mem=- | trap=-
seq=00000031 | cyc=31 | pc=0x0000000000014760 | insn=0x5906 | len=2 | next=0x0000000000014762 | op=OP_UNKNOWN | uid=0xf0 | parent=0x0 | src0=r4=0x0000000007fefff8 | src1=- | dst=r11=0x0000000007fefff8 | wb=r11=0x0000000007fefff8 | mem=- | trap=- | asm=c.movr a2, ->s0
seq=00000032 | cyc=32 | pc=0x0000000000014762 | insn=0x60c6 | len=2 | next=0x0000000000014764 | op=OP_UNKNOWN | uid=0xf1 | parent=0x0 | src0=r3=0x0000000000000000 | src1=- | dst=r12=0x0000000000000000 | wb=r12=0x0000000000000000 | mem=- | trap=- | asm=c.movr a1, ->s1
seq=00000033 | cyc=33 | pc=0x0000000000014764 | insn=0x6886 | len=2 | next=0x0000000000014766 | op=OP_UNKNOWN | uid=0xf2 | parent=0x0 | src0=r2=0x0000000000012330 | src1=- | dst=r13=0x0000000000012330 | wb=r13=0x0000000000012330 | mem=- | trap=- | asm=c.movr a0, ->s2
seq=00000034 | cyc=34 | pc=0x0000000000014766 | insn=0x6060125 | len=4 | next=0x000000000001476a | op=OP_UNKNOWN | uid=0xf8 | parent=0x0 | src0=r12=0x0000000000000000 | src1=r0=0x0000000000000000 | dst=r2=0x0000000000000000 | wb=r2=0x0000000000000000 | mem=- | trap=- | asm=addw s1, zero, ->a0
seq=00000035 | cyc=35 | pc=0x000000000001476a | insn=0x317115 | len=4 | next=0x000000000001476e | op=OP_UNKNOWN | uid=0xf9 | parent=0x0 | src0=r2=0x0000000000000000 | src1=- | dst=r2=0x0000000000000000 | wb=r2=0x0000000000000000 | mem=- | trap=- | asm=slli a0, 3, ->a0
seq=00000036 | cyc=36 | pc=0x000000000001476e | insn=0x6258105 | len=4 | next=0x0000000000014772 | op=OP_UNKNOWN | uid=0x100 | parent=0x0 | src0=r11=0x0000000007fefff8 | src1=r2=0x0000000000000000 | dst=r2=0x0000000007fefff8 | wb=r2=0x0000000007fefff8 | mem=- | trap=- | asm=s0, a0, ->a0
seq=00000037 | cyc=37 | pc=0x0000000000014772 | insn=0x810115 | len=4 | next=0x0000000000014776 | op=OP_UNKNOWN | uid=0x101 | parent=0x0 | src0=r2=0x0000000007fefff8 | src1=- | dst=r2=0x0000000007ff0000 | wb=r2=0x0000000007ff0000 | mem=- | trap=- | asm=addi a0, 8, ->a0
seq=00000038 | cyc=38 | pc=0x0000000000014776 | insn=0x5b199 | len=4 | next=0x000000000001477a | op=OP_UNKNOWN | uid=0x110 | parent=0x0 | src0=r11=0x0000000007fefff8 | src1=- | dst=r3=0x0000000000000000 | wb=r3=0x0000000000000000 | mem=LD8@0x0000000007fefff8=>0x0000000000000000 | trap=- | asm=ldi [s0, 0], ->a1
seq=00000039 | cyc=39 | pc=0x000000000001477a | insn=0x3000 | len=2 | next=0x00000000000144bc | op=OP_UNKNOWN | uid=0x111 | parent=0x0 | src0=- | src1=- | dst=- | wb=- | mem=- | trap=- | asm=C.BSTART.STD ICALL
seq=00000040 | cyc=40 | pc=0x00000000000144bc | insn=0x6d250041 | len=4 | next=0x00000000000144bc | op=OP_UNKNOWN | uid=0x1b4 | parent=0x188 | src0=r1=0x0000000007feffb0 | src1=- | dst=r1=0x0000000007fefe00 | wb=r1=0x0000000007fefe00 | mem=- | trap=- | asm=FENTRY [ra ~ s7], sp!, 432
seq=00000041 | cyc=41 | pc=0x00000000000144bc | insn=0x6d250041 | len=4 | next=0x00000000000144bc | op=OP_UNKNOWN | uid=0x1c4 | parent=0x188 | src0=r10=0x000000000001477a | src1=- | dst=- | wb=- | mem=ST8@0x0000000007feffa8=0x000000000001477a | trap=- | asm=FENTRY [ra ~ s7], sp!, 432
seq=00000042 | cyc=42 | pc=0x00000000000144bc | insn=0x6d250041 | len=4 | next=0x00000000000144bc | op=OP_UNKNOWN | uid=0x1d4 | parent=0x188 | src0=r11=0x0000000007fefff8 | src1=- | dst=- | wb=- | mem=ST8@0x0000000007feffa0=0x0000000007fefff8 | trap=- | asm=FENTRY [ra ~ s7], sp!, 432
seq=00000043 | cyc=43 | pc=0x00000000000144bc | insn=0x6d250041 | len=4 | next=0x00000000000144bc | op=OP_UNKNOWN | uid=0x1e4 | parent=0x188 | src0=r12=0x0000000000000000 | src1=- | dst=- | wb=- | mem=ST8@0x0000000007feff98=0x0000000000000000 | trap=- | asm=FENTRY [ra ~ s7], sp!, 432
seq=00000044 | cyc=44 | pc=0x00000000000144bc | insn=0x6d250041 | len=4 | next=0x00000000000144bc | op=OP_UNKNOWN | uid=0x1f4 | parent=0x188 | src0=r13=0x0000000000012330 | src1=- | dst=- | wb=- | mem=ST8@0x0000000007feff90=0x0000000000012330 | trap=- | asm=FENTRY [ra ~ s7], sp!, 432
seq=00000045 | cyc=45 | pc=0x00000000000144bc | insn=0x6d250041 | len=4 | next=0x00000000000144bc | op=OP_UNKNOWN | uid=0x204 | parent=0x188 | src0=r14=0x0000000000000000 | src1=- | dst=- | wb=- | mem=ST8@0x0000000007feff88=0x0000000000000000 | trap=- | asm=FENTRY [ra ~ s7], sp!, 432
seq=00000046 | cyc=46 | pc=0x00000000000144bc | insn=0x6d250041 | len=4 | next=0x00000000000144bc | op=OP_UNKNOWN | uid=0x20c | parent=0x188 | src0=r15=0x0000000000000000 | src1=- | dst=- | wb=- | mem=ST8@0x0000000007feff80=0x0000000000000000 | trap=- | asm=FENTRY [ra ~ s7], sp!, 432
seq=00000047 | cyc=47 | pc=0x00000000000144bc | insn=0x6d250041 | len=4 | next=0x00000000000144bc | op=OP_UNKNOWN | uid=0x214 | parent=0x188 | src0=r16=0x0000000000000000 | src1=- | dst=- | wb=- | mem=ST8@0x0000000007feff78=0x0000000000000000 | trap=- | asm=FENTRY [ra ~ s7], sp!, 432
seq=00000048 | cyc=48 | pc=0x00000000000144bc | insn=0x6d250041 | len=4 | next=0x00000000000144bc | op=OP_UNKNOWN | uid=0x21c | parent=0x188 | src0=r17=0x0000000000000000 | src1=- | dst=- | wb=- | mem=ST8@0x0000000007feff70=0x0000000000000000 | trap=- | asm=FENTRY [ra ~ s7], sp!, 432
seq=00000049 | cyc=49 | pc=0x00000000000144bc | insn=0x6d250041 | len=4 | next=0x00000000000144c0 | op=OP_UNKNOWN | uid=0x224 | parent=0x188 | src0=r18=0x0000000000000000 | src1=- | dst=- | wb=- | mem=ST8@0x0000000007feff68=0x0000000000000000 | trap=- | asm=FENTRY [ra ~ s7], sp!, 432
seq=00000050 | cyc=50 | pc=0x00000000000144c0 | insn=0x13bc4001000e | len=6 | next=0x00000000000144c6 | op=OP_UNKNOWN | uid=0x190 | parent=0x0 | src0=- | src1=- | dst=- | wb=- | mem=- | trap=- | asm=HL.BSTART.STD CALL, 0x193b0, ra=.LBB2_29
seq=00000051 | cyc=51 | pc=0x00000000000144c6 | insn=0x5256 | len=2 | next=0x00000000000144c8 | op=OP_UNKNOWN | uid=0x191 | parent=0x0 | src0=- | src1=- | dst=r10=0x00000000000144d8 | wb=r10=0x00000000000144d8 | mem=- | trap=-
seq=00000052 | cyc=52 | pc=0x00000000000144c8 | insn=0x60c6 | len=2 | next=0x00000000000144ca | op=OP_UNKNOWN | uid=0x198 | parent=0x0 | src0=r3=0x0000000000000000 | src1=- | dst=r12=0x0000000000000000 | wb=r12=0x0000000000000000 | mem=- | trap=- | asm=c.movr a1, ->s1
seq=00000053 | cyc=53 | pc=0x00000000000144ca | insn=0x6886 | len=2 | next=0x00000000000144cc | op=OP_UNKNOWN | uid=0x199 | parent=0x0 | src0=r2=0x0000000007ff0000 | src1=- | dst=r13=0x0000000007ff0000 | wb=r13=0x0000000007ff0000 | mem=- | trap=- | asm=c.movr a0, ->s2
seq=00000054 | cyc=54 | pc=0x00000000000144cc | insn=0x3808115 | len=4 | next=0x00000000000144d0 | op=OP_UNKNOWN | uid=0x19a | parent=0x0 | src0=r1=0x0000000007fefe00 | src1=- | dst=r2=0x0000000007fefe38 | wb=r2=0x0000000007fefe38 | mem=- | trap=- | asm=addi sp, 56, ->a0
seq=00000055 | cyc=55 | pc=0x00000000000144d0 | insn=0x5806 | len=2 | next=0x00000000000144d2 | op=OP_UNKNOWN | uid=0x1a0 | parent=0x0 | src0=r0=0x0000000000000000 | src1=- | dst=r11=0x0000000000000000 | wb=r11=0x0000000000000000 | mem=- | trap=- | asm=c.movr zero, ->s0
seq=00000056 | cyc=56 | pc=0x00000000000144d2 | insn=0x13000215 | len=4 | next=0x00000000000144d6 | op=OP_UNKNOWN | uid=0x1a1 | parent=0x0 | src0=r0=0x0000000000000000 | src1=- | dst=r4=0x0000000000000130 | wb=r4=0x0000000000000130 | mem=- | trap=- | asm=addi zero, 304, ->a2
seq=00000057 | cyc=57 | pc=0x00000000000144d6 | insn=0x1ac6 | len=2 | next=0x00000000000144d8 | op=OP_UNKNOWN | uid=0x1a2 | parent=0x0 | src0=r11=0x0000000000000000 | src1=- | dst=r3=0x0000000000000000 | wb=r3=0x0000000000000000 | mem=- | trap=- | asm=c.movr s0, ->a1
seq=00000058 | cyc=58 | pc=0x00000000000144d8 | insn=0x800 | len=2 | next=0x00000000000193b0 | op=OP_UNKNOWN | uid=0x1a8 | parent=0x0 | src0=- | src1=- | dst=- | wb=- | mem=- | trap=- | asm=C.BSTART.STD
seq=00000059 | cyc=59 | pc=0x00000000000193b0 | insn=0x2a50041 | len=4 | next=0x00000000000193b0 | op=OP_UNKNOWN | uid=0x274 | parent=0x248 | src0=r1=0x0000000007fefe00 | src1=- | dst=r1=0x0000000007fefdf8 | wb=r1=0x0000000007fefdf8 | mem=- | trap=- | asm=FENTRY [ra ~ ra], sp!, 8
seq=00000060 | cyc=60 | pc=0x00000000000193b0 | insn=0x2a50041 | len=4 | next=0x00000000000193b4 | op=OP_UNKNOWN | uid=0x284 | parent=0x248 | src0=r10=0x00000000000144d8 | src1=- | dst=- | wb=- | mem=ST8@0x0000000007fefdf8=0x00000000000144d8 | trap=- | asm=FENTRY [ra ~ ra], sp!, 8
seq=00000061 | cyc=61 | pc=0x00000000000193b4 | insn=0x824 | len=2 | next=0x00000000000193b6 | op=OP_UNKNOWN | uid=0x250 | parent=0x0 | src0=- | src1=- | dst=- | wb=- | mem=- | trap=- | asm=C.BSTART COND, 0x194b8
seq=00000062 | cyc=62 | pc=0x00000000000193b6 | insn=0x3006 | len=2 | next=0x00000000000193b8 | op=OP_UNKNOWN | uid=0x251 | parent=0x0 | src0=r0=0x0000000000000000 | src1=- | dst=r6=0x0000000000000000 | wb=r6=0x0000000000000000 | mem=- | trap=- | asm=c.movr zero, ->a4
seq=00000063 | cyc=63 | pc=0x00000000000193b8 | insn=0x3126 | len=2 | next=0x00000000000193ba | op=OP_UNKNOWN | uid=0x252 | parent=0x0 | src0=r4=0x0000000000000130 | src1=r6=0x0000000000000000 | dst=- | wb=- | mem=- | trap=- | asm=c.setc.eq a2, a4
seq=00000064 | cyc=64 | pc=0x00000000000193ba | insn=0x7f4 | len=2 | next=0x00000000000193ba | op=OP_UNKNOWN | uid=0x253 | parent=0x0 | src0=- | src1=- | dst=- | wb=- | mem=- | trap=- | asm=C.BSTART COND, 0x194b8
seq=00000065 | cyc=65 | pc=0x00000000000193ba | insn=0x7f4 | len=2 | next=0x00000000000193bc | op=OP_UNKNOWN | uid=0x2a0 | parent=0x0 | src0=- | src1=- | dst=- | wb=- | mem=- | trap=- | asm=C.BSTART COND, 0x194b8
seq=00000066 | cyc=66 | pc=0x00000000000193bc | insn=0x218059 | len=4 | next=0x00000000000193c0 | op=OP_UNKNOWN | uid=0x2a1 | parent=0x0 | src0=r3=0x0000000000000000 | src1=r2=0x0000000007fefe38 | dst=- | wb=- | mem=ST1@0x0000000007fefe38=0x0000000000000000 | trap=- | asm=sbi a1, [a0, 0]
seq=00000067 | cyc=67 | pc=0x00000000000193c0 | insn=0x6410285 | len=4 | next=0x00000000000193c4 | op=OP_UNKNOWN | uid=0x2a8 | parent=0x0 | src0=r2=0x0000000007fefe38 | src1=r4=0x0000000000000130 | dst=r5=0x0000000007feff68 | wb=r5=0x0000000007feff68 | mem=- | trap=- | asm=a0, a2, ->a3
seq=00000068 | cyc=68 | pc=0x00000000000193c4 | insn=0xfe518fd9 | len=4 | next=0x00000000000193c8 | op=OP_UNKNOWN | uid=0x2a9 | parent=0x0 | src0=r3=0x0000000000000000 | src1=r5=0x0000000007feff68 | dst=- | wb=- | mem=ST1@0x0000000007feff67=0x0000000000000000 | trap=- | asm=sbi a1, [a3, -1]
seq=00000069 | cyc=69 | pc=0x00000000000193c8 | insn=0x326075 | len=4 | next=0x00000000000193cc | op=OP_UNKNOWN | uid=0x2b0 | parent=0x0 | src0=r4=0x0000000000000130 | src1=- | dst=- | wb=- | mem=- | trap=- | asm=setc.ltui a2, 3
seq=00000070 | cyc=70 | pc=0x00000000000193cc | insn=0x764 | len=2 | next=0x00000000000193cc | op=OP_UNKNOWN | uid=0x2b1 | parent=0x0 | src0=- | src1=- | dst=- | wb=- | mem=- | trap=- | asm=C.BSTART COND, 0x194b8
seq=00000071 | cyc=71 | pc=0x00000000000193cc | insn=0x764 | len=2 | next=0x00000000000193ce | op=OP_UNKNOWN | uid=0x2d0 | parent=0x0 | src0=- | src1=- | dst=- | wb=- | mem=- | trap=- | asm=C.BSTART COND, 0x194b8
seq=00000072 | cyc=72 | pc=0x00000000000193ce | insn=0x4218059 | len=4 | next=0x00000000000193d2 | op=OP_UNKNOWN | uid=0x2d1 | parent=0x0 | src0=r3=0x0000000000000000 | src1=r2=0x0000000007fefe38 | dst=- | wb=- | mem=ST1@0x0000000007fefe3a=0x0000000000000000 | trap=- | asm=sbi a1, [a0, 2]
seq=00000073 | cyc=73 | pc=0x00000000000193d2 | insn=0x2218059 | len=4 | next=0x00000000000193d6 | op=OP_UNKNOWN | uid=0x2d8 | parent=0x0 | src0=r3=0x0000000000000000 | src1=r2=0x0000000007fefe38 | dst=- | wb=- | mem=ST1@0x0000000007fefe39=0x0000000000000000 | trap=- | asm=sbi a1, [a0, 1]
seq=00000074 | cyc=74 | pc=0x00000000000193d6 | insn=0xfa518fd9 | len=4 | next=0x00000000000193da | op=OP_UNKNOWN | uid=0x2d9 | parent=0x0 | src0=r3=0x0000000000000000 | src1=r5=0x0000000007feff68 | dst=- | wb=- | mem=ST1@0x0000000007feff65=0x0000000000000000 | trap=- | asm=sbi a1, [a3, -3]
seq=00000075 | cyc=75 | pc=0x00000000000193da | insn=0xfc518fd9 | len=4 | next=0x00000000000193de | op=OP_UNKNOWN | uid=0x2e0 | parent=0x0 | src0=r3=0x0000000000000000 | src1=r5=0x0000000007feff68 | dst=- | wb=- | mem=ST1@0x0000000007feff66=0x0000000000000000 | trap=- | asm=sbi a1, [a3, -2]
seq=00000076 | cyc=76 | pc=0x00000000000193de | insn=0x726075 | len=4 | next=0x00000000000193e2 | op=OP_UNKNOWN | uid=0x2e1 | parent=0x0 | src0=r4=0x0000000000000130 | src1=- | dst=- | wb=- | mem=- | trap=- | asm=setc.ltui a2, 7
seq=00000077 | cyc=77 | pc=0x00000000000193e2 | insn=0x6b4 | len=2 | next=0x00000000000193e2 | op=OP_UNKNOWN | uid=0x2e8 | parent=0x0 | src0=- | src1=- | dst=- | wb=- | mem=- | trap=- | asm=C.BSTART COND, 0x194b8
seq=00000078 | cyc=78 | pc=0x00000000000193e2 | insn=0x6b4 | len=2 | next=0x00000000000193e4 | op=OP_UNKNOWN | uid=0x308 | parent=0x0 | src0=- | src1=- | dst=- | wb=- | mem=- | trap=- | asm=C.BSTART COND, 0x194b8
seq=00000079 | cyc=79 | pc=0x00000000000193e4 | insn=0x6218059 | len=4 | next=0x00000000000193e8 | op=OP_UNKNOWN | uid=0x309 | parent=0x0 | src0=r3=0x0000000000000000 | src1=r2=0x0000000007fefe38 | dst=- | wb=- | mem=ST1@0x0000000007fefe3b=0x0000000000000000 | trap=- | asm=sbi a1, [a0, 3]
seq=00000080 | cyc=80 | pc=0x00000000000193e8 | insn=0xf8518fd9 | len=4 | next=0x00000000000193ec | op=OP_UNKNOWN | uid=0x310 | parent=0x0 | src0=r3=0x0000000000000000 | src1=r5=0x0000000007feff68 | dst=- | wb=- | mem=ST1@0x0000000007feff64=0x0000000000000000 | trap=- | asm=sbi a1, [a3, -4]
seq=00000081 | cyc=81 | pc=0x00000000000193ec | insn=0x4256 | len=2 | next=0x00000000000193ee | op=OP_UNKNOWN | uid=0x311 | parent=0x0 | src0=- | src1=- | dst=r8=0x0000000000000009 | wb=r8=0x0000000000000009 | mem=- | trap=- | asm=c.movi 9, ->a6
seq=00000082 | cyc=82 | pc=0x00000000000193ee | insn=0x6826065 | len=4 | next=0x00000000000193f2 | op=OP_UNKNOWN | uid=0x318 | parent=0x0 | src0=r4=0x0000000000000130 | src1=r8=0x0000000000000009 | dst=- | wb=- | mem=- | trap=- | asm=setc.ltu a2, a6
seq=00000083 | cyc=83 | pc=0x00000000000193f2 | insn=0x634 | len=2 | next=0x00000000000193f2 | op=OP_UNKNOWN | uid=0x319 | parent=0x0 | src0=- | src1=- | dst=- | wb=- | mem=- | trap=- | asm=C.BSTART COND, 0x194b8
seq=00000084 | cyc=84 | pc=0x00000000000193f2 | insn=0x634 | len=2 | next=0x00000000000193f4 | op=OP_UNKNOWN | uid=0x338 | parent=0x0 | src0=- | src1=- | dst=- | wb=- | mem=- | trap=- | asm=C.BSTART COND, 0x194b8
seq=00000085 | cyc=85 | pc=0x00000000000193f4 | insn=0xff1af35 | len=4 | next=0x00000000000193f8 | op=OP_UNKNOWN | uid=0x339 | parent=0x0 | src0=r3=0x0000000000000000 | src1=- | dst=- | wb=- | mem=- | trap=- | asm=andiw a1, 255, ->u
seq=00000086 | cyc=86 | pc=0x00000000000193f8 | insn=0x10101f97010e | len=6 | next=0x00000000000193fe | op=OP_UNKNOWN | uid=0x340 | parent=0x0 | src0=- | src1=- | dst=- | wb=- | mem=- | trap=- | asm=hl.lui 16843009, ->t
seq=00000087 | cyc=87 | pc=0x00000000000193fe | insn=0x18e22c7 | len=4 | next=0x0000000000019402 | op=OP_UNKNOWN | uid=0x348 | parent=0x0 | src0=r28=0x0000000000000000 | src1=r24=0x0000000001010101 | dst=r5=0x0000000000000000 | wb=r5=0x0000000000000000 | mem=- | trap=- | asm=mulw u#1, t#1, ->a3
seq=00000088 | cyc=88 | pc=0x0000000000019402 | insn=0x1198 | len=2 | next=0x0000000000019404 | op=OP_UNKNOWN | uid=0x349 | parent=0x0 | src0=r6=0x0000000000000000 | src1=r2=0x0000000007fefe38 | dst=- | wb=- | mem=- | trap=- | asm=c.sub a4, a0, ->t
seq=00000089 | cyc=89 | pc=0x0000000000019404 | insn=0x3c2f15 | len=4 | next=0x0000000000019408 | op=OP_UNKNOWN | uid=0x350 | parent=0x0 | src0=r24=0xfffffffff80101c8 | src1=- | dst=- | wb=- | mem=- | trap=- | asm=andi t#1, 3, ->u
seq=00000090 | cyc=90 | pc=0x0000000000019408 | insn=0xe118 | len=2 | next=0x000000000001940a | op=OP_UNKNOWN | uid=0x351 | parent=0x0 | src0=r4=0x0000000000000130 | src1=r28=0x0000000000000000 | dst=- | wb=- | mem=- | trap=- | asm=c.sub a2, u#1, ->t
seq=00000091 | cyc=91 | pc=0x000000000001940a | insn=0x7c10205 | len=4 | next=0x000000000001940e | op=OP_UNKNOWN | uid=0x358 | parent=0x0 | src0=r2=0x0000000007fefe38 | src1=r28=0x0000000000000000 | dst=r4=0x0000000007fefe38 | wb=r4=0x0000000007fefe38 | mem=- | trap=- | asm=a0, u#1, ->a2
seq=00000092 | cyc=92 | pc=0x000000000001940e | insn=0x42a059 | len=4 | next=0x0000000000019412 | op=OP_UNKNOWN | uid=0x359 | parent=0x0 | src0=r5=0x0000000000000000 | src1=r4=0x0000000007fefe38 | dst=- | wb=- | mem=ST4@0x0000000007fefe38=0x0000000000000000 | trap=- | asm=swi a3, [a2, 0]
seq=00000093 | cyc=93 | pc=0x0000000000019412 | insn=0xffcc2315 | len=4 | next=0x0000000000019416 | op=OP_UNKNOWN | uid=0x360 | parent=0x0 | src0=r24=0x0000000000000130 | src1=- | dst=r6=0x0000000000000130 | wb=r6=0x0000000000000130 | mem=- | trap=- | asm=andi t#1, -4, ->a4
seq=00000094 | cyc=94 | pc=0x0000000000019416 | insn=0x6836065 | len=4 | next=0x000000000001941a | op=OP_UNKNOWN | uid=0x361 | parent=0x0 | src0=r6=0x0000000000000130 | src1=r8=0x0000000000000009 | dst=- | wb=- | mem=- | trap=- | asm=setc.ltu a4, a6
seq=00000095 | cyc=95 | pc=0x000000000001941a | insn=0x6620385 | len=4 | next=0x000000000001941e | op=OP_UNKNOWN | uid=0x368 | parent=0x0 | src0=r4=0x0000000007fefe38 | src1=r6=0x0000000000000130 | dst=r7=0x0000000007feff68 | wb=r7=0x0000000007feff68 | mem=- | trap=- | asm=a2, a4, ->a5
seq=00000096 | cyc=96 | pc=0x000000000001941e | insn=0xfe72afd9 | len=4 | next=0x0000000000019422 | op=OP_UNKNOWN | uid=0x369 | parent=0x0 | src0=r5=0x0000000000000000 | src1=r7=0x0000000007feff68 | dst=- | wb=- | mem=ST4@0x0000000007feff64=0x0000000000000000 | trap=- | asm=swi a3, [a5, -4]
seq=00000097 | cyc=97 | pc=0x0000000000019422 | insn=0x4b4 | len=2 | next=0x0000000000019422 | op=OP_UNKNOWN | uid=0x370 | parent=0x0 | src0=- | src1=- | dst=- | wb=- | mem=- | trap=- | asm=C.BSTART COND, 0x194b8
seq=00000098 | cyc=98 | pc=0x0000000000019422 | insn=0x4b4 | len=2 | next=0x0000000000019424 | op=OP_UNKNOWN | uid=0x390 | parent=0x0 | src0=- | src1=- | dst=- | wb=- | mem=- | trap=- | asm=C.BSTART COND, 0x194b8
seq=00000099 | cyc=99 | pc=0x0000000000019424 | insn=0x442a059 | len=4 | next=0x0000000000019428 | op=OP_UNKNOWN | uid=0x391 | parent=0x0 | src0=r5=0x0000000000000000 | src1=r4=0x0000000007fefe38 | dst=- | wb=- | mem=ST4@0x0000000007fefe40=0x0000000000000000 | trap=- | asm=swi a3, [a2, 8]
seq=00000100 | cyc=100 | pc=0x0000000000019428 | insn=0x242a059 | len=4 | next=0x000000000001942c | op=OP_UNKNOWN | uid=0x398 | parent=0x0 | src0=r5=0x0000000000000000 | src1=r4=0x0000000007fefe38 | dst=- | wb=- | mem=ST4@0x0000000007fefe3c=0x0000000000000000 | trap=- | asm=swi a3, [a2, 4]
seq=00000101 | cyc=101 | pc=0x000000000001942c | insn=0xfc72afd9 | len=4 | next=0x0000000000019430 | op=OP_UNKNOWN | uid=0x399 | parent=0x0 | src0=r5=0x0000000000000000 | src1=r7=0x0000000007feff68 | dst=- | wb=- | mem=ST4@0x0000000007feff60=0x0000000000000000 | trap=- | asm=swi a3, [a5, -8]
seq=00000102 | cyc=102 | pc=0x0000000000019430 | insn=0xfa72afd9 | len=4 | next=0x0000000000019434 | op=OP_UNKNOWN | uid=0x3a0 | parent=0x0 | src0=r5=0x0000000000000000 | src1=r7=0x0000000007feff68 | dst=- | wb=- | mem=ST4@0x0000000007feff5c=0x0000000000000000 | trap=- | asm=swi a3, [a5, -12]
seq=00000103 | cyc=103 | pc=0x0000000000019434 | insn=0x1936075 | len=4 | next=0x0000000000019438 | op=OP_UNKNOWN | uid=0x3a1 | parent=0x0 | src0=r6=0x0000000000000130 | src1=- | dst=- | wb=- | mem=- | trap=- | asm=setc.ltui a4, 25
seq=00000104 | cyc=104 | pc=0x0000000000019438 | insn=0x404 | len=2 | next=0x0000000000019438 | op=OP_UNKNOWN | uid=0x3a8 | parent=0x0 | src0=- | src1=- | dst=- | wb=- | mem=- | trap=- | asm=C.BSTART COND, 0x194b8
seq=00000105 | cyc=105 | pc=0x0000000000019438 | insn=0x404 | len=2 | next=0x000000000001943a | op=OP_UNKNOWN | uid=0x3c8 | parent=0x0 | src0=- | src1=- | dst=- | wb=- | mem=- | trap=- | asm=C.BSTART COND, 0x194b8
seq=00000106 | cyc=106 | pc=0x000000000001943a | insn=0x2000415 | len=4 | next=0x000000000001943e | op=OP_UNKNOWN | uid=0x3c9 | parent=0x0 | src0=r0=0x0000000000000000 | src1=- | dst=r8=0x0000000000000020 | wb=r8=0x0000000000000020 | mem=- | trap=- | asm=addi zero, 32, ->a6
seq=00000107 | cyc=107 | pc=0x000000000001943e | insn=0x1497000e | len=6 | next=0x0000000000019444 | op=OP_UNKNOWN | uid=0x3d0 | parent=0x0 | src0=- | src1=- | dst=r9=0x0000000000000001 | wb=r9=0x0000000000000001 | mem=- | trap=- | asm=hl.lui 1, ->a7
seq=00000108 | cyc=108 | pc=0x0000000000019444 | insn=0xc42a059 | len=4 | next=0x0000000000019448 | op=OP_UNKNOWN | uid=0x3d8 | parent=0x0 | src0=r5=0x0000000000000000 | src1=r4=0x0000000007fefe38 | dst=- | wb=- | mem=ST4@0x0000000007fefe50=0x0000000000000000 | trap=- | asm=swi a3, [a2, 24]
seq=00000109 | cyc=109 | pc=0x0000000000019448 | insn=0xa42a059 | len=4 | next=0x000000000001944c | op=OP_UNKNOWN | uid=0x3d9 | parent=0x0 | src0=r5=0x0000000000000000 | src1=r4=0x0000000007fefe38 | dst=- | wb=- | mem=ST4@0x0000000007fefe4c=0x0000000000000000 | trap=- | asm=swi a3, [a2, 20]
seq=00000110 | cyc=110 | pc=0x000000000001944c | insn=0x842a059 | len=4 | next=0x0000000000019450 | op=OP_UNKNOWN | uid=0x3e0 | parent=0x0 | src0=r5=0x0000000000000000 | src1=r4=0x0000000007fefe38 | dst=- | wb=- | mem=ST4@0x0000000007fefe48=0x0000000000000000 | trap=- | asm=swi a3, [a2, 16]
seq=00000111 | cyc=111 | pc=0x0000000000019450 | insn=0x642a059 | len=4 | next=0x0000000000019454 | op=OP_UNKNOWN | uid=0x3e1 | parent=0x0 | src0=r5=0x0000000000000000 | src1=r4=0x0000000007fefe38 | dst=- | wb=- | mem=ST4@0x0000000007fefe44=0x0000000000000000 | trap=- | asm=swi a3, [a2, 12]
seq=00000112 | cyc=112 | pc=0x0000000000019454 | insn=0xf872afd9 | len=4 | next=0x0000000000019458 | op=OP_UNKNOWN | uid=0x3e8 | parent=0x0 | src0=r5=0x0000000000000000 | src1=r7=0x0000000007feff68 | dst=- | wb=- | mem=ST4@0x0000000007feff58=0x0000000000000000 | trap=- | asm=swi a3, [a5, -16]
seq=00000113 | cyc=113 | pc=0x0000000000019458 | insn=0xf672afd9 | len=4 | next=0x000000000001945c | op=OP_UNKNOWN | uid=0x3e9 | parent=0x0 | src0=r5=0x0000000000000000 | src1=r7=0x0000000007feff68 | dst=- | wb=- | mem=ST4@0x0000000007feff54=0x0000000000000000 | trap=- | asm=swi a3, [a5, -20]
seq=00000114 | cyc=114 | pc=0x000000000001945c | insn=0xf472afd9 | len=4 | next=0x0000000000019460 | op=OP_UNKNOWN | uid=0x3f0 | parent=0x0 | src0=r5=0x0000000000000000 | src1=r7=0x0000000007feff68 | dst=- | wb=- | mem=ST4@0x0000000007feff50=0x0000000000000000 | trap=- | asm=swi a3, [a5, -24]
seq=00000115 | cyc=115 | pc=0x0000000000019460 | insn=0xf272afd9 | len=4 | next=0x0000000000019464 | op=OP_UNKNOWN | uid=0x3f1 | parent=0x0 | src0=r5=0x0000000000000000 | src1=r7=0x0000000007feff68 | dst=- | wb=- | mem=ST4@0x0000000007feff4c=0x0000000000000000 | trap=- | asm=swi a3, [a5, -28]
seq=00000116 | cyc=116 | pc=0x0000000000019464 | insn=0x422f95 | len=4 | next=0x0000000000019468 | op=OP_UNKNOWN | uid=0x3f8 | parent=0x0 | src0=r4=0x0000000007fefe38 | src1=- | dst=- | wb=- | mem=- | trap=- | asm=andi a2, 4, ->t
seq=00000117 | cyc=117 | pc=0x0000000000019468 | insn=0x18c3395 | len=4 | next=0x000000000001946c | op=OP_UNKNOWN | uid=0x3f9 | parent=0x0 | src0=r24=0x0000000000000000 | src1=- | dst=r7=0x0000000000000018 | wb=r7=0x0000000000000018 | mem=- | trap=- | asm=ori t#1, 24, ->a5
seq=00000118 | cyc=118 | pc=0x000000000001946c | insn=0x6731305 | len=4 | next=0x0000000000019470 | op=OP_UNKNOWN | uid=0x400 | parent=0x0 | src0=r6=0x0000000000000130 | src1=r7=0x0000000000000018 | dst=r6=0x0000000000000118 | wb=r6=0x0000000000000118 | mem=- | trap=- | asm=sub a4, a5, ->a4
seq=00000119 | cyc=119 | pc=0x0000000000019470 | insn=0x6836065 | len=4 | next=0x0000000000019474 | op=OP_UNKNOWN | uid=0x401 | parent=0x0 | src0=r6=0x0000000000000118 | src1=r8=0x0000000000000020 | dst=- | wb=- | mem=- | trap=- | asm=setc.ltu a4, a6
seq=00000120 | cyc=120 | pc=0x0000000000019474 | insn=0x800 | len=2 | next=0x0000000000019474 | op=OP_UNKNOWN | uid=0x408 | parent=0x0 | src0=- | src1=- | dst=- | wb=- | mem=- | trap=- | asm=C.BSTART.STD
seq=00000121 | cyc=121 | pc=0x0000000000019474 | insn=0x800 | len=2 | next=0x0000000000019476 | op=OP_UNKNOWN | uid=0x438 | parent=0x0 | src0=- | src1=- | dst=- | wb=- | mem=- | trap=- | asm=C.BSTART.STD
seq=00000122 | cyc=122 | pc=0x0000000000019476 | insn=0x84ff05 | len=4 | next=0x000000000001947a | op=OP_UNKNOWN | uid=0x439 | parent=0x0 | src0=r9=0x0000000000000001 | src1=r8=0x0000000000000020 | dst=- | wb=- | mem=- | trap=- | asm=sll a7, a6, ->u
seq=00000123 | cyc=123 | pc=0x000000000001947a | insn=0x8e5f85 | len=4 | next=0x000000000001947e | op=OP_UNKNOWN | uid=0x440 | parent=0x0 | src0=r28=0x0000000100000000 | src1=r8=0x0000000000000020 | dst=- | wb=- | mem=- | trap=- | asm=srl u#1, a6, ->t
seq=00000124 | cyc=124 | pc=0x000000000001947e | insn=0x78e3f05 | len=4 | next=0x0000000000019482 | op=OP_UNKNOWN | uid=0x441 | parent=0x0 | src0=r28=0x0000000100000000 | src1=r24=0x0000000000000001 | dst=- | wb=- | mem=- | trap=- | asm=or u#1, t#1, ->u
seq=00000125 | cyc=125 | pc=0x0000000000019482 | insn=0x82ff85 | len=4 | next=0x0000000000019486 | op=OP_UNKNOWN | uid=0x448 | parent=0x0 | src0=r5=0x0000000000000000 | src1=r8=0x0000000000000020 | dst=- | wb=- | mem=- | trap=- | asm=sll a3, a6, ->t
seq=00000126 | cyc=126 | pc=0x0000000000019486 | insn=0x8c5f85 | len=4 | next=0x000000000001948a | op=OP_UNKNOWN | uid=0x449 | parent=0x0 | src0=r24=0x0000000000000000 | src1=r8=0x0000000000000020 | dst=- | wb=- | mem=- | trap=- | asm=srl t#1, a6, ->t
seq=00000127 | cyc=127 | pc=0x000000000001948a | insn=0x1cc02c7 | len=4 | next=0x000000000001948e | op=OP_UNKNOWN | uid=0x450 | parent=0x0 | src0=r24=0x0000000000000000 | src1=r28=0x0000000100000001 | dst=r5=0x0000000000000000 | wb=r5=0x0000000000000000 | mem=- | trap=- | asm=mul t#1, u#1, ->a3
seq=00000128 | cyc=128 | pc=0x000000000001948e | insn=0x6720205 | len=4 | next=0x0000000000019492 | op=OP_UNKNOWN | uid=0x451 | parent=0x0 | src0=r4=0x0000000007fefe38 | src1=r7=0x0000000000000018 | dst=r4=0x0000000007fefe50 | wb=r4=0x0000000007fefe50 | mem=- | trap=- | asm=a2, a5, ->a2
seq=00000129 | cyc=129 | pc=0x0000000000019492 | insn=0x2001395 | len=4 | next=0x0000000000019496 | op=OP_UNKNOWN | uid=0x458 | parent=0x0 | src0=r0=0x0000000000000000 | src1=- | dst=r7=0xffffffffffffffe0 | wb=r7=0xffffffffffffffe0 | mem=- | trap=- | asm=subi zero, 32, ->a5
seq=00000130 | cyc=130 | pc=0x0000000000019496 | insn=0x1f00415 | len=4 | next=0x000000000001949a | op=OP_UNKNOWN | uid=0x459 | parent=0x0 | src0=r0=0x0000000000000000 | src1=- | dst=r8=0x000000000000001f | wb=r8=0x000000000000001f | mem=- | trap=- | asm=addi zero, 31, ->a6
seq=00000131 | cyc=131 | pc=0x000000000001949a | insn=0x4 | len=2 | next=0x000000000001949a | op=OP_UNKNOWN | uid=0x460 | parent=0x0 | src0=- | src1=- | dst=- | wb=- | mem=- | trap=- | asm=C.BSTART COND, 0x1949a
seq=00000132 | cyc=132 | pc=0x000000000001949a | insn=0x4 | len=2 | next=0x000000000001949c | op=OP_UNKNOWN | uid=0x480 | parent=0x0 | src0=- | src1=- | dst=- | wb=- | mem=- | trap=- | asm=C.BSTART COND, 0x1949a
seq=00000133 | cyc=133 | pc=0x000000000001949c | insn=0x642b059 | len=4 | next=0x00000000000194a0 | op=OP_UNKNOWN | uid=0x481 | parent=0x0 | src0=r5=0x0000000000000000 | src1=r4=0x0000000007fefe50 | dst=- | wb=- | mem=ST8@0x0000000007fefe68=0x0000000000000000 | trap=- | asm=sdi a3, [a2, 24]
seq=00000134 | cyc=134 | pc=0x00000000000194a0 | insn=0x442b059 | len=4 | next=0x00000000000194a4 | op=OP_UNKNOWN | uid=0x488 | parent=0x0 | src0=r5=0x0000000000000000 | src1=r4=0x0000000007fefe50 | dst=- | wb=- | mem=ST8@0x0000000007fefe60=0x0000000000000000 | trap=- | asm=sdi a3, [a2, 16]
seq=00000135 | cyc=135 | pc=0x00000000000194a4 | insn=0x242b059 | len=4 | next=0x00000000000194a8 | op=OP_UNKNOWN | uid=0x489 | parent=0x0 | src0=r5=0x0000000000000000 | src1=r4=0x0000000007fefe50 | dst=- | wb=- | mem=ST8@0x0000000007fefe58=0x0000000000000000 | trap=- | asm=sdi a3, [a2, 8]
seq=00000136 | cyc=136 | pc=0x00000000000194a8 | insn=0x42b059 | len=4 | next=0x00000000000194ac | op=OP_UNKNOWN | uid=0x490 | parent=0x0 | src0=r5=0x0000000000000000 | src1=r4=0x0000000007fefe50 | dst=- | wb=- | mem=ST8@0x0000000007fefe50=0x0000000000000000 | trap=- | asm=sdi a3, [a2, 0]
seq=00000137 | cyc=137 | pc=0x00000000000194ac | insn=0x6730305 | len=4 | next=0x00000000000194b0 | op=OP_UNKNOWN | uid=0x491 | parent=0x0 | src0=r6=0x0000000000000118 | src1=r7=0xffffffffffffffe0 | dst=r6=0x00000000000000f8 | wb=r6=0x00000000000000f8 | mem=- | trap=- | asm=a4, a5, ->a4
seq=00000138 | cyc=138 | pc=0x00000000000194b0 | insn=0x6646065 | len=4 | next=0x00000000000194b4 | op=OP_UNKNOWN | uid=0x498 | parent=0x0 | src0=r8=0x000000000000001f | src1=r6=0x00000000000000f8 | dst=- | wb=- | mem=- | trap=- | asm=setc.ltu a6, a4
seq=00000139 | cyc=139 | pc=0x00000000000194b4 | insn=0x2020215 | len=4 | next=0x00000000000194b8 | op=OP_UNKNOWN | uid=0x499 | parent=0x0 | src0=r4=0x0000000007fefe50 | src1=- | dst=r4=0x0000000007fefe70 | wb=r4=0x0000000007fefe70 | mem=- | trap=- | asm=addi a2, 32, ->a2
seq=00000140 | cyc=140 | pc=0x000000000001949a | insn=0x4 | len=2 | next=0x000000000001949c | op=OP_UNKNOWN | uid=0x4c0 | parent=0x0 | src0=- | src1=- | dst=- | wb=- | mem=- | trap=- | asm=C.BSTART COND, 0x1949a
seq=00000141 | cyc=141 | pc=0x000000000001949c | insn=0x642b059 | len=4 | next=0x00000000000194a0 | op=OP_UNKNOWN | uid=0x4c1 | parent=0x0 | src0=r5=0x0000000000000000 | src1=r4=0x0000000007fefe70 | dst=- | wb=- | mem=ST8@0x0000000007fefe88=0x0000000000000000 | trap=- | asm=sdi a3, [a2, 24]
seq=00000142 | cyc=142 | pc=0x00000000000194a0 | insn=0x442b059 | len=4 | next=0x00000000000194a4 | op=OP_UNKNOWN | uid=0x4c8 | parent=0x0 | src0=r5=0x0000000000000000 | src1=r4=0x0000000007fefe70 | dst=- | wb=- | mem=ST8@0x0000000007fefe80=0x0000000000000000 | trap=- | asm=sdi a3, [a2, 16]
seq=00000143 | cyc=143 | pc=0x00000000000194a4 | insn=0x242b059 | len=4 | next=0x00000000000194a8 | op=OP_UNKNOWN | uid=0x4c9 | parent=0x0 | src0=r5=0x0000000000000000 | src1=r4=0x0000000007fefe70 | dst=- | wb=- | mem=ST8@0x0000000007fefe78=0x0000000000000000 | trap=- | asm=sdi a3, [a2, 8]
seq=00000144 | cyc=144 | pc=0x00000000000194a8 | insn=0x42b059 | len=4 | next=0x00000000000194ac | op=OP_UNKNOWN | uid=0x4d0 | parent=0x0 | src0=r5=0x0000000000000000 | src1=r4=0x0000000007fefe70 | dst=- | wb=- | mem=ST8@0x0000000007fefe70=0x0000000000000000 | trap=- | asm=sdi a3, [a2, 0]
seq=00000145 | cyc=145 | pc=0x00000000000194ac | insn=0x6730305 | len=4 | next=0x00000000000194b0 | op=OP_UNKNOWN | uid=0x4d1 | parent=0x0 | src0=r6=0x00000000000000f8 | src1=r7=0xffffffffffffffe0 | dst=r6=0x00000000000000d8 | wb=r6=0x00000000000000d8 | mem=- | trap=- | asm=a4, a5, ->a4
seq=00000146 | cyc=146 | pc=0x00000000000194b0 | insn=0x6646065 | len=4 | next=0x00000000000194b4 | op=OP_UNKNOWN | uid=0x4d8 | parent=0x0 | src0=r8=0x000000000000001f | src1=r6=0x00000000000000d8 | dst=- | wb=- | mem=- | trap=- | asm=setc.ltu a6, a4
seq=00000147 | cyc=147 | pc=0x00000000000194b4 | insn=0x2020215 | len=4 | next=0x00000000000194b8 | op=OP_UNKNOWN | uid=0x4d9 | parent=0x0 | src0=r4=0x0000000007fefe70 | src1=- | dst=r4=0x0000000007fefe90 | wb=r4=0x0000000007fefe90 | mem=- | trap=- | asm=addi a2, 32, ->a2
seq=00000148 | cyc=148 | pc=0x000000000001949a | insn=0x4 | len=2 | next=0x000000000001949c | op=OP_UNKNOWN | uid=0x500 | parent=0x0 | src0=- | src1=- | dst=- | wb=- | mem=- | trap=- | asm=C.BSTART COND, 0x1949a
seq=00000149 | cyc=149 | pc=0x000000000001949c | insn=0x642b059 | len=4 | next=0x00000000000194a0 | op=OP_UNKNOWN | uid=0x501 | parent=0x0 | src0=r5=0x0000000000000000 | src1=r4=0x0000000007fefe90 | dst=- | wb=- | mem=ST8@0x0000000007fefea8=0x0000000000000000 | trap=- | asm=sdi a3, [a2, 24]
seq=00000150 | cyc=150 | pc=0x00000000000194a0 | insn=0x442b059 | len=4 | next=0x00000000000194a4 | op=OP_UNKNOWN | uid=0x508 | parent=0x0 | src0=r5=0x0000000000000000 | src1=r4=0x0000000007fefe90 | dst=- | wb=- | mem=ST8@0x0000000007fefea0=0x0000000000000000 | trap=- | asm=sdi a3, [a2, 16]
seq=00000151 | cyc=151 | pc=0x00000000000194a4 | insn=0x242b059 | len=4 | next=0x00000000000194a8 | op=OP_UNKNOWN | uid=0x509 | parent=0x0 | src0=r5=0x0000000000000000 | src1=r4=0x0000000007fefe90 | dst=- | wb=- | mem=ST8@0x0000000007fefe98=0x0000000000000000 | trap=- | asm=sdi a3, [a2, 8]
seq=00000152 | cyc=152 | pc=0x00000000000194a8 | insn=0x42b059 | len=4 | next=0x00000000000194ac | op=OP_UNKNOWN | uid=0x510 | parent=0x0 | src0=r5=0x0000000000000000 | src1=r4=0x0000000007fefe90 | dst=- | wb=- | mem=ST8@0x0000000007fefe90=0x0000000000000000 | trap=- | asm=sdi a3, [a2, 0]
seq=00000153 | cyc=153 | pc=0x00000000000194ac | insn=0x6730305 | len=4 | next=0x00000000000194b0 | op=OP_UNKNOWN | uid=0x511 | parent=0x0 | src0=r6=0x00000000000000d8 | src1=r7=0xffffffffffffffe0 | dst=r6=0x00000000000000b8 | wb=r6=0x00000000000000b8 | mem=- | trap=- | asm=a4, a5, ->a4
seq=00000154 | cyc=154 | pc=0x00000000000194b0 | insn=0x6646065 | len=4 | next=0x00000000000194b4 | op=OP_UNKNOWN | uid=0x518 | parent=0x0 | src0=r8=0x000000000000001f | src1=r6=0x00000000000000b8 | dst=- | wb=- | mem=- | trap=- | asm=setc.ltu a6, a4
seq=00000155 | cyc=155 | pc=0x00000000000194b4 | insn=0x2020215 | len=4 | next=0x00000000000194b8 | op=OP_UNKNOWN | uid=0x519 | parent=0x0 | src0=r4=0x0000000007fefe90 | src1=- | dst=r4=0x0000000007fefeb0 | wb=r4=0x0000000007fefeb0 | mem=- | trap=- | asm=addi a2, 32, ->a2
seq=00000156 | cyc=156 | pc=0x000000000001949a | insn=0x4 | len=2 | next=0x000000000001949c | op=OP_UNKNOWN | uid=0x540 | parent=0x0 | src0=- | src1=- | dst=- | wb=- | mem=- | trap=- | asm=C.BSTART COND, 0x1949a
seq=00000157 | cyc=157 | pc=0x000000000001949c | insn=0x642b059 | len=4 | next=0x00000000000194a0 | op=OP_UNKNOWN | uid=0x541 | parent=0x0 | src0=r5=0x0000000000000000 | src1=r4=0x0000000007fefeb0 | dst=- | wb=- | mem=ST8@0x0000000007fefec8=0x0000000000000000 | trap=- | asm=sdi a3, [a2, 24]
seq=00000158 | cyc=158 | pc=0x00000000000194a0 | insn=0x442b059 | len=4 | next=0x00000000000194a4 | op=OP_UNKNOWN | uid=0x548 | parent=0x0 | src0=r5=0x0000000000000000 | src1=r4=0x0000000007fefeb0 | dst=- | wb=- | mem=ST8@0x0000000007fefec0=0x0000000000000000 | trap=- | asm=sdi a3, [a2, 16]
seq=00000159 | cyc=159 | pc=0x00000000000194a4 | insn=0x242b059 | len=4 | next=0x00000000000194a8 | op=OP_UNKNOWN | uid=0x549 | parent=0x0 | src0=r5=0x0000000000000000 | src1=r4=0x0000000007fefeb0 | dst=- | wb=- | mem=ST8@0x0000000007fefeb8=0x0000000000000000 | trap=- | asm=sdi a3, [a2, 8]
seq=00000160 | cyc=160 | pc=0x00000000000194a8 | insn=0x42b059 | len=4 | next=0x00000000000194ac | op=OP_UNKNOWN | uid=0x550 | parent=0x0 | src0=r5=0x0000000000000000 | src1=r4=0x0000000007fefeb0 | dst=- | wb=- | mem=ST8@0x0000000007fefeb0=0x0000000000000000 | trap=- | asm=sdi a3, [a2, 0]
seq=00000161 | cyc=161 | pc=0x00000000000194ac | insn=0x6730305 | len=4 | next=0x00000000000194b0 | op=OP_UNKNOWN | uid=0x551 | parent=0x0 | src0=r6=0x00000000000000b8 | src1=r7=0xffffffffffffffe0 | dst=r6=0x0000000000000098 | wb=r6=0x0000000000000098 | mem=- | trap=- | asm=a4, a5, ->a4
seq=00000162 | cyc=162 | pc=0x00000000000194b0 | insn=0x6646065 | len=4 | next=0x00000000000194b4 | op=OP_UNKNOWN | uid=0x558 | parent=0x0 | src0=r8=0x000000000000001f | src1=r6=0x0000000000000098 | dst=- | wb=- | mem=- | trap=- | asm=setc.ltu a6, a4
seq=00000163 | cyc=163 | pc=0x00000000000194b4 | insn=0x2020215 | len=4 | next=0x00000000000194b8 | op=OP_UNKNOWN | uid=0x559 | parent=0x0 | src0=r4=0x0000000007fefeb0 | src1=- | dst=r4=0x0000000007fefed0 | wb=r4=0x0000000007fefed0 | mem=- | trap=- | asm=addi a2, 32, ->a2
seq=00000164 | cyc=164 | pc=0x000000000001949a | insn=0x4 | len=2 | next=0x000000000001949c | op=OP_UNKNOWN | uid=0x580 | parent=0x0 | src0=- | src1=- | dst=- | wb=- | mem=- | trap=- | asm=C.BSTART COND, 0x1949a
seq=00000165 | cyc=165 | pc=0x000000000001949c | insn=0x642b059 | len=4 | next=0x00000000000194a0 | op=OP_UNKNOWN | uid=0x581 | parent=0x0 | src0=r5=0x0000000000000000 | src1=r4=0x0000000007fefed0 | dst=- | wb=- | mem=ST8@0x0000000007fefee8=0x0000000000000000 | trap=- | asm=sdi a3, [a2, 24]
seq=00000166 | cyc=166 | pc=0x00000000000194a0 | insn=0x442b059 | len=4 | next=0x00000000000194a4 | op=OP_UNKNOWN | uid=0x588 | parent=0x0 | src0=r5=0x0000000000000000 | src1=r4=0x0000000007fefed0 | dst=- | wb=- | mem=ST8@0x0000000007fefee0=0x0000000000000000 | trap=- | asm=sdi a3, [a2, 16]
seq=00000167 | cyc=167 | pc=0x00000000000194a4 | insn=0x242b059 | len=4 | next=0x00000000000194a8 | op=OP_UNKNOWN | uid=0x589 | parent=0x0 | src0=r5=0x0000000000000000 | src1=r4=0x0000000007fefed0 | dst=- | wb=- | mem=ST8@0x0000000007fefed8=0x0000000000000000 | trap=- | asm=sdi a3, [a2, 8]
seq=00000168 | cyc=168 | pc=0x00000000000194a8 | insn=0x42b059 | len=4 | next=0x00000000000194ac | op=OP_UNKNOWN | uid=0x590 | parent=0x0 | src0=r5=0x0000000000000000 | src1=r4=0x0000000007fefed0 | dst=- | wb=- | mem=ST8@0x0000000007fefed0=0x0000000000000000 | trap=- | asm=sdi a3, [a2, 0]
seq=00000169 | cyc=169 | pc=0x00000000000194ac | insn=0x6730305 | len=4 | next=0x00000000000194b0 | op=OP_UNKNOWN | uid=0x591 | parent=0x0 | src0=r6=0x0000000000000098 | src1=r7=0xffffffffffffffe0 | dst=r6=0x0000000000000078 | wb=r6=0x0000000000000078 | mem=- | trap=- | asm=a4, a5, ->a4
seq=00000170 | cyc=170 | pc=0x00000000000194b0 | insn=0x6646065 | len=4 | next=0x00000000000194b4 | op=OP_UNKNOWN | uid=0x598 | parent=0x0 | src0=r8=0x000000000000001f | src1=r6=0x0000000000000078 | dst=- | wb=- | mem=- | trap=- | asm=setc.ltu a6, a4
seq=00000171 | cyc=171 | pc=0x00000000000194b4 | insn=0x2020215 | len=4 | next=0x00000000000194b8 | op=OP_UNKNOWN | uid=0x599 | parent=0x0 | src0=r4=0x0000000007fefed0 | src1=- | dst=r4=0x0000000007fefef0 | wb=r4=0x0000000007fefef0 | mem=- | trap=- | asm=addi a2, 32, ->a2
seq=00000172 | cyc=172 | pc=0x000000000001949a | insn=0x4 | len=2 | next=0x000000000001949c | op=OP_UNKNOWN | uid=0x5c0 | parent=0x0 | src0=- | src1=- | dst=- | wb=- | mem=- | trap=- | asm=C.BSTART COND, 0x1949a
seq=00000173 | cyc=173 | pc=0x000000000001949c | insn=0x642b059 | len=4 | next=0x00000000000194a0 | op=OP_UNKNOWN | uid=0x5c1 | parent=0x0 | src0=r5=0x0000000000000000 | src1=r4=0x0000000007fefef0 | dst=- | wb=- | mem=ST8@0x0000000007feff08=0x0000000000000000 | trap=- | asm=sdi a3, [a2, 24]
seq=00000174 | cyc=174 | pc=0x00000000000194a0 | insn=0x442b059 | len=4 | next=0x00000000000194a4 | op=OP_UNKNOWN | uid=0x5c8 | parent=0x0 | src0=r5=0x0000000000000000 | src1=r4=0x0000000007fefef0 | dst=- | wb=- | mem=ST8@0x0000000007feff00=0x0000000000000000 | trap=- | asm=sdi a3, [a2, 16]
seq=00000175 | cyc=175 | pc=0x00000000000194a4 | insn=0x242b059 | len=4 | next=0x00000000000194a8 | op=OP_UNKNOWN | uid=0x5c9 | parent=0x0 | src0=r5=0x0000000000000000 | src1=r4=0x0000000007fefef0 | dst=- | wb=- | mem=ST8@0x0000000007fefef8=0x0000000000000000 | trap=- | asm=sdi a3, [a2, 8]
seq=00000176 | cyc=176 | pc=0x00000000000194a8 | insn=0x42b059 | len=4 | next=0x00000000000194ac | op=OP_UNKNOWN | uid=0x5d0 | parent=0x0 | src0=r5=0x0000000000000000 | src1=r4=0x0000000007fefef0 | dst=- | wb=- | mem=ST8@0x0000000007fefef0=0x0000000000000000 | trap=- | asm=sdi a3, [a2, 0]
seq=00000177 | cyc=177 | pc=0x00000000000194ac | insn=0x6730305 | len=4 | next=0x00000000000194b0 | op=OP_UNKNOWN | uid=0x5d1 | parent=0x0 | src0=r6=0x0000000000000078 | src1=r7=0xffffffffffffffe0 | dst=r6=0x0000000000000058 | wb=r6=0x0000000000000058 | mem=- | trap=- | asm=a4, a5, ->a4
seq=00000178 | cyc=178 | pc=0x00000000000194b0 | insn=0x6646065 | len=4 | next=0x00000000000194b4 | op=OP_UNKNOWN | uid=0x5d8 | parent=0x0 | src0=r8=0x000000000000001f | src1=r6=0x0000000000000058 | dst=- | wb=- | mem=- | trap=- | asm=setc.ltu a6, a4
seq=00000179 | cyc=179 | pc=0x00000000000194b4 | insn=0x2020215 | len=4 | next=0x00000000000194b8 | op=OP_UNKNOWN | uid=0x5d9 | parent=0x0 | src0=r4=0x0000000007fefef0 | src1=- | dst=r4=0x0000000007feff10 | wb=r4=0x0000000007feff10 | mem=- | trap=- | asm=addi a2, 32, ->a2
seq=00000180 | cyc=180 | pc=0x000000000001949a | insn=0x4 | len=2 | next=0x000000000001949c | op=OP_UNKNOWN | uid=0x600 | parent=0x0 | src0=- | src1=- | dst=- | wb=- | mem=- | trap=- | asm=C.BSTART COND, 0x1949a
seq=00000181 | cyc=181 | pc=0x000000000001949c | insn=0x642b059 | len=4 | next=0x00000000000194a0 | op=OP_UNKNOWN | uid=0x601 | parent=0x0 | src0=r5=0x0000000000000000 | src1=r4=0x0000000007feff10 | dst=- | wb=- | mem=ST8@0x0000000007feff28=0x0000000000000000 | trap=- | asm=sdi a3, [a2, 24]
seq=00000182 | cyc=182 | pc=0x00000000000194a0 | insn=0x442b059 | len=4 | next=0x00000000000194a4 | op=OP_UNKNOWN | uid=0x608 | parent=0x0 | src0=r5=0x0000000000000000 | src1=r4=0x0000000007feff10 | dst=- | wb=- | mem=ST8@0x0000000007feff20=0x0000000000000000 | trap=- | asm=sdi a3, [a2, 16]
seq=00000183 | cyc=183 | pc=0x00000000000194a4 | insn=0x242b059 | len=4 | next=0x00000000000194a8 | op=OP_UNKNOWN | uid=0x609 | parent=0x0 | src0=r5=0x0000000000000000 | src1=r4=0x0000000007feff10 | dst=- | wb=- | mem=ST8@0x0000000007feff18=0x0000000000000000 | trap=- | asm=sdi a3, [a2, 8]
seq=00000184 | cyc=184 | pc=0x00000000000194a8 | insn=0x42b059 | len=4 | next=0x00000000000194ac | op=OP_UNKNOWN | uid=0x610 | parent=0x0 | src0=r5=0x0000000000000000 | src1=r4=0x0000000007feff10 | dst=- | wb=- | mem=ST8@0x0000000007feff10=0x0000000000000000 | trap=- | asm=sdi a3, [a2, 0]
seq=00000185 | cyc=185 | pc=0x00000000000194ac | insn=0x6730305 | len=4 | next=0x00000000000194b0 | op=OP_UNKNOWN | uid=0x611 | parent=0x0 | src0=r6=0x0000000000000058 | src1=r7=0xffffffffffffffe0 | dst=r6=0x0000000000000038 | wb=r6=0x0000000000000038 | mem=- | trap=- | asm=a4, a5, ->a4
seq=00000186 | cyc=186 | pc=0x00000000000194b0 | insn=0x6646065 | len=4 | next=0x00000000000194b4 | op=OP_UNKNOWN | uid=0x618 | parent=0x0 | src0=r8=0x000000000000001f | src1=r6=0x0000000000000038 | dst=- | wb=- | mem=- | trap=- | asm=setc.ltu a6, a4
seq=00000187 | cyc=187 | pc=0x00000000000194b4 | insn=0x2020215 | len=4 | next=0x00000000000194b8 | op=OP_UNKNOWN | uid=0x619 | parent=0x0 | src0=r4=0x0000000007feff10 | src1=- | dst=r4=0x0000000007feff30 | wb=r4=0x0000000007feff30 | mem=- | trap=- | asm=addi a2, 32, ->a2
seq=00000188 | cyc=188 | pc=0x000000000001949a | insn=0x4 | len=2 | next=0x000000000001949c | op=OP_UNKNOWN | uid=0x640 | parent=0x0 | src0=- | src1=- | dst=- | wb=- | mem=- | trap=- | asm=C.BSTART COND, 0x1949a
seq=00000189 | cyc=189 | pc=0x000000000001949c | insn=0x642b059 | len=4 | next=0x00000000000194a0 | op=OP_UNKNOWN | uid=0x641 | parent=0x0 | src0=r5=0x0000000000000000 | src1=r4=0x0000000007feff30 | dst=- | wb=- | mem=ST8@0x0000000007feff48=0x0000000000000000 | trap=- | asm=sdi a3, [a2, 24]
seq=00000190 | cyc=190 | pc=0x00000000000194a0 | insn=0x442b059 | len=4 | next=0x00000000000194a4 | op=OP_UNKNOWN | uid=0x648 | parent=0x0 | src0=r5=0x0000000000000000 | src1=r4=0x0000000007feff30 | dst=- | wb=- | mem=ST8@0x0000000007feff40=0x0000000000000000 | trap=- | asm=sdi a3, [a2, 16]
seq=00000191 | cyc=191 | pc=0x00000000000194a4 | insn=0x242b059 | len=4 | next=0x00000000000194a8 | op=OP_UNKNOWN | uid=0x649 | parent=0x0 | src0=r5=0x0000000000000000 | src1=r4=0x0000000007feff30 | dst=- | wb=- | mem=ST8@0x0000000007feff38=0x0000000000000000 | trap=- | asm=sdi a3, [a2, 8]
seq=00000192 | cyc=192 | pc=0x00000000000194a8 | insn=0x42b059 | len=4 | next=0x00000000000194ac | op=OP_UNKNOWN | uid=0x650 | parent=0x0 | src0=r5=0x0000000000000000 | src1=r4=0x0000000007feff30 | dst=- | wb=- | mem=ST8@0x0000000007feff30=0x0000000000000000 | trap=- | asm=sdi a3, [a2, 0]
seq=00000193 | cyc=193 | pc=0x00000000000194ac | insn=0x6730305 | len=4 | next=0x00000000000194b0 | op=OP_UNKNOWN | uid=0x651 | parent=0x0 | src0=r6=0x0000000000000038 | src1=r7=0xffffffffffffffe0 | dst=r6=0x0000000000000018 | wb=r6=0x0000000000000018 | mem=- | trap=- | asm=a4, a5, ->a4
seq=00000194 | cyc=194 | pc=0x00000000000194b0 | insn=0x6646065 | len=4 | next=0x00000000000194b4 | op=OP_UNKNOWN | uid=0x658 | parent=0x0 | src0=r8=0x000000000000001f | src1=r6=0x0000000000000018 | dst=- | wb=- | mem=- | trap=- | asm=setc.ltu a6, a4
seq=00000195 | cyc=195 | pc=0x00000000000194b4 | insn=0x2020215 | len=4 | next=0x00000000000194b8 | op=OP_UNKNOWN | uid=0x659 | parent=0x0 | src0=r4=0x0000000007feff30 | src1=- | dst=r4=0x0000000007feff50 | wb=r4=0x0000000007feff50 | mem=- | trap=- | asm=addi a2, 32, ->a2
seq=00000196 | cyc=196 | pc=0x00000000000194b8 | insn=0x2a53041 | len=4 | next=0x00000000000194b8 | op=OP_UNKNOWN | uid=0x4000000000000694 | parent=0x660 | src0=- | src1=- | dst=- | wb=- | mem=- | trap=- | asm=FRET.STK [ra ~ ra], sp!, 8
seq=00000197 | cyc=197 | pc=0x00000000000194b8 | insn=0x2a53041 | len=4 | next=0x00000000000194b8 | op=OP_UNKNOWN | uid=0x4000000000000695 | parent=0x660 | src0=r1=0x0000000007fefdf8 | src1=- | dst=r1=0x0000000007fefe00 | wb=r1=0x0000000007fefe00 | mem=- | trap=- | asm=FRET.STK [ra ~ ra], sp!, 8
seq=00000198 | cyc=198 | pc=0x00000000000194b8 | insn=0x2a53041 | len=4 | next=0x00000000000144d8 | op=OP_UNKNOWN | uid=0x6a4 | parent=0x660 | src0=r1=0x0000000007fefe00 | src1=- | dst=r10=0x00000000000144d8 | wb=r10=0x00000000000144d8 | mem=LD8@0x0000000007fefdf8=>0x00000000000144d8 | trap=- | asm=FRET.STK [ra ~ ra], sp!, 8
seq=00000199 | cyc=199 | pc=0x00000000000144d8 | insn=0x800 | len=2 | next=0x00000000000144da | op=OP_UNKNOWN | uid=0x6a8 | parent=0x0 | src0=- | src1=- | dst=- | wb=- | mem=- | trap=- | asm=C.BSTART.STD
seq=00000200 | cyc=200 | pc=0x00000000000144da | insn=0x6f87 | len=4 | next=0x00000000000144de | op=OP_UNKNOWN | uid=0x6a9 | parent=0x0 | src0=- | src1=- | dst=- | wb=- | mem=- | trap=- | asm=addtpc 6, ->t
seq=00000201 | cyc=201 | pc=0x00000000000144de | insn=0xd70c0f95 | len=4 | next=0x00000000000144e2 | op=OP_UNKNOWN | uid=0x6b0 | parent=0x0 | src0=r24=0x000000000001a000 | src1=- | dst=- | wb=- | mem=- | trap=- | asm=addi t#1, 3440, ->t
seq=00000202 | cyc=202 | pc=0x00000000000144e2 | insn=0x61a | len=2 | next=0x00000000000144e4 | op=OP_UNKNOWN | uid=0x6b1 | parent=0x0 | src0=r24=0x000000000001ad70 | src1=- | dst=- | wb=- | mem=LD8@0x000000000001ad70=>0x000000000001e6c0 | trap=- | asm=c.ldi [t#1, 0], ->t
seq=00000203 | cyc=203 | pc=0x00000000000144e4 | insn=0x186b059 | len=4 | next=0x00000000000144e8 | op=OP_UNKNOWN | uid=0x6b8 | parent=0x0 | src0=r13=0x0000000007ff0000 | src1=r24=0x000000000001e6c0 | dst=- | wb=- | mem=ST8@0x000000000001e6c0=0x0000000007ff0000 | trap=- | asm=sdi s2, [t#1, 0]
seq=00000204 | cyc=204 | pc=0x00000000000144e8 | insn=0x4 | len=2 | next=0x00000000000144e8 | op=OP_UNKNOWN | uid=0x6b9 | parent=0x0 | src0=- | src1=- | dst=- | wb=- | mem=- | trap=- | asm=C.BSTART COND, 0x144e8
seq=00000205 | cyc=205 | pc=0x00000000000144e8 | insn=0x4 | len=2 | next=0x00000000000144ea | op=OP_UNKNOWN | uid=0x6e0 | parent=0x0 | src0=- | src1=- | dst=- | wb=- | mem=- | trap=- | asm=C.BSTART COND, 0x144e8
seq=00000206 | cyc=206 | pc=0x00000000000144ea | insn=0x868215 | len=4 | next=0x00000000000144ee | op=OP_UNKNOWN | uid=0x6e1 | parent=0x0 | src0=r13=0x0000000007ff0000 | src1=- | dst=r4=0x0000000007ff0008 | wb=r4=0x0000000007ff0008 | mem=- | trap=- | asm=addi s2, 8, ->a2
seq=00000207 | cyc=207 | pc=0x00000000000144ee | insn=0x35a | len=2 | next=0x00000000000144f0 | op=OP_UNKNOWN | uid=0x6e2 | parent=0x0 | src0=r13=0x0000000007ff0000 | src1=- | dst=- | wb=- | mem=LD8@0x0000000007ff0000=>0x0000000000000000 | trap=- | asm=c.ldi [s2, 0], ->t
seq=00000208 | cyc=208 | pc=0x00000000000144f0 | insn=0x5e36 | len=2 | next=0x00000000000144f2 | op=OP_UNKNOWN | uid=0x6e8 | parent=0x0 | src0=r24=0x0000000000000000 | src1=r11=0x0000000000000000 | dst=- | wb=- | mem=- | trap=- | asm=c.setc.ne t#1, s0
seq=00000209 | cyc=209 | pc=0x00000000000144f2 | insn=0x6906 | len=2 | next=0x00000000000144f4 | op=OP_UNKNOWN | uid=0x6e9 | parent=0x0 | src0=r4=0x0000000007ff0008 | src1=- | dst=r13=0x0000000007ff0008 | wb=r13=0x0000000007ff0008 | mem=- | trap=- | asm=c.movr a2, ->s2
seq=00000210 | cyc=210 | pc=0x00000000000144f4 | insn=0x294 | len=2 | next=0x00000000000144f4 | op=OP_UNKNOWN | uid=0x6ea | parent=0x0 | src0=- | src1=- | dst=- | wb=- | mem=- | trap=- | asm=C.BSTART COND, 0x14546
seq=00000211 | cyc=211 | pc=0x00000000000144f4 | insn=0x294 | len=2 | next=0x00000000000144f6 | op=OP_UNKNOWN | uid=0x708 | parent=0x0 | src0=- | src1=- | dst=- | wb=- | mem=- | trap=- | asm=C.BSTART COND, 0x14546
seq=00000212 | cyc=212 | pc=0x00000000000144f6 | insn=0x37a23569000e | len=6 | next=0x00000000000144fc | op=OP_UNKNOWN | uid=0x709 | parent=0x0 | src0=r4=0x0000000007ff0008 | src1=- | dst=- | wb=- | mem=ST8@0x000000000001e870=0x0000000007ff0008 | trap=- | asm=hl.sd.pcr a2, [0xa37a]
seq=00000213 | cyc=213 | pc=0x00000000000144fc | insn=0x23119 | len=4 | next=0x0000000000014500 | op=OP_UNKNOWN | uid=0x710 | parent=0x0 | src0=r4=0x0000000007ff0008 | src1=- | dst=r2=0x0000000000000000 | wb=r2=0x0000000000000000 | mem=LD8@0x0000000007ff0008=>0x0000000000000000 | trap=- | asm=ldi [a2, 0], ->a0
seq=00000214 | cyc=214 | pc=0x0000000000014500 | insn=0x58a6 | len=2 | next=0x0000000000014502 | op=OP_UNKNOWN | uid=0x711 | parent=0x0 | src0=r2=0x0000000000000000 | src1=r11=0x0000000000000000 | dst=- | wb=- | mem=- | trap=- | asm=c.setc.eq a0, s0
seq=00000215 | cyc=215 | pc=0x0000000000014502 | insn=0xc2 | len=2 | next=0x0000000000014546 | op=OP_UNKNOWN | uid=0x712 | parent=0x0 | src0=- | src1=- | dst=- | wb=- | mem=- | trap=- | asm=C.BSTART DIRECT, 0x1451a
seq=00000216 | cyc=216 | pc=0x0000000000014546 | insn=0x800 | len=2 | next=0x0000000000014548 | op=OP_UNKNOWN | uid=0x738 | parent=0x0 | src0=- | src1=- | dst=- | wb=- | mem=- | trap=- | asm=C.BSTART.STD
seq=00000217 | cyc=217 | pc=0x0000000000014548 | insn=0x3885b569000e | len=6 | next=0x000000000001454e | op=OP_UNKNOWN | uid=0x739 | parent=0x0 | src0=r11=0x0000000000000000 | src1=- | dst=- | wb=- | mem=ST8@0x000000000001e8d0=0x0000000000000000 | trap=- | asm=hl.sd.pcr s0, [0xa388]
seq=00000218 | cyc=218 | pc=0x000000000001454e | insn=0x302 | len=2 | next=0x000000000001454e | op=OP_UNKNOWN | uid=0x740 | parent=0x0 | src0=- | src1=- | dst=- | wb=- | mem=- | trap=- | asm=C.BSTART DIRECT, 0x145ae
seq=00000219 | cyc=219 | pc=0x000000000001454e | insn=0x302 | len=2 | next=0x0000000000014550 | op=OP_UNKNOWN | uid=0x758 | parent=0x0 | src0=- | src1=- | dst=- | wb=- | mem=- | trap=- | asm=C.BSTART DIRECT, 0x145ae
seq=00000220 | cyc=220 | pc=0x0000000000014550 | insn=0x60f55 | len=4 | next=0x0000000000014554 | op=OP_UNKNOWN | uid=0x759 | parent=0x0 | src0=r12=0x0000000000000000 | src1=- | dst=- | wb=- | mem=- | trap=- | asm=cmp.eqi s1, 0, ->u
seq=00000221 | cyc=221 | pc=0x0000000000014554 | insn=0x260bf99 | len=4 | next=0x0000000000014558 | op=OP_UNKNOWN | uid=0x760 | parent=0x0 | src0=r1=0x0000000007fefe00 | src1=- | dst=- | wb=- | mem=LD8@0x0000000007feff30=>0x0000000000000000 | trap=- | asm=ldi [sp, 304], ->t
seq=00000222 | cyc=222 | pc=0x0000000000014558 | insn=0xe7860177 | len=4 | next=0x000000000001455c | op=OP_UNKNOWN | uid=0x761 | parent=0x0 | src0=r12=0x0000000000000000 | src1=r24=0x0000000000000000 | dst=r2=0x0000000000000000 | wb=r2=0x0000000000000000 | mem=- | trap=- | asm=csel u#1, s1, t#1, ->a0
seq=00000223 | cyc=223 | pc=0x000000000001455c | insn=0xffffcf87 | len=4 | next=0x0000000000014560 | op=OP_UNKNOWN | uid=0x768 | parent=0x0 | src0=- | src1=- | dst=- | wb=- | mem=- | trap=- | asm=addtpc 1048572, ->t
seq=00000224 | cyc=224 | pc=0x0000000000014560 | insn=0x3f5c0f15 | len=4 | next=0x0000000000014564 | op=OP_UNKNOWN | uid=0x769 | parent=0x0 | src0=r24=0x0000000000010000 | src1=- | dst=- | wb=- | mem=- | trap=- | asm=addi t#1, 1013, ->u
seq=00000225 | cyc=225 | pc=0x0000000000014564 | insn=0x10fd5 | len=4 | next=0x0000000000014568 | op=OP_UNKNOWN | uid=0x770 | parent=0x0 | src0=r2=0x0000000000000000 | src1=- | dst=- | wb=- | mem=- | trap=- | asm=cmp.eqi a0, 0, ->t
seq=00000226 | cyc=226 | pc=0x0000000000014568 | insn=0xc7c10f77 | len=4 | next=0x000000000001456c | op=OP_UNKNOWN | uid=0x771 | parent=0x0 | src0=r2=0x0000000000000000 | src1=r28=0x00000000000103f5 | dst=- | wb=- | mem=- | trap=- | asm=csel t#1, a0, u#1, ->u
seq=00000227 | cyc=227 | pc=0x000000000001456c | insn=0x6f87 | len=4 | next=0x0000000000014570 | op=OP_UNKNOWN | uid=0x778 | parent=0x0 | src0=- | src1=- | dst=- | wb=- | mem=- | trap=- | asm=addtpc 6, ->t
seq=00000228 | cyc=228 | pc=0x0000000000014570 | insn=0xd78c0f95 | len=4 | next=0x0000000000014574 | op=OP_UNKNOWN | uid=0x779 | parent=0x0 | src0=r24=0x000000000001a000 | src1=- | dst=- | wb=- | mem=- | trap=- | asm=addi t#1, 3448, ->t
seq=00000229 | cyc=229 | pc=0x0000000000014574 | insn=0x61a | len=2 | next=0x0000000000014576 | op=OP_UNKNOWN | uid=0x780 | parent=0x0 | src0=r24=0x000000000001ad78 | src1=- | dst=- | wb=- | mem=LD8@0x000000000001ad78=>0x000000000001e860 | trap=- | asm=c.ldi [t#1, 0], ->t
seq=00000230 | cyc=230 | pc=0x0000000000014576 | insn=0x18e3059 | len=4 | next=0x000000000001457a | op=OP_UNKNOWN | uid=0x781 | parent=0x0 | src0=r28=0x00000000000103f5 | src1=r24=0x000000000001e860 | dst=- | wb=- | mem=ST8@0x000000000001e860=0x00000000000103f5 | trap=- | asm=sdi u#1, [t#1, 0]
seq=00000231 | cyc=231 | pc=0x000000000001457a | insn=0x6f87 | len=4 | next=0x000000000001457e | op=OP_UNKNOWN | uid=0x788 | parent=0x0 | src0=- | src1=- | dst=- | wb=- | mem=- | trap=- | asm=addtpc 6, ->t
seq=00000232 | cyc=232 | pc=0x000000000001457e | insn=0xd80c0f95 | len=4 | next=0x0000000000014582 | op=OP_UNKNOWN | uid=0x789 | parent=0x0 | src0=r24=0x000000000001a000 | src1=- | dst=- | wb=- | mem=- | trap=- | asm=addi t#1, 3456, ->t
seq=00000233 | cyc=233 | pc=0x0000000000014582 | insn=0x61a | len=2 | next=0x0000000000014584 | op=OP_UNKNOWN | uid=0x790 | parent=0x0 | src0=r24=0x000000000001ad80 | src1=- | dst=- | wb=- | mem=LD8@0x000000000001ad80=>0x000000000001e858 | trap=- | asm=c.ldi [t#1, 0], ->t
seq=00000234 | cyc=234 | pc=0x0000000000014584 | insn=0x18e3059 | len=4 | next=0x0000000000014588 | op=OP_UNKNOWN | uid=0x791 | parent=0x0 | src0=r28=0x00000000000103f5 | src1=r24=0x000000000001e858 | dst=- | wb=- | mem=ST8@0x000000000001e858=0x00000000000103f5 | trap=- | asm=sdi u#1, [t#1, 0]
seq=00000235 | cyc=235 | pc=0x0000000000014588 | insn=0x685a | len=2 | next=0x000000000001458a | op=OP_UNKNOWN | uid=0x792 | parent=0x0 | src0=r1=0x0000000007fefe00 | src1=- | dst=- | wb=- | mem=LD8@0x0000000007fefe68=>0x0000000000000000 | trap=- | asm=c.ldi [sp, 104], ->t
seq=00000236 | cyc=236 | pc=0x000000000001458a | insn=0x30ec3569000e | len=6 | next=0x0000000000014590 | op=OP_UNKNOWN | uid=0x798 | parent=0x0 | src0=r24=0x0000000000000000 | src1=- | dst=- | wb=- | mem=ST8@0x000000000001e898=0x0000000000000000 | trap=- | asm=hl.sd.pcr t#1, [0xa30e]
seq=00000237 | cyc=237 | pc=0x0000000000014590 | insn=0x1e0115 | len=4 | next=0x0000000000014594 | op=OP_UNKNOWN | uid=0x7a0 | parent=0x0 | src0=r28=0x00000000000103f5 | src1=- | dst=r2=0x00000000000103f6 | wb=r2=0x00000000000103f6 | mem=- | trap=- | asm=addi u#1, 1, ->a0
seq=00000238 | cyc=238 | pc=0x0000000000014594 | insn=0x2f00215 | len=4 | next=0x0000000000014598 | op=OP_UNKNOWN | uid=0x7a1 | parent=0x0 | src0=r0=0x0000000000000000 | src1=- | dst=r4=0x000000000000002f | wb=r4=0x000000000000002f | mem=- | trap=- | asm=addi zero, 47, ->a2
seq=00000239 | cyc=239 | pc=0x0000000000014598 | insn=0x800 | len=2 | next=0x00000000000145ae | op=OP_UNKNOWN | uid=0x7a8 | parent=0x0 | src0=- | src1=- | dst=- | wb=- | mem=- | trap=- | asm=C.BSTART.STD
seq=00000240 | cyc=240 | pc=0x00000000000145ae | insn=0xff54 | len=2 | next=0x00000000000145b0 | op=OP_UNKNOWN | uid=0x7d0 | parent=0x0 | src0=- | src1=- | dst=- | wb=- | mem=- | trap=- | asm=C.BSTART COND, 0x14598
seq=00000241 | cyc=241 | pc=0x00000000000145b0 | insn=0xfff14f99 | len=4 | next=0x00000000000145b4 | op=OP_UNKNOWN | uid=0x7d1 | parent=0x0 | src0=r2=0x00000000000103f6 | src1=- | dst=- | wb=- | mem=LD1@0x00000000000103f5=>0x0000000000000000 | trap=- | asm=lbui [a0, -1], ->t
seq=00000242 | cyc=242 | pc=0x00000000000145b4 | insn=0x60c02a5 | len=4 | next=0x00000000000145b8 | op=OP_UNKNOWN | uid=0x7d8 | parent=0x0 | src0=r24=0x0000000000000000 | src1=r0=0x0000000000000000 | dst=r5=0x0000000000000000 | wb=r5=0x0000000000000000 | mem=- | trap=- | asm=addw t#1, zero, ->a3
seq=00000243 | cyc=243 | pc=0x00000000000145b8 | insn=0x2166 | len=2 | next=0x00000000000145ba | op=OP_UNKNOWN | uid=0x7d9 | parent=0x0 | src0=r5=0x0000000000000000 | src1=r4=0x000000000000002f | dst=- | wb=- | mem=- | trap=- | asm=c.setc.eq a3, a2
seq=00000244 | cyc=244 | pc=0x00000000000145ba | insn=0xff74 | len=2 | next=0x00000000000145ba | op=OP_UNKNOWN | uid=0x7da | parent=0x0 | src0=- | src1=- | dst=- | wb=- | mem=- | trap=- | asm=C.BSTART COND, 0x145a8
seq=00000245 | cyc=245 | pc=0x00000000000145ba | insn=0xff74 | len=2 | next=0x00000000000145bc | op=OP_UNKNOWN | uid=0x800 | parent=0x0 | src0=- | src1=- | dst=- | wb=- | mem=- | trap=- | asm=C.BSTART COND, 0x145a8
seq=00000246 | cyc=246 | pc=0x00000000000145bc | insn=0x5976 | len=2 | next=0x00000000000145be | op=OP_UNKNOWN | uid=0x801 | parent=0x0 | src0=r5=0x0000000000000000 | src1=r11=0x0000000000000000 | dst=- | wb=- | mem=- | trap=- | asm=c.setc.ne a3, s0
seq=00000247 | cyc=247 | pc=0x00000000000145be | insn=0xcec001000e | len=6 | next=0x00000000000145be | op=OP_UNKNOWN | uid=0x808 | parent=0x0 | src0=- | src1=- | dst=- | wb=- | mem=- | trap=- | asm=HL.BSTART.STD CALL, 0x148f8, ra=.LBB2_27
seq=00000248 | cyc=248 | pc=0x00000000000145be | insn=0xcec001000e | len=6 | next=0x00000000000145c4 | op=OP_UNKNOWN | uid=0x820 | parent=0x0 | src0=- | src1=- | dst=- | wb=- | mem=- | trap=- | asm=HL.BSTART.STD CALL, 0x148f8, ra=.LBB2_27
seq=00000249 | cyc=249 | pc=0x00000000000145c4 | insn=0x50d6 | len=2 | next=0x00000000000145c6 | op=OP_UNKNOWN | uid=0x821 | parent=0x0 | src0=- | src1=- | dst=r10=0x00000000000145ca | wb=r10=0x00000000000145ca | mem=- | trap=-
seq=00000250 | cyc=250 | pc=0x00000000000145c6 | insn=0x3808115 | len=4 | next=0x00000000000145ca | op=OP_UNKNOWN | uid=0x828 | parent=0x0 | src0=r1=0x0000000007fefe00 | src1=- | dst=r2=0x0000000007fefe38 | wb=r2=0x0000000007fefe38 | mem=- | trap=- | asm=addi sp, 56, ->a0
seq=00000251 | cyc=251 | pc=0x00000000000145ca | insn=0xffbac001fffe | len=6 | next=0x00000000000148f8 | op=OP_UNKNOWN | uid=0x830 | parent=0x0 | src0=- | src1=- | dst=- | wb=- | mem=- | trap=- | asm=HL.BSTART.STD CALL, 0x144b4, ra=.LBB2_28
seq=00000252 | cyc=252 | pc=0x00000000000148f8 | insn=0x15150041 | len=4 | next=0x00000000000148f8 | op=OP_UNKNOWN | uid=0x874 | parent=0x848 | src0=r1=0x0000000007fefe00 | src1=- | dst=r1=0x0000000007fefdb0 | wb=r1=0x0000000007fefdb0 | mem=- | trap=- | asm=FENTRY [ra ~ s6], sp!, 80
seq=00000253 | cyc=253 | pc=0x00000000000148f8 | insn=0x15150041 | len=4 | next=0x00000000000148f8 | op=OP_UNKNOWN | uid=0x884 | parent=0x848 | src0=r10=0x00000000000145ca | src1=- | dst=- | wb=- | mem=ST8@0x0000000007fefdf8=0x00000000000145ca | trap=- | asm=FENTRY [ra ~ s6], sp!, 80
seq=00000254 | cyc=254 | pc=0x00000000000148f8 | insn=0x15150041 | len=4 | next=0x00000000000148f8 | op=OP_UNKNOWN | uid=0x894 | parent=0x848 | src0=r11=0x0000000000000000 | src1=- | dst=- | wb=- | mem=ST8@0x0000000007fefdf0=0x0000000000000000 | trap=- | asm=FENTRY [ra ~ s6], sp!, 80
seq=00000255 | cyc=255 | pc=0x00000000000148f8 | insn=0x15150041 | len=4 | next=0x00000000000148f8 | op=OP_UNKNOWN | uid=0x8a4 | parent=0x848 | src0=r12=0x0000000000000000 | src1=- | dst=- | wb=- | mem=ST8@0x0000000007fefde8=0x0000000000000000 | trap=- | asm=FENTRY [ra ~ s6], sp!, 80
seq=00000256 | cyc=256 | pc=0x00000000000148f8 | insn=0x15150041 | len=4 | next=0x00000000000148f8 | op=OP_UNKNOWN | uid=0x8b4 | parent=0x848 | src0=r13=0x0000000007ff0008 | src1=- | dst=- | wb=- | mem=ST8@0x0000000007fefde0=0x0000000007ff0008 | trap=- | asm=FENTRY [ra ~ s6], sp!, 80
seq=00000257 | cyc=257 | pc=0x00000000000148f8 | insn=0x15150041 | len=4 | next=0x00000000000148f8 | op=OP_UNKNOWN | uid=0x8c4 | parent=0x848 | src0=r14=0x0000000000000000 | src1=- | dst=- | wb=- | mem=ST8@0x0000000007fefdd8=0x0000000000000000 | trap=- | asm=FENTRY [ra ~ s6], sp!, 80
seq=00000258 | cyc=258 | pc=0x00000000000148f8 | insn=0x15150041 | len=4 | next=0x00000000000148f8 | op=OP_UNKNOWN | uid=0x8cc | parent=0x848 | src0=r15=0x0000000000000000 | src1=- | dst=- | wb=- | mem=ST8@0x0000000007fefdd0=0x0000000000000000 | trap=- | asm=FENTRY [ra ~ s6], sp!, 80
seq=00000259 | cyc=259 | pc=0x00000000000148f8 | insn=0x15150041 | len=4 | next=0x00000000000148f8 | op=OP_UNKNOWN | uid=0x8d4 | parent=0x848 | src0=r16=0x0000000000000000 | src1=- | dst=- | wb=- | mem=ST8@0x0000000007fefdc8=0x0000000000000000 | trap=- | asm=FENTRY [ra ~ s6], sp!, 80
seq=00000260 | cyc=260 | pc=0x00000000000148f8 | insn=0x15150041 | len=4 | next=0x00000000000148fc | op=OP_UNKNOWN | uid=0x8dc | parent=0x848 | src0=r17=0x0000000000000000 | src1=- | dst=- | wb=- | mem=ST8@0x0000000007fefdc0=0x0000000000000000 | trap=- | asm=FENTRY [ra ~ s6], sp!, 80
seq=00000261 | cyc=261 | pc=0x00000000000148fc | insn=0x734 | len=2 | next=0x00000000000148fe | op=OP_UNKNOWN | uid=0x850 | parent=0x0 | src0=- | src1=- | dst=- | wb=- | mem=- | trap=- | asm=C.BSTART COND, 0x149e2
seq=00000262 | cyc=262 | pc=0x00000000000148fe | insn=0x313219 | len=4 | next=0x0000000000014902 | op=OP_UNKNOWN | uid=0x851 | parent=0x0 | src0=r2=0x0000000007fefe38 | src1=- | dst=r4=0x0000000000000000 | wb=r4=0x0000000000000000 | mem=LD8@0x0000000007fefe50=>0x0000000000000000 | trap=- | asm=ldi [a0, 24], ->a2
seq=00000263 | cyc=263 | pc=0x0000000000014902 | insn=0x513299 | len=4 | next=0x0000000000014906 | op=OP_UNKNOWN | uid=0x858 | parent=0x0 | src0=r2=0x0000000007fefe38 | src1=- | dst=r5=0x0000000000000000 | wb=r5=0x0000000000000000 | mem=LD8@0x0000000007fefe60=>0x0000000000000000 | trap=- | asm=ldi [a0, 40], ->a3
seq=00000264 | cyc=264 | pc=0x0000000000014906 | insn=0x3006 | len=2 | next=0x0000000000014908 | op=OP_UNKNOWN | uid=0x859 | parent=0x0 | src0=r0=0x0000000000000000 | src1=- | dst=r6=0x0000000000000000 | wb=r6=0x0000000000000000 | mem=- | trap=- | asm=c.movr zero, ->a4
seq=00000265 | cyc=265 | pc=0x0000000000014908 | insn=0x3166 | len=2 | next=0x000000000001490a | op=OP_UNKNOWN | uid=0x85a | parent=0x0 | src0=r5=0x0000000000000000 | src1=r6=0x0000000000000000 | dst=- | wb=- | mem=- | trap=- | asm=c.setc.eq a3, a4
seq=00000266 | cyc=266 | pc=0x000000000001490a | insn=0x182 | len=2 | next=0x00000000000149e2 | op=OP_UNKNOWN | uid=0x860 | parent=0x0 | src0=- | src1=- | dst=- | wb=- | mem=- | trap=- | asm=C.BSTART DIRECT, 0x1493a
seq=00000267 | cyc=267 | pc=0x00000000000149e2 | insn=0x800 | len=2 | next=0x00000000000149e4 | op=OP_UNKNOWN | uid=0x8f8 | parent=0x0 | src0=- | src1=- | dst=- | wb=- | mem=- | trap=- | asm=C.BSTART.STD
seq=00000268 | cyc=268 | pc=0x00000000000149e4 | insn=0x4e7a3239000e | len=6 | next=0x00000000000149ea | op=OP_UNKNOWN | uid=0x8f9 | parent=0x0 | src0=- | src1=- | dst=r4=0x0000000000000000 | wb=r4=0x0000000000000000 | mem=LD8@0x000000000001e6d8=>0x0000000000000000 | trap=- | asm=hl.ld.pcr [0x9cf4], ->a2
seq=00000269 | cyc=269 | pc=0x00000000000149ea | insn=0x4e7f32b9000e | len=6 | next=0x00000000000149f0 | op=OP_UNKNOWN | uid=0x900 | parent=0x0 | src0=- | src1=- | dst=r5=0x0000000000000000 | wb=r5=0x0000000000000000 | mem=LD8@0x000000000001e6e8=>0x0000000000000000 | trap=- | asm=hl.ld.pcr [0x9cfe], ->a3
seq=00000270 | cyc=270 | pc=0x00000000000149f0 | insn=0x4e803139000e | len=6 | next=0x00000000000149f6 | op=OP_UNKNOWN | uid=0x908 | parent=0x0 | src0=- | src1=- | dst=r2=0x0000000000000000 | wb=r2=0x0000000000000000 | mem=LD8@0x000000000001e6f0=>0x0000000000000000 | trap=- | asm=hl.ld.pcr [0x9d00], ->a0
seq=00000271 | cyc=271 | pc=0x00000000000149f6 | insn=0x1a4 | len=2 | next=0x00000000000149f6 | op=OP_UNKNOWN | uid=0x909 | parent=0x0 | src0=- | src1=- | dst=- | wb=- | mem=- | trap=- | asm=C.BSTART COND, 0x14a2a
seq=00000272 | cyc=272 | pc=0x00000000000149f6 | insn=0x1a4 | len=2 | next=0x00000000000149f8 | op=OP_UNKNOWN | uid=0x928 | parent=0x0 | src0=- | src1=- | dst=- | wb=- | mem=- | trap=- | asm=C.BSTART COND, 0x14a2a
seq=00000273 | cyc=273 | pc=0x00000000000149f8 | insn=0x2148 | len=2 | next=0x00000000000149fa | op=OP_UNKNOWN | uid=0x929 | parent=0x0 | src0=r5=0x0000000000000000 | src1=r4=0x0000000000000000 | dst=- | wb=- | mem=- | trap=- | asm=c.add a3, a2, ->t
seq=00000274 | cyc=274 | pc=0x00000000000149fa | insn=0x6006 | len=2 | next=0x00000000000149fc | op=OP_UNKNOWN | uid=0x92a | parent=0x0 | src0=r0=0x0000000000000000 | src1=- | dst=r12=0x0000000000000000 | wb=r12=0x0000000000000000 | mem=- | trap=- | asm=c.movr zero, ->s1
seq=00000275 | cyc=275 | pc=0x00000000000149fc | insn=0x7861f05 | len=4 | next=0x0000000000014a00 | op=OP_UNKNOWN | uid=0x930 | parent=0x0 | src0=r12=0x0000000000000000 | src1=r24=0x0000000000000000 | dst=- | wb=- | mem=- | trap=- | asm=sub s1, t#1, ->u
seq=00000276 | cyc=276 | pc=0x0000000000014a00 | insn=0x47d6 | len=2 | next=0x0000000000014a02 | op=OP_UNKNOWN | uid=0x931 | parent=0x0 | src0=- | src1=- | dst=r8=0xffffffffffffffff | wb=r8=0xffffffffffffffff | mem=- | trap=- | asm=c.movi -1, ->a6
seq=00000277 | cyc=277 | pc=0x0000000000014a02 | insn=0x4088 | len=2 | next=0x0000000000014a04 | op=OP_UNKNOWN | uid=0x932 | parent=0x0 | src0=r2=0x0000000000000000 | src1=r8=0xffffffffffffffff | dst=- | wb=- | mem=- | trap=- | asm=c.add a0, a6, ->t
seq=00000278 | cyc=278 | pc=0x0000000000014a04 | insn=0xe628 | len=2 | next=0x0000000000014a06 | op=OP_UNKNOWN | uid=0x938 | parent=0x0 | src0=r24=0xffffffffffffffff | src1=r28=0x0000000000000000 | dst=- | wb=- | mem=- | trap=- | asm=c.and t#1, u#1, ->t
seq=00000279 | cyc=279 | pc=0x0000000000014a06 | insn=0x65c0285 | len=4 | next=0x0000000000014a0a | op=OP_UNKNOWN | uid=0x939 | parent=0x0 | src0=r24=0x0000000000000000 | src1=r5=0x0000000000000000 | dst=r5=0x0000000000000000 | wb=r5=0x0000000000000000 | mem=- | trap=- | asm=t#1, a3, ->a3
seq=00000280 | cyc=280 | pc=0x0000000000014a0a | insn=0x64ca205 | len=4 | next=0x0000000000014a0e | op=OP_UNKNOWN | uid=0x940 | parent=0x0 | src0=r25=0xffffffffffffffff | src1=r4=0x0000000000000000 | dst=r4=0x0000000000000000 | wb=r4=0x0000000000000000 | mem=- | trap=- | asm=and t#2, a2, ->a2
seq=00000281 | cyc=281 | pc=0x0000000000014a0e | insn=0xcea234e9000e | len=6 | next=0x0000000000014a14 | op=OP_UNKNOWN | uid=0x948 | parent=0x0 | src0=r4=0x0000000000000000 | src1=- | dst=- | wb=- | mem=ST8@0x000000000001e6f8=0x0000000000000000 | trap=- | asm=hl.sd.pcr a2, [0x9cea]
seq=00000282 | cyc=282 | pc=0x0000000000014a14 | insn=0xcd42b4e9000e | len=6 | next=0x0000000000014a1a | op=OP_UNKNOWN | uid=0x950 | parent=0x0 | src0=r5=0x0000000000000000 | src1=- | dst=- | wb=- | mem=ST8@0x000000000001e6e8=0x0000000000000000 | trap=- | asm=hl.sd.pcr a3, [0x9cd4]
seq=00000283 | cyc=283 | pc=0x0000000000014a1a | insn=0xf9d6 | len=2 | next=0x0000000000014a1c | op=OP_UNKNOWN | uid=0x951 | parent=0x0 | src0=- | src1=- | dst=- | wb=- | mem=- | trap=- | asm=c.movi 7, ->t
seq=00000284 | cyc=284 | pc=0x0000000000014a1c | insn=0x62c6065 | len=4 | next=0x0000000000014a20 | op=OP_UNKNOWN | uid=0x958 | parent=0x0 | src0=r24=0x0000000000000007 | src1=r2=0x0000000000000000 | dst=- | wb=- | mem=- | trap=- | asm=setc.ltu t#1, a0
seq=00000285 | cyc=285 | pc=0x0000000000014a20 | insn=0x800 | len=2 | next=0x0000000000014a20 | op=OP_UNKNOWN | uid=0x959 | parent=0x0 | src0=- | src1=- | dst=- | wb=- | mem=- | trap=- | asm=C.BSTART.STD
seq=00000286 | cyc=286 | pc=0x0000000000014a20 | insn=0x800 | len=2 | next=0x0000000000014a22 | op=OP_UNKNOWN | uid=0x978 | parent=0x0 | src0=- | src1=- | dst=- | wb=- | mem=- | trap=- | asm=C.BSTART.STD
seq=00000287 | cyc=287 | pc=0x0000000000014a22 | insn=0x1216 | len=2 | next=0x0000000000014a24 | op=OP_UNKNOWN | uid=0x979 | parent=0x0 | src0=- | src1=- | dst=r2=0x0000000000000008 | wb=r2=0x0000000000000008 | mem=- | trap=- | asm=c.movi 8, ->a0
seq=00000288 | cyc=288 | pc=0x0000000000014a24 | insn=0xccc134e9000e | len=6 | next=0x0000000000014a2a | op=OP_UNKNOWN | uid=0x980 | parent=0x0 | src0=r2=0x0000000000000008 | src1=- | dst=- | wb=- | mem=ST8@0x000000000001e6f0=0x0000000000000008 | trap=- | asm=hl.sd.pcr a0, [0x9ccc]
seq=00000289 | cyc=289 | pc=0x0000000000014a2a | insn=0x2d4 | len=2 | next=0x0000000000014a2a | op=OP_UNKNOWN | uid=0x981 | parent=0x0 | src0=- | src1=- | dst=- | wb=- | mem=- | trap=- | asm=C.BSTART COND, 0x14a84
seq=00000290 | cyc=290 | pc=0x0000000000014a2a | insn=0x2d4 | len=2 | next=0x0000000000014a2c | op=OP_UNKNOWN | uid=0x9a0 | parent=0x0 | src0=- | src1=- | dst=- | wb=- | mem=- | trap=- | asm=C.BSTART COND, 0x14a84
seq=00000291 | cyc=291 | pc=0x0000000000014a2c | insn=0x2908 | len=2 | next=0x0000000000014a2e | op=OP_UNKNOWN | uid=0x9a1 | parent=0x0 | src0=r4=0x0000000000000000 | src1=r5=0x0000000000000000 | dst=- | wb=- | mem=- | trap=- | asm=c.add a2, a3, ->t
seq=00000292 | cyc=292 | pc=0x0000000000014a2e | insn=0xe5a134e9000e | len=6 | next=0x0000000000014a34 | op=OP_UNKNOWN | uid=0x9a8 | parent=0x0 | src0=r2=0x0000000000000008 | src1=- | dst=- | wb=- | mem=ST8@0x000000000001e888=0x0000000000000008 | trap=- | asm=hl.sd.pcr a0, [0x9e5a]
seq=00000293 | cyc=293 | pc=0x0000000000014a34 | insn=0x1608 | len=2 | next=0x0000000000014a36 | op=OP_UNKNOWN | uid=0x9a9 | parent=0x0 | src0=r24=0x0000000000000000 | src1=r2=0x0000000000000008 | dst=- | wb=- | mem=- | trap=- | asm=c.add t#1, a0, ->t
seq=00000294 | cyc=294 | pc=0x0000000000014a36 | insn=0xa207 | len=4 | next=0x0000000000014a3a | op=OP_UNKNOWN | uid=0x9b0 | parent=0x0 | src0=- | src1=- | dst=r4=0x000000000001e000 | wb=r4=0x000000000001e000 | mem=- | trap=- | asm=addtpc 10, ->a2
seq=00000295 | cyc=295 | pc=0x0000000000014a3a | insn=0xdfc0f95 | len=4 | next=0x0000000000014a3e | op=OP_UNKNOWN | uid=0x9b1 | parent=0x0 | src0=r24=0x0000000000000008 | src1=- | dst=- | wb=- | mem=- | trap=- | asm=addi t#1, 223, ->t
seq=00000296 | cyc=296 | pc=0x0000000000014a3e | insn=0xff8c2715 | len=4 | next=0x0000000000014a42 | op=OP_UNKNOWN | uid=0x9b8 | parent=0x0 | src0=r24=0x00000000000000e7 | src1=- | dst=r14=0x00000000000000e0 | wb=r14=0x00000000000000e0 | mem=- | trap=- | asm=andi t#1, -8, ->s3
seq=00000297 | cyc=297 | pc=0x0000000000014a42 | insn=0xe3e734e9000e | len=6 | next=0x0000000000014a48 | op=OP_UNKNOWN | uid=0x9c0 | parent=0x0 | src0=r14=0x00000000000000e0 | src1=- | dst=- | wb=- | mem=ST8@0x000000000001e880=0x00000000000000e0 | trap=- | asm=hl.sd.pcr s3, [0x9e3e]
seq=00000298 | cyc=298 | pc=0x0000000000014a48 | insn=0x15100f95 | len=4 | next=0x0000000000014a4c | op=OP_UNKNOWN | uid=0x9c8 | parent=0x0 | src0=r0=0x0000000000000000 | src1=- | dst=- | wb=- | mem=- | trap=- | asm=addi zero, 337, ->t
seq=00000299 | cyc=299 | pc=0x0000000000014a4c | insn=0x7876065 | len=4 | next=0x0000000000014a50 | op=OP_UNKNOWN | uid=0x9c9 | parent=0x0 | src0=r14=0x00000000000000e0 | src1=r24=0x0000000000000151 | dst=- | wb=- | mem=- | trap=- | asm=setc.ltu s3, t#1

# rows=300
